<html>
<head>
<title>TestNG:  Test</title>
<link href="../testng.css" rel="stylesheet" type="text/css" />
<link href="../my-testng.css" rel="stylesheet" type="text/css" />

<style type="text/css">
.log { display: none;} 
.stack-trace { display: none;} 
</style>
<script type="text/javascript">
<!--
function flip(e) {
  current = e.style.display;
  if (current == 'block') {
    e.style.display = 'none';
    return 0;
  }
  else {
    e.style.display = 'block';
    return 1;
  }
}

function toggleBox(szDivId, elem, msg1, msg2)
{
  var res = -1;  if (document.getElementById) {
    res = flip(document.getElementById(szDivId));
  }
  else if (document.all) {
    // this is the way old msie versions work
    res = flip(document.all[szDivId]);
  }
  if(elem) {
    if(res == 0) elem.innerHTML = msg1; else elem.innerHTML = msg2;
  }

}

function toggleAllBoxes() {
  if (document.getElementsByTagName) {
    d = document.getElementsByTagName('div');
    for (i = 0; i < d.length; i++) {
      if (d[i].className == 'log') {
        flip(d[i]);
      }
    }
  }
}

// -->
</script>

</head>
<body>
<h2 align='center'>Test</h2><table border='1' align="center">
<tr>
<td>Tests passed/Failed/Skipped:</td><td>89/23/0</td>
</tr><tr>
<td>Started on:</td><td>Fri Feb 07 13:25:41 CST 2020</td>
</tr>
<tr><td>Total time:</td><td>609 seconds (609443 ms)</td>
</tr><tr>
<td>Included groups:</td><td>douyinshare pdd du xhsv1 xhsv2 douyin jingdongcps jingdong douyinlite douyinawe kuaishou </td>
</tr><tr>
<td>Excluded groups:</td><td></td>
</tr>
</table><p/>
<small><i>(Hover the method name to see the test class name)</i></small><p/>
<table width='100%' border='1' class='invocation-failed'>
<tr><td colspan='4' align='center'><b>FAILED TESTS</b></td></tr>
<tr><td><b>Test method</b></td>
<td width="30%"><b>Exception</b></td>
<td width="10%"><b>Time (seconds)</b></td>
<td><b>Instance</b></td>
</tr>
<tr>
<td title='com.tester.cases.JingDongTest.crawlPageByBrandName()'><b>crawlPageByBrandName</b><br>Test class: com.tester.cases.JingDongTest</td>
<td><div><pre>java.lang.RuntimeException: {&quot;start_time&quot;: 1581053678, &quot;code&quot;: -1, &quot;msg&quot;: &quot;失败请求返回了空结果&quot;, &quot;end_time&quot;: 1581053678}
请求url：http://47.97.206.10/api/jd/crawlPageByBrandName?brandName=三星
	at com.tester.cases.JingDongTest.crawlPageByBrandName(JingDongTest.java:63)
... Removed 28 stack frames</pre></div><a href='#' onClick='toggleBox("stack-trace2032169857", this, "Click to show all stack frames", "Click to hide stack frames")'>Click to show all stack frames</a>
<div class='stack-trace' id='stack-trace2032169857'><pre>java.lang.RuntimeException: {&quot;start_time&quot;: 1581053678, &quot;code&quot;: -1, &quot;msg&quot;: &quot;失败请求返回了空结果&quot;, &quot;end_time&quot;: 1581053678}
请求url：http://47.97.206.10/api/jd/crawlPageByBrandName?brandName=三星
	at com.tester.cases.JingDongTest.crawlPageByBrandName(JingDongTest.java:63)
	at java.base/jdk.internal.reflect.NativeMethodAccessorImpl.invoke0(Native Method)
	at java.base/jdk.internal.reflect.NativeMethodAccessorImpl.invoke(NativeMethodAccessorImpl.java:62)
	at java.base/jdk.internal.reflect.DelegatingMethodAccessorImpl.invoke(DelegatingMethodAccessorImpl.java:43)
	at java.base/java.lang.reflect.Method.invoke(Method.java:567)
	at org.testng.internal.MethodInvocationHelper.invokeMethod(MethodInvocationHelper.java:104)
	at org.testng.internal.Invoker.invokeMethod(Invoker.java:645)
	at org.testng.internal.Invoker.invokeTestMethod(Invoker.java:851)
	at org.testng.internal.Invoker.invokeTestMethods(Invoker.java:1177)
	at org.testng.internal.TestMethodWorker.invokeTestMethods(TestMethodWorker.java:129)
	at org.testng.internal.TestMethodWorker.run(TestMethodWorker.java:112)
	at org.testng.TestRunner.privateRun(TestRunner.java:756)
	at org.testng.TestRunner.run(TestRunner.java:610)
	at org.testng.SuiteRunner.runTest(SuiteRunner.java:387)
	at org.testng.SuiteRunner.runSequentially(SuiteRunner.java:382)
	at org.testng.SuiteRunner.privateRun(SuiteRunner.java:340)
	at org.testng.SuiteRunner.run(SuiteRunner.java:289)
	at org.testng.SuiteRunnerWorker.runSuite(SuiteRunnerWorker.java:52)
	at org.testng.SuiteRunnerWorker.run(SuiteRunnerWorker.java:86)
	at org.testng.TestNG.runSuitesSequentially(TestNG.java:1293)
	at org.testng.TestNG.runSuitesLocally(TestNG.java:1218)
	at org.testng.TestNG.runSuites(TestNG.java:1133)
	at org.testng.TestNG.run(TestNG.java:1104)
	at org.apache.maven.surefire.testng.TestNGExecutor.run(TestNGExecutor.java:282)
	at org.apache.maven.surefire.testng.TestNGXmlTestSuite.execute(TestNGXmlTestSuite.java:83)
	at org.apache.maven.surefire.testng.TestNGProvider.invoke(TestNGProvider.java:114)
	at org.apache.maven.surefire.booter.ForkedBooter.invokeProviderInSameClassLoader(ForkedBooter.java:286)
	at org.apache.maven.surefire.booter.ForkedBooter.runSuitesInProcess(ForkedBooter.java:240)
	at org.apache.maven.surefire.booter.ForkedBooter.main(ForkedBooter.java:121)
</pre></div></td>
<td>0</td>
<td>com.tester.cases.JingDongTest@401e7803</td></tr>
<tr>
<td title='com.tester.cases.JingDongTest.crawlShopDetails()'><b>crawlShopDetails</b><br>Test class: com.tester.cases.JingDongTest</td>
<td><div><pre>java.lang.RuntimeException: {&quot;start_time&quot;: 1581053678, &quot;code&quot;: -1, &quot;msg&quot;: &quot;失败请求返回了空结果&quot;, &quot;end_time&quot;: 1581053678}
请求url：http://47.97.206.10/api/jd/crawlShopDetails?shop_list=[1000000925]
	at com.tester.cases.JingDongTest.crawlShopDetails(JingDongTest.java:153)
... Removed 28 stack frames</pre></div><a href='#' onClick='toggleBox("stack-trace1515877023", this, "Click to show all stack frames", "Click to hide stack frames")'>Click to show all stack frames</a>
<div class='stack-trace' id='stack-trace1515877023'><pre>java.lang.RuntimeException: {&quot;start_time&quot;: 1581053678, &quot;code&quot;: -1, &quot;msg&quot;: &quot;失败请求返回了空结果&quot;, &quot;end_time&quot;: 1581053678}
请求url：http://47.97.206.10/api/jd/crawlShopDetails?shop_list=[1000000925]
	at com.tester.cases.JingDongTest.crawlShopDetails(JingDongTest.java:153)
	at java.base/jdk.internal.reflect.NativeMethodAccessorImpl.invoke0(Native Method)
	at java.base/jdk.internal.reflect.NativeMethodAccessorImpl.invoke(NativeMethodAccessorImpl.java:62)
	at java.base/jdk.internal.reflect.DelegatingMethodAccessorImpl.invoke(DelegatingMethodAccessorImpl.java:43)
	at java.base/java.lang.reflect.Method.invoke(Method.java:567)
	at org.testng.internal.MethodInvocationHelper.invokeMethod(MethodInvocationHelper.java:104)
	at org.testng.internal.Invoker.invokeMethod(Invoker.java:645)
	at org.testng.internal.Invoker.invokeTestMethod(Invoker.java:851)
	at org.testng.internal.Invoker.invokeTestMethods(Invoker.java:1177)
	at org.testng.internal.TestMethodWorker.invokeTestMethods(TestMethodWorker.java:129)
	at org.testng.internal.TestMethodWorker.run(TestMethodWorker.java:112)
	at org.testng.TestRunner.privateRun(TestRunner.java:756)
	at org.testng.TestRunner.run(TestRunner.java:610)
	at org.testng.SuiteRunner.runTest(SuiteRunner.java:387)
	at org.testng.SuiteRunner.runSequentially(SuiteRunner.java:382)
	at org.testng.SuiteRunner.privateRun(SuiteRunner.java:340)
	at org.testng.SuiteRunner.run(SuiteRunner.java:289)
	at org.testng.SuiteRunnerWorker.runSuite(SuiteRunnerWorker.java:52)
	at org.testng.SuiteRunnerWorker.run(SuiteRunnerWorker.java:86)
	at org.testng.TestNG.runSuitesSequentially(TestNG.java:1293)
	at org.testng.TestNG.runSuitesLocally(TestNG.java:1218)
	at org.testng.TestNG.runSuites(TestNG.java:1133)
	at org.testng.TestNG.run(TestNG.java:1104)
	at org.apache.maven.surefire.testng.TestNGExecutor.run(TestNGExecutor.java:282)
	at org.apache.maven.surefire.testng.TestNGXmlTestSuite.execute(TestNGXmlTestSuite.java:83)
	at org.apache.maven.surefire.testng.TestNGProvider.invoke(TestNGProvider.java:114)
	at org.apache.maven.surefire.booter.ForkedBooter.invokeProviderInSameClassLoader(ForkedBooter.java:286)
	at org.apache.maven.surefire.booter.ForkedBooter.runSuitesInProcess(ForkedBooter.java:240)
	at org.apache.maven.surefire.booter.ForkedBooter.main(ForkedBooter.java:121)
</pre></div></td>
<td>0</td>
<td>com.tester.cases.JingDongTest@401e7803</td></tr>
<tr>
<td title='com.tester.cases.DouyinAweTest.get_aweme_comment()'><b>get_aweme_comment</b><br>Test class: com.tester.cases.DouyinAweTest</td>
<td><div><pre>com.alibaba.fastjson.JSONException: syntax error, pos 1, json : &lt;!DOCTYPE HTML PUBLIC &quot;-//W3C//DTD HTML 3.2 Final//EN&quot;&gt;
&lt;title&gt;500 Internal Server Error&lt;/title&gt;
&lt;h1&gt;Internal Server Error&lt;/h1&gt;
&lt;p&gt;The server encountered an internal error and was unable to complete your request.  Either the server is overloaded or there is an error in the application.&lt;/p&gt;

	at com.alibaba.fastjson.parser.DefaultJSONParser.parse(DefaultJSONParser.java:1436)
	at com.alibaba.fastjson.parser.DefaultJSONParser.parse(DefaultJSONParser.java:1322)
	at com.alibaba.fastjson.JSON.parse(JSON.java:152)
	at com.alibaba.fastjson.JSON.parse(JSON.java:162)
	at com.alibaba.fastjson.JSON.parse(JSON.java:131)
	at com.alibaba.fastjson.JSON.parseObject(JSON.java:223)
	at com.tester.cases.DouyinAweTest.get_aweme_comment(DouyinAweTest.java:115)
... Removed 28 stack frames</pre></div><a href='#' onClick='toggleBox("stack-trace1267556427", this, "Click to show all stack frames", "Click to hide stack frames")'>Click to show all stack frames</a>
<div class='stack-trace' id='stack-trace1267556427'><pre>com.alibaba.fastjson.JSONException: syntax error, pos 1, json : &lt;!DOCTYPE HTML PUBLIC &quot;-//W3C//DTD HTML 3.2 Final//EN&quot;&gt;
&lt;title&gt;500 Internal Server Error&lt;/title&gt;
&lt;h1&gt;Internal Server Error&lt;/h1&gt;
&lt;p&gt;The server encountered an internal error and was unable to complete your request.  Either the server is overloaded or there is an error in the application.&lt;/p&gt;

	at com.alibaba.fastjson.parser.DefaultJSONParser.parse(DefaultJSONParser.java:1436)
	at com.alibaba.fastjson.parser.DefaultJSONParser.parse(DefaultJSONParser.java:1322)
	at com.alibaba.fastjson.JSON.parse(JSON.java:152)
	at com.alibaba.fastjson.JSON.parse(JSON.java:162)
	at com.alibaba.fastjson.JSON.parse(JSON.java:131)
	at com.alibaba.fastjson.JSON.parseObject(JSON.java:223)
	at com.tester.cases.DouyinAweTest.get_aweme_comment(DouyinAweTest.java:115)
	at java.base/jdk.internal.reflect.NativeMethodAccessorImpl.invoke0(Native Method)
	at java.base/jdk.internal.reflect.NativeMethodAccessorImpl.invoke(NativeMethodAccessorImpl.java:62)
	at java.base/jdk.internal.reflect.DelegatingMethodAccessorImpl.invoke(DelegatingMethodAccessorImpl.java:43)
	at java.base/java.lang.reflect.Method.invoke(Method.java:567)
	at org.testng.internal.MethodInvocationHelper.invokeMethod(MethodInvocationHelper.java:104)
	at org.testng.internal.Invoker.invokeMethod(Invoker.java:645)
	at org.testng.internal.Invoker.invokeTestMethod(Invoker.java:851)
	at org.testng.internal.Invoker.invokeTestMethods(Invoker.java:1177)
	at org.testng.internal.TestMethodWorker.invokeTestMethods(TestMethodWorker.java:129)
	at org.testng.internal.TestMethodWorker.run(TestMethodWorker.java:112)
	at org.testng.TestRunner.privateRun(TestRunner.java:756)
	at org.testng.TestRunner.run(TestRunner.java:610)
	at org.testng.SuiteRunner.runTest(SuiteRunner.java:387)
	at org.testng.SuiteRunner.runSequentially(SuiteRunner.java:382)
	at org.testng.SuiteRunner.privateRun(SuiteRunner.java:340)
	at org.testng.SuiteRunner.run(SuiteRunner.java:289)
	at org.testng.SuiteRunnerWorker.runSuite(SuiteRunnerWorker.java:52)
	at org.testng.SuiteRunnerWorker.run(SuiteRunnerWorker.java:86)
	at org.testng.TestNG.runSuitesSequentially(TestNG.java:1293)
	at org.testng.TestNG.runSuitesLocally(TestNG.java:1218)
	at org.testng.TestNG.runSuites(TestNG.java:1133)
	at org.testng.TestNG.run(TestNG.java:1104)
	at org.apache.maven.surefire.testng.TestNGExecutor.run(TestNGExecutor.java:282)
	at org.apache.maven.surefire.testng.TestNGXmlTestSuite.execute(TestNGXmlTestSuite.java:83)
	at org.apache.maven.surefire.testng.TestNGProvider.invoke(TestNGProvider.java:114)
	at org.apache.maven.surefire.booter.ForkedBooter.invokeProviderInSameClassLoader(ForkedBooter.java:286)
	at org.apache.maven.surefire.booter.ForkedBooter.runSuitesInProcess(ForkedBooter.java:240)
	at org.apache.maven.surefire.booter.ForkedBooter.main(ForkedBooter.java:121)
</pre></div></td>
<td>0</td>
<td>com.tester.cases.DouyinAweTest@150c158</td></tr>
<tr>
<td title='com.tester.cases.DouyinAweTest.get_aweme_info()'><b>get_aweme_info</b><br>Test class: com.tester.cases.DouyinAweTest</td>
<td><div><pre>java.lang.RuntimeException: {&quot;start_time&quot;: 1581053582, &quot;code&quot;: -1, &quot;msg&quot;: &quot;失败&quot;, &quot;end_time&quot;: 1581053582}
请求url：http://47.97.206.10/api/douyin_awe/get_aweme_info?aweme_id=6729436911498267908
	at com.tester.cases.DouyinAweTest.get_aweme_info(DouyinAweTest.java:153)
... Removed 28 stack frames</pre></div><a href='#' onClick='toggleBox("stack-trace223693919", this, "Click to show all stack frames", "Click to hide stack frames")'>Click to show all stack frames</a>
<div class='stack-trace' id='stack-trace223693919'><pre>java.lang.RuntimeException: {&quot;start_time&quot;: 1581053582, &quot;code&quot;: -1, &quot;msg&quot;: &quot;失败&quot;, &quot;end_time&quot;: 1581053582}
请求url：http://47.97.206.10/api/douyin_awe/get_aweme_info?aweme_id=6729436911498267908
	at com.tester.cases.DouyinAweTest.get_aweme_info(DouyinAweTest.java:153)
	at java.base/jdk.internal.reflect.NativeMethodAccessorImpl.invoke0(Native Method)
	at java.base/jdk.internal.reflect.NativeMethodAccessorImpl.invoke(NativeMethodAccessorImpl.java:62)
	at java.base/jdk.internal.reflect.DelegatingMethodAccessorImpl.invoke(DelegatingMethodAccessorImpl.java:43)
	at java.base/java.lang.reflect.Method.invoke(Method.java:567)
	at org.testng.internal.MethodInvocationHelper.invokeMethod(MethodInvocationHelper.java:104)
	at org.testng.internal.Invoker.invokeMethod(Invoker.java:645)
	at org.testng.internal.Invoker.invokeTestMethod(Invoker.java:851)
	at org.testng.internal.Invoker.invokeTestMethods(Invoker.java:1177)
	at org.testng.internal.TestMethodWorker.invokeTestMethods(TestMethodWorker.java:129)
	at org.testng.internal.TestMethodWorker.run(TestMethodWorker.java:112)
	at org.testng.TestRunner.privateRun(TestRunner.java:756)
	at org.testng.TestRunner.run(TestRunner.java:610)
	at org.testng.SuiteRunner.runTest(SuiteRunner.java:387)
	at org.testng.SuiteRunner.runSequentially(SuiteRunner.java:382)
	at org.testng.SuiteRunner.privateRun(SuiteRunner.java:340)
	at org.testng.SuiteRunner.run(SuiteRunner.java:289)
	at org.testng.SuiteRunnerWorker.runSuite(SuiteRunnerWorker.java:52)
	at org.testng.SuiteRunnerWorker.run(SuiteRunnerWorker.java:86)
	at org.testng.TestNG.runSuitesSequentially(TestNG.java:1293)
	at org.testng.TestNG.runSuitesLocally(TestNG.java:1218)
	at org.testng.TestNG.runSuites(TestNG.java:1133)
	at org.testng.TestNG.run(TestNG.java:1104)
	at org.apache.maven.surefire.testng.TestNGExecutor.run(TestNGExecutor.java:282)
	at org.apache.maven.surefire.testng.TestNGXmlTestSuite.execute(TestNGXmlTestSuite.java:83)
	at org.apache.maven.surefire.testng.TestNGProvider.invoke(TestNGProvider.java:114)
	at org.apache.maven.surefire.booter.ForkedBooter.invokeProviderInSameClassLoader(ForkedBooter.java:286)
	at org.apache.maven.surefire.booter.ForkedBooter.runSuitesInProcess(ForkedBooter.java:240)
	at org.apache.maven.surefire.booter.ForkedBooter.main(ForkedBooter.java:121)
</pre></div></td>
<td>0</td>
<td>com.tester.cases.DouyinAweTest@150c158</td></tr>
<tr>
<td title='com.tester.cases.DouyinAweTest.get_aweme_list()'><b>get_aweme_list</b><br>Test class: com.tester.cases.DouyinAweTest</td>
<td><div><pre>java.lang.RuntimeException: {&quot;start_time&quot;: 1581053582, &quot;code&quot;: -1, &quot;msg&quot;: &quot;失败，采集失败..&quot;, &quot;end_time&quot;: 1581053673}
请求url：http://47.97.206.10/api/douyin_awe/get_aweme_list?sec_uid=MS4wLjABAAAAvcLIWOv1lqH4NrB1CM-rcPGIEmaI8z8_51rYmz00Apo&amp;cursor=0
	at com.tester.cases.DouyinAweTest.get_aweme_list(DouyinAweTest.java:93)
... Removed 28 stack frames</pre></div><a href='#' onClick='toggleBox("stack-trace871160466", this, "Click to show all stack frames", "Click to hide stack frames")'>Click to show all stack frames</a>
<div class='stack-trace' id='stack-trace871160466'><pre>java.lang.RuntimeException: {&quot;start_time&quot;: 1581053582, &quot;code&quot;: -1, &quot;msg&quot;: &quot;失败，采集失败..&quot;, &quot;end_time&quot;: 1581053673}
请求url：http://47.97.206.10/api/douyin_awe/get_aweme_list?sec_uid=MS4wLjABAAAAvcLIWOv1lqH4NrB1CM-rcPGIEmaI8z8_51rYmz00Apo&amp;cursor=0
	at com.tester.cases.DouyinAweTest.get_aweme_list(DouyinAweTest.java:93)
	at java.base/jdk.internal.reflect.NativeMethodAccessorImpl.invoke0(Native Method)
	at java.base/jdk.internal.reflect.NativeMethodAccessorImpl.invoke(NativeMethodAccessorImpl.java:62)
	at java.base/jdk.internal.reflect.DelegatingMethodAccessorImpl.invoke(DelegatingMethodAccessorImpl.java:43)
	at java.base/java.lang.reflect.Method.invoke(Method.java:567)
	at org.testng.internal.MethodInvocationHelper.invokeMethod(MethodInvocationHelper.java:104)
	at org.testng.internal.Invoker.invokeMethod(Invoker.java:645)
	at org.testng.internal.Invoker.invokeTestMethod(Invoker.java:851)
	at org.testng.internal.Invoker.invokeTestMethods(Invoker.java:1177)
	at org.testng.internal.TestMethodWorker.invokeTestMethods(TestMethodWorker.java:129)
	at org.testng.internal.TestMethodWorker.run(TestMethodWorker.java:112)
	at org.testng.TestRunner.privateRun(TestRunner.java:756)
	at org.testng.TestRunner.run(TestRunner.java:610)
	at org.testng.SuiteRunner.runTest(SuiteRunner.java:387)
	at org.testng.SuiteRunner.runSequentially(SuiteRunner.java:382)
	at org.testng.SuiteRunner.privateRun(SuiteRunner.java:340)
	at org.testng.SuiteRunner.run(SuiteRunner.java:289)
	at org.testng.SuiteRunnerWorker.runSuite(SuiteRunnerWorker.java:52)
	at org.testng.SuiteRunnerWorker.run(SuiteRunnerWorker.java:86)
	at org.testng.TestNG.runSuitesSequentially(TestNG.java:1293)
	at org.testng.TestNG.runSuitesLocally(TestNG.java:1218)
	at org.testng.TestNG.runSuites(TestNG.java:1133)
	at org.testng.TestNG.run(TestNG.java:1104)
	at org.apache.maven.surefire.testng.TestNGExecutor.run(TestNGExecutor.java:282)
	at org.apache.maven.surefire.testng.TestNGXmlTestSuite.execute(TestNGXmlTestSuite.java:83)
	at org.apache.maven.surefire.testng.TestNGProvider.invoke(TestNGProvider.java:114)
	at org.apache.maven.surefire.booter.ForkedBooter.invokeProviderInSameClassLoader(ForkedBooter.java:286)
	at org.apache.maven.surefire.booter.ForkedBooter.runSuitesInProcess(ForkedBooter.java:240)
	at org.apache.maven.surefire.booter.ForkedBooter.main(ForkedBooter.java:121)
</pre></div></td>
<td>91</td>
<td>com.tester.cases.DouyinAweTest@150c158</td></tr>
<tr>
<td title='com.tester.cases.DouyinTest.get_share_video_detail()'><b>get_share_video_detail</b><br>Test class: com.tester.cases.DouyinTest</td>
<td><div><pre>java.lang.RuntimeException: {&quot;start_time&quot;: 1581053270, &quot;code&quot;: -1, &quot;msg&quot;: &quot;失败&quot;, &quot;end_time&quot;: 1581053279}
请求url：http://47.97.206.10/api/douyin/get_share_video_detail?url=http://v.douyin.com/UyrYGY/
	at com.tester.cases.DouyinTest.get_share_video_detail(DouyinTest.java:63)
... Removed 28 stack frames</pre></div><a href='#' onClick='toggleBox("stack-trace1293680734", this, "Click to show all stack frames", "Click to hide stack frames")'>Click to show all stack frames</a>
<div class='stack-trace' id='stack-trace1293680734'><pre>java.lang.RuntimeException: {&quot;start_time&quot;: 1581053270, &quot;code&quot;: -1, &quot;msg&quot;: &quot;失败&quot;, &quot;end_time&quot;: 1581053279}
请求url：http://47.97.206.10/api/douyin/get_share_video_detail?url=http://v.douyin.com/UyrYGY/
	at com.tester.cases.DouyinTest.get_share_video_detail(DouyinTest.java:63)
	at java.base/jdk.internal.reflect.NativeMethodAccessorImpl.invoke0(Native Method)
	at java.base/jdk.internal.reflect.NativeMethodAccessorImpl.invoke(NativeMethodAccessorImpl.java:62)
	at java.base/jdk.internal.reflect.DelegatingMethodAccessorImpl.invoke(DelegatingMethodAccessorImpl.java:43)
	at java.base/java.lang.reflect.Method.invoke(Method.java:567)
	at org.testng.internal.MethodInvocationHelper.invokeMethod(MethodInvocationHelper.java:104)
	at org.testng.internal.Invoker.invokeMethod(Invoker.java:645)
	at org.testng.internal.Invoker.invokeTestMethod(Invoker.java:851)
	at org.testng.internal.Invoker.invokeTestMethods(Invoker.java:1177)
	at org.testng.internal.TestMethodWorker.invokeTestMethods(TestMethodWorker.java:129)
	at org.testng.internal.TestMethodWorker.run(TestMethodWorker.java:112)
	at org.testng.TestRunner.privateRun(TestRunner.java:756)
	at org.testng.TestRunner.run(TestRunner.java:610)
	at org.testng.SuiteRunner.runTest(SuiteRunner.java:387)
	at org.testng.SuiteRunner.runSequentially(SuiteRunner.java:382)
	at org.testng.SuiteRunner.privateRun(SuiteRunner.java:340)
	at org.testng.SuiteRunner.run(SuiteRunner.java:289)
	at org.testng.SuiteRunnerWorker.runSuite(SuiteRunnerWorker.java:52)
	at org.testng.SuiteRunnerWorker.run(SuiteRunnerWorker.java:86)
	at org.testng.TestNG.runSuitesSequentially(TestNG.java:1293)
	at org.testng.TestNG.runSuitesLocally(TestNG.java:1218)
	at org.testng.TestNG.runSuites(TestNG.java:1133)
	at org.testng.TestNG.run(TestNG.java:1104)
	at org.apache.maven.surefire.testng.TestNGExecutor.run(TestNGExecutor.java:282)
	at org.apache.maven.surefire.testng.TestNGXmlTestSuite.execute(TestNGXmlTestSuite.java:83)
	at org.apache.maven.surefire.testng.TestNGProvider.invoke(TestNGProvider.java:114)
	at org.apache.maven.surefire.booter.ForkedBooter.invokeProviderInSameClassLoader(ForkedBooter.java:286)
	at org.apache.maven.surefire.booter.ForkedBooter.runSuitesInProcess(ForkedBooter.java:240)
	at org.apache.maven.surefire.booter.ForkedBooter.main(ForkedBooter.java:121)
</pre></div></td>
<td>9</td>
<td>com.tester.cases.DouyinTest@544a2ea6</td></tr>
<tr>
<td title='com.tester.cases.DouyinTest.get_user_forward_list()'><b>get_user_forward_list</b><br>Test class: com.tester.cases.DouyinTest</td>
<td><div><pre>java.lang.RuntimeException: {&quot;start_time&quot;: 1581053283, &quot;code&quot;: -1, &quot;msg&quot;: &quot;失败&quot;, &quot;end_time&quot;: 1581053293}
请求url：http://47.97.206.10/api/douyin/get_user_forward_list?user_id=102388086611&amp;max_cursor=0&amp;count=20
	at com.tester.cases.DouyinTest.get_user_forward_list(DouyinTest.java:183)
... Removed 28 stack frames</pre></div><a href='#' onClick='toggleBox("stack-trace2083999882", this, "Click to show all stack frames", "Click to hide stack frames")'>Click to show all stack frames</a>
<div class='stack-trace' id='stack-trace2083999882'><pre>java.lang.RuntimeException: {&quot;start_time&quot;: 1581053283, &quot;code&quot;: -1, &quot;msg&quot;: &quot;失败&quot;, &quot;end_time&quot;: 1581053293}
请求url：http://47.97.206.10/api/douyin/get_user_forward_list?user_id=102388086611&amp;max_cursor=0&amp;count=20
	at com.tester.cases.DouyinTest.get_user_forward_list(DouyinTest.java:183)
	at java.base/jdk.internal.reflect.NativeMethodAccessorImpl.invoke0(Native Method)
	at java.base/jdk.internal.reflect.NativeMethodAccessorImpl.invoke(NativeMethodAccessorImpl.java:62)
	at java.base/jdk.internal.reflect.DelegatingMethodAccessorImpl.invoke(DelegatingMethodAccessorImpl.java:43)
	at java.base/java.lang.reflect.Method.invoke(Method.java:567)
	at org.testng.internal.MethodInvocationHelper.invokeMethod(MethodInvocationHelper.java:104)
	at org.testng.internal.Invoker.invokeMethod(Invoker.java:645)
	at org.testng.internal.Invoker.invokeTestMethod(Invoker.java:851)
	at org.testng.internal.Invoker.invokeTestMethods(Invoker.java:1177)
	at org.testng.internal.TestMethodWorker.invokeTestMethods(TestMethodWorker.java:129)
	at org.testng.internal.TestMethodWorker.run(TestMethodWorker.java:112)
	at org.testng.TestRunner.privateRun(TestRunner.java:756)
	at org.testng.TestRunner.run(TestRunner.java:610)
	at org.testng.SuiteRunner.runTest(SuiteRunner.java:387)
	at org.testng.SuiteRunner.runSequentially(SuiteRunner.java:382)
	at org.testng.SuiteRunner.privateRun(SuiteRunner.java:340)
	at org.testng.SuiteRunner.run(SuiteRunner.java:289)
	at org.testng.SuiteRunnerWorker.runSuite(SuiteRunnerWorker.java:52)
	at org.testng.SuiteRunnerWorker.run(SuiteRunnerWorker.java:86)
	at org.testng.TestNG.runSuitesSequentially(TestNG.java:1293)
	at org.testng.TestNG.runSuitesLocally(TestNG.java:1218)
	at org.testng.TestNG.runSuites(TestNG.java:1133)
	at org.testng.TestNG.run(TestNG.java:1104)
	at org.apache.maven.surefire.testng.TestNGExecutor.run(TestNGExecutor.java:282)
	at org.apache.maven.surefire.testng.TestNGXmlTestSuite.execute(TestNGXmlTestSuite.java:83)
	at org.apache.maven.surefire.testng.TestNGProvider.invoke(TestNGProvider.java:114)
	at org.apache.maven.surefire.booter.ForkedBooter.invokeProviderInSameClassLoader(ForkedBooter.java:286)
	at org.apache.maven.surefire.booter.ForkedBooter.runSuitesInProcess(ForkedBooter.java:240)
	at org.apache.maven.surefire.booter.ForkedBooter.main(ForkedBooter.java:121)
</pre></div></td>
<td>10</td>
<td>com.tester.cases.DouyinTest@544a2ea6</td></tr>
<tr>
<td title='com.tester.cases.DouyinLiteTest.get_user_info()'><b>get_user_info</b><br>Test class: com.tester.cases.DouyinLiteTest</td>
<td><div><pre>com.alibaba.fastjson.JSONException: syntax error, pos 1, json : &lt;!DOCTYPE html&gt;
&lt;html&gt;
&lt;head&gt;
&lt;title&gt;Error&lt;/title&gt;
&lt;style&gt;
    body {
        width: 35em;
        margin: 0 auto;
        font-family: Tahoma, Verdana, Arial, sans-serif;
    }
&lt;/style&gt;
&lt;/head&gt;
&lt;body&gt;
&lt;h1&gt;An error occurred.&lt;/h1&gt;
&lt;p&gt;Sorry, the page you are looking for is currently unavailable.&lt;br/&gt;
Please try again later.&lt;/p&gt;
&lt;p&gt;If you are the system administrator of this resource then you should check
the &lt;a href=&quot;http://nginx.org/r/error_log&quot;&gt;error log&lt;/a&gt; for details.&lt;/p&gt;
&lt;p&gt;&lt;em&gt;Faithfully yours, nginx.&lt;/em&gt;&lt;/p&gt;
&lt;/body&gt;
&lt;/html&gt;

	at com.alibaba.fastjson.parser.DefaultJSONParser.parse(DefaultJSONParser.java:1436)
	at com.alibaba.fastjson.parser.DefaultJSONParser.parse(DefaultJSONParser.java:1322)
	at com.alibaba.fastjson.JSON.parse(JSON.java:152)
	at com.alibaba.fastjson.JSON.parse(JSON.java:162)
	at com.alibaba.fastjson.JSON.parse(JSON.java:131)
	at com.alibaba.fastjson.JSON.parseObject(JSON.java:223)
	at com.tester.cases.DouyinLiteTest.get_user_info(DouyinLiteTest.java:115)
... Removed 28 stack frames</pre></div><a href='#' onClick='toggleBox("stack-trace1864387098", this, "Click to show all stack frames", "Click to hide stack frames")'>Click to show all stack frames</a>
<div class='stack-trace' id='stack-trace1864387098'><pre>com.alibaba.fastjson.JSONException: syntax error, pos 1, json : &lt;!DOCTYPE html&gt;
&lt;html&gt;
&lt;head&gt;
&lt;title&gt;Error&lt;/title&gt;
&lt;style&gt;
    body {
        width: 35em;
        margin: 0 auto;
        font-family: Tahoma, Verdana, Arial, sans-serif;
    }
&lt;/style&gt;
&lt;/head&gt;
&lt;body&gt;
&lt;h1&gt;An error occurred.&lt;/h1&gt;
&lt;p&gt;Sorry, the page you are looking for is currently unavailable.&lt;br/&gt;
Please try again later.&lt;/p&gt;
&lt;p&gt;If you are the system administrator of this resource then you should check
the &lt;a href=&quot;http://nginx.org/r/error_log&quot;&gt;error log&lt;/a&gt; for details.&lt;/p&gt;
&lt;p&gt;&lt;em&gt;Faithfully yours, nginx.&lt;/em&gt;&lt;/p&gt;
&lt;/body&gt;
&lt;/html&gt;

	at com.alibaba.fastjson.parser.DefaultJSONParser.parse(DefaultJSONParser.java:1436)
	at com.alibaba.fastjson.parser.DefaultJSONParser.parse(DefaultJSONParser.java:1322)
	at com.alibaba.fastjson.JSON.parse(JSON.java:152)
	at com.alibaba.fastjson.JSON.parse(JSON.java:162)
	at com.alibaba.fastjson.JSON.parse(JSON.java:131)
	at com.alibaba.fastjson.JSON.parseObject(JSON.java:223)
	at com.tester.cases.DouyinLiteTest.get_user_info(DouyinLiteTest.java:115)
	at java.base/jdk.internal.reflect.NativeMethodAccessorImpl.invoke0(Native Method)
	at java.base/jdk.internal.reflect.NativeMethodAccessorImpl.invoke(NativeMethodAccessorImpl.java:62)
	at java.base/jdk.internal.reflect.DelegatingMethodAccessorImpl.invoke(DelegatingMethodAccessorImpl.java:43)
	at java.base/java.lang.reflect.Method.invoke(Method.java:567)
	at org.testng.internal.MethodInvocationHelper.invokeMethod(MethodInvocationHelper.java:104)
	at org.testng.internal.Invoker.invokeMethod(Invoker.java:645)
	at org.testng.internal.Invoker.invokeTestMethod(Invoker.java:851)
	at org.testng.internal.Invoker.invokeTestMethods(Invoker.java:1177)
	at org.testng.internal.TestMethodWorker.invokeTestMethods(TestMethodWorker.java:129)
	at org.testng.internal.TestMethodWorker.run(TestMethodWorker.java:112)
	at org.testng.TestRunner.privateRun(TestRunner.java:756)
	at org.testng.TestRunner.run(TestRunner.java:610)
	at org.testng.SuiteRunner.runTest(SuiteRunner.java:387)
	at org.testng.SuiteRunner.runSequentially(SuiteRunner.java:382)
	at org.testng.SuiteRunner.privateRun(SuiteRunner.java:340)
	at org.testng.SuiteRunner.run(SuiteRunner.java:289)
	at org.testng.SuiteRunnerWorker.runSuite(SuiteRunnerWorker.java:52)
	at org.testng.SuiteRunnerWorker.run(SuiteRunnerWorker.java:86)
	at org.testng.TestNG.runSuitesSequentially(TestNG.java:1293)
	at org.testng.TestNG.runSuitesLocally(TestNG.java:1218)
	at org.testng.TestNG.runSuites(TestNG.java:1133)
	at org.testng.TestNG.run(TestNG.java:1104)
	at org.apache.maven.surefire.testng.TestNGExecutor.run(TestNGExecutor.java:282)
	at org.apache.maven.surefire.testng.TestNGXmlTestSuite.execute(TestNGXmlTestSuite.java:83)
	at org.apache.maven.surefire.testng.TestNGProvider.invoke(TestNGProvider.java:114)
	at org.apache.maven.surefire.booter.ForkedBooter.invokeProviderInSameClassLoader(ForkedBooter.java:286)
	at org.apache.maven.surefire.booter.ForkedBooter.runSuitesInProcess(ForkedBooter.java:240)
	at org.apache.maven.surefire.booter.ForkedBooter.main(ForkedBooter.java:121)
</pre></div></td>
<td>100</td>
<td>com.tester.cases.DouyinLiteTest@2e3fc542</td></tr>
<tr>
<td title='com.tester.cases.DouyinAweTest.get_user_info()'><b>get_user_info</b><br>Test class: com.tester.cases.DouyinAweTest</td>
<td><div><pre>java.lang.RuntimeException: {&quot;start_time&quot;: 1581053674, &quot;code&quot;: -1, &quot;msg&quot;: &quot;失败&quot;, &quot;end_time&quot;: 1581053675}
请求url：http://47.97.206.10/api/douyin_awe/get_user_info?sec_uid=MS4wLjABAAAAvcLIWOv1lqH4NrB1CM-rcPGIEmaI8z8_51rYmz00Apo
	at com.tester.cases.DouyinAweTest.get_user_info(DouyinAweTest.java:32)
... Removed 28 stack frames</pre></div><a href='#' onClick='toggleBox("stack-trace859654796", this, "Click to show all stack frames", "Click to hide stack frames")'>Click to show all stack frames</a>
<div class='stack-trace' id='stack-trace859654796'><pre>java.lang.RuntimeException: {&quot;start_time&quot;: 1581053674, &quot;code&quot;: -1, &quot;msg&quot;: &quot;失败&quot;, &quot;end_time&quot;: 1581053675}
请求url：http://47.97.206.10/api/douyin_awe/get_user_info?sec_uid=MS4wLjABAAAAvcLIWOv1lqH4NrB1CM-rcPGIEmaI8z8_51rYmz00Apo
	at com.tester.cases.DouyinAweTest.get_user_info(DouyinAweTest.java:32)
	at java.base/jdk.internal.reflect.NativeMethodAccessorImpl.invoke0(Native Method)
	at java.base/jdk.internal.reflect.NativeMethodAccessorImpl.invoke(NativeMethodAccessorImpl.java:62)
	at java.base/jdk.internal.reflect.DelegatingMethodAccessorImpl.invoke(DelegatingMethodAccessorImpl.java:43)
	at java.base/java.lang.reflect.Method.invoke(Method.java:567)
	at org.testng.internal.MethodInvocationHelper.invokeMethod(MethodInvocationHelper.java:104)
	at org.testng.internal.Invoker.invokeMethod(Invoker.java:645)
	at org.testng.internal.Invoker.invokeTestMethod(Invoker.java:851)
	at org.testng.internal.Invoker.invokeTestMethods(Invoker.java:1177)
	at org.testng.internal.TestMethodWorker.invokeTestMethods(TestMethodWorker.java:129)
	at org.testng.internal.TestMethodWorker.run(TestMethodWorker.java:112)
	at org.testng.TestRunner.privateRun(TestRunner.java:756)
	at org.testng.TestRunner.run(TestRunner.java:610)
	at org.testng.SuiteRunner.runTest(SuiteRunner.java:387)
	at org.testng.SuiteRunner.runSequentially(SuiteRunner.java:382)
	at org.testng.SuiteRunner.privateRun(SuiteRunner.java:340)
	at org.testng.SuiteRunner.run(SuiteRunner.java:289)
	at org.testng.SuiteRunnerWorker.runSuite(SuiteRunnerWorker.java:52)
	at org.testng.SuiteRunnerWorker.run(SuiteRunnerWorker.java:86)
	at org.testng.TestNG.runSuitesSequentially(TestNG.java:1293)
	at org.testng.TestNG.runSuitesLocally(TestNG.java:1218)
	at org.testng.TestNG.runSuites(TestNG.java:1133)
	at org.testng.TestNG.run(TestNG.java:1104)
	at org.apache.maven.surefire.testng.TestNGExecutor.run(TestNGExecutor.java:282)
	at org.apache.maven.surefire.testng.TestNGXmlTestSuite.execute(TestNGXmlTestSuite.java:83)
	at org.apache.maven.surefire.testng.TestNGProvider.invoke(TestNGProvider.java:114)
	at org.apache.maven.surefire.booter.ForkedBooter.invokeProviderInSameClassLoader(ForkedBooter.java:286)
	at org.apache.maven.surefire.booter.ForkedBooter.runSuitesInProcess(ForkedBooter.java:240)
	at org.apache.maven.surefire.booter.ForkedBooter.main(ForkedBooter.java:121)
</pre></div></td>
<td>1</td>
<td>com.tester.cases.DouyinAweTest@150c158</td></tr>
<tr>
<td title='com.tester.cases.DouyinLiteTest.get_video_detail()'><b>get_video_detail</b><br>Test class: com.tester.cases.DouyinLiteTest</td>
<td><div><pre>com.alibaba.fastjson.JSONException: syntax error, pos 1, json : &lt;!DOCTYPE html&gt;
&lt;html&gt;
&lt;head&gt;
&lt;title&gt;Error&lt;/title&gt;
&lt;style&gt;
    body {
        width: 35em;
        margin: 0 auto;
        font-family: Tahoma, Verdana, Arial, sans-serif;
    }
&lt;/style&gt;
&lt;/head&gt;
&lt;body&gt;
&lt;h1&gt;An error occurred.&lt;/h1&gt;
&lt;p&gt;Sorry, the page you are looking for is currently unavailable.&lt;br/&gt;
Please try again later.&lt;/p&gt;
&lt;p&gt;If you are the system administrator of this resource then you should check
the &lt;a href=&quot;http://nginx.org/r/error_log&quot;&gt;error log&lt;/a&gt; for details.&lt;/p&gt;
&lt;p&gt;&lt;em&gt;Faithfully yours, nginx.&lt;/em&gt;&lt;/p&gt;
&lt;/body&gt;
&lt;/html&gt;

	at com.alibaba.fastjson.parser.DefaultJSONParser.parse(DefaultJSONParser.java:1436)
	at com.alibaba.fastjson.parser.DefaultJSONParser.parse(DefaultJSONParser.java:1322)
	at com.alibaba.fastjson.JSON.parse(JSON.java:152)
	at com.alibaba.fastjson.JSON.parse(JSON.java:162)
	at com.alibaba.fastjson.JSON.parse(JSON.java:131)
	at com.alibaba.fastjson.JSON.parseObject(JSON.java:223)
	at com.tester.cases.DouyinLiteTest.get_video_detail(DouyinLiteTest.java:536)
... Removed 28 stack frames</pre></div><a href='#' onClick='toggleBox("stack-trace1222768327", this, "Click to show all stack frames", "Click to hide stack frames")'>Click to show all stack frames</a>
<div class='stack-trace' id='stack-trace1222768327'><pre>com.alibaba.fastjson.JSONException: syntax error, pos 1, json : &lt;!DOCTYPE html&gt;
&lt;html&gt;
&lt;head&gt;
&lt;title&gt;Error&lt;/title&gt;
&lt;style&gt;
    body {
        width: 35em;
        margin: 0 auto;
        font-family: Tahoma, Verdana, Arial, sans-serif;
    }
&lt;/style&gt;
&lt;/head&gt;
&lt;body&gt;
&lt;h1&gt;An error occurred.&lt;/h1&gt;
&lt;p&gt;Sorry, the page you are looking for is currently unavailable.&lt;br/&gt;
Please try again later.&lt;/p&gt;
&lt;p&gt;If you are the system administrator of this resource then you should check
the &lt;a href=&quot;http://nginx.org/r/error_log&quot;&gt;error log&lt;/a&gt; for details.&lt;/p&gt;
&lt;p&gt;&lt;em&gt;Faithfully yours, nginx.&lt;/em&gt;&lt;/p&gt;
&lt;/body&gt;
&lt;/html&gt;

	at com.alibaba.fastjson.parser.DefaultJSONParser.parse(DefaultJSONParser.java:1436)
	at com.alibaba.fastjson.parser.DefaultJSONParser.parse(DefaultJSONParser.java:1322)
	at com.alibaba.fastjson.JSON.parse(JSON.java:152)
	at com.alibaba.fastjson.JSON.parse(JSON.java:162)
	at com.alibaba.fastjson.JSON.parse(JSON.java:131)
	at com.alibaba.fastjson.JSON.parseObject(JSON.java:223)
	at com.tester.cases.DouyinLiteTest.get_video_detail(DouyinLiteTest.java:536)
	at java.base/jdk.internal.reflect.NativeMethodAccessorImpl.invoke0(Native Method)
	at java.base/jdk.internal.reflect.NativeMethodAccessorImpl.invoke(NativeMethodAccessorImpl.java:62)
	at java.base/jdk.internal.reflect.DelegatingMethodAccessorImpl.invoke(DelegatingMethodAccessorImpl.java:43)
	at java.base/java.lang.reflect.Method.invoke(Method.java:567)
	at org.testng.internal.MethodInvocationHelper.invokeMethod(MethodInvocationHelper.java:104)
	at org.testng.internal.Invoker.invokeMethod(Invoker.java:645)
	at org.testng.internal.Invoker.invokeTestMethod(Invoker.java:851)
	at org.testng.internal.Invoker.invokeTestMethods(Invoker.java:1177)
	at org.testng.internal.TestMethodWorker.invokeTestMethods(TestMethodWorker.java:129)
	at org.testng.internal.TestMethodWorker.run(TestMethodWorker.java:112)
	at org.testng.TestRunner.privateRun(TestRunner.java:756)
	at org.testng.TestRunner.run(TestRunner.java:610)
	at org.testng.SuiteRunner.runTest(SuiteRunner.java:387)
	at org.testng.SuiteRunner.runSequentially(SuiteRunner.java:382)
	at org.testng.SuiteRunner.privateRun(SuiteRunner.java:340)
	at org.testng.SuiteRunner.run(SuiteRunner.java:289)
	at org.testng.SuiteRunnerWorker.runSuite(SuiteRunnerWorker.java:52)
	at org.testng.SuiteRunnerWorker.run(SuiteRunnerWorker.java:86)
	at org.testng.TestNG.runSuitesSequentially(TestNG.java:1293)
	at org.testng.TestNG.runSuitesLocally(TestNG.java:1218)
	at org.testng.TestNG.runSuites(TestNG.java:1133)
	at org.testng.TestNG.run(TestNG.java:1104)
	at org.apache.maven.surefire.testng.TestNGExecutor.run(TestNGExecutor.java:282)
	at org.apache.maven.surefire.testng.TestNGXmlTestSuite.execute(TestNGXmlTestSuite.java:83)
	at org.apache.maven.surefire.testng.TestNGProvider.invoke(TestNGProvider.java:114)
	at org.apache.maven.surefire.booter.ForkedBooter.invokeProviderInSameClassLoader(ForkedBooter.java:286)
	at org.apache.maven.surefire.booter.ForkedBooter.runSuitesInProcess(ForkedBooter.java:240)
	at org.apache.maven.surefire.booter.ForkedBooter.main(ForkedBooter.java:121)
</pre></div></td>
<td>100</td>
<td>com.tester.cases.DouyinLiteTest@2e3fc542</td></tr>
<tr>
<td title='com.tester.cases.DouyinLiteTest.get_webcast_room_info()'><b>get_webcast_room_info</b><br>Test class: com.tester.cases.DouyinLiteTest</td>
<td><div><pre>java.lang.RuntimeException: {&quot;start_time&quot;: 1581053580, &quot;code&quot;: -1, &quot;msg&quot;: &quot;失败&quot;, &quot;end_time&quot;: 1581053581}
请求url：http://47.97.206.10/api/douyin_lite/get_webcast_room_info?room_id=6731613896211188484
	at com.tester.cases.DouyinLiteTest.get_webcast_room_info(DouyinLiteTest.java:665)
... Removed 28 stack frames</pre></div><a href='#' onClick='toggleBox("stack-trace1125964210", this, "Click to show all stack frames", "Click to hide stack frames")'>Click to show all stack frames</a>
<div class='stack-trace' id='stack-trace1125964210'><pre>java.lang.RuntimeException: {&quot;start_time&quot;: 1581053580, &quot;code&quot;: -1, &quot;msg&quot;: &quot;失败&quot;, &quot;end_time&quot;: 1581053581}
请求url：http://47.97.206.10/api/douyin_lite/get_webcast_room_info?room_id=6731613896211188484
	at com.tester.cases.DouyinLiteTest.get_webcast_room_info(DouyinLiteTest.java:665)
	at java.base/jdk.internal.reflect.NativeMethodAccessorImpl.invoke0(Native Method)
	at java.base/jdk.internal.reflect.NativeMethodAccessorImpl.invoke(NativeMethodAccessorImpl.java:62)
	at java.base/jdk.internal.reflect.DelegatingMethodAccessorImpl.invoke(DelegatingMethodAccessorImpl.java:43)
	at java.base/java.lang.reflect.Method.invoke(Method.java:567)
	at org.testng.internal.MethodInvocationHelper.invokeMethod(MethodInvocationHelper.java:104)
	at org.testng.internal.Invoker.invokeMethod(Invoker.java:645)
	at org.testng.internal.Invoker.invokeTestMethod(Invoker.java:851)
	at org.testng.internal.Invoker.invokeTestMethods(Invoker.java:1177)
	at org.testng.internal.TestMethodWorker.invokeTestMethods(TestMethodWorker.java:129)
	at org.testng.internal.TestMethodWorker.run(TestMethodWorker.java:112)
	at org.testng.TestRunner.privateRun(TestRunner.java:756)
	at org.testng.TestRunner.run(TestRunner.java:610)
	at org.testng.SuiteRunner.runTest(SuiteRunner.java:387)
	at org.testng.SuiteRunner.runSequentially(SuiteRunner.java:382)
	at org.testng.SuiteRunner.privateRun(SuiteRunner.java:340)
	at org.testng.SuiteRunner.run(SuiteRunner.java:289)
	at org.testng.SuiteRunnerWorker.runSuite(SuiteRunnerWorker.java:52)
	at org.testng.SuiteRunnerWorker.run(SuiteRunnerWorker.java:86)
	at org.testng.TestNG.runSuitesSequentially(TestNG.java:1293)
	at org.testng.TestNG.runSuitesLocally(TestNG.java:1218)
	at org.testng.TestNG.runSuites(TestNG.java:1133)
	at org.testng.TestNG.run(TestNG.java:1104)
	at org.apache.maven.surefire.testng.TestNGExecutor.run(TestNGExecutor.java:282)
	at org.apache.maven.surefire.testng.TestNGXmlTestSuite.execute(TestNGXmlTestSuite.java:83)
	at org.apache.maven.surefire.testng.TestNGProvider.invoke(TestNGProvider.java:114)
	at org.apache.maven.surefire.booter.ForkedBooter.invokeProviderInSameClassLoader(ForkedBooter.java:286)
	at org.apache.maven.surefire.booter.ForkedBooter.runSuitesInProcess(ForkedBooter.java:240)
	at org.apache.maven.surefire.booter.ForkedBooter.main(ForkedBooter.java:121)
</pre></div></td>
<td>0</td>
<td>com.tester.cases.DouyinLiteTest@2e3fc542</td></tr>
<tr>
<td title='com.tester.cases.KuaiShouTest.hot_feed()'><b>hot_feed</b><br>Test class: com.tester.cases.KuaiShouTest</td>
<td><div><pre>java.lang.RuntimeException: {&quot;code&quot;: -1, &quot;data&quot;: null, &quot;msg&quot;: &quot;ks2: 其他异常错误: Traceback (most recent call last):\n  File \&quot;./utils/deco.py\&quot;, line 37, in wrapper\n    return func(*args, **kwargs)\n  File \&quot;./spider/ks_2/ks_api.py\&quot;, line 663, in get_hot_feed\n    return self.http_post(ks_url, form_params=form_params)\n  File \&quot;./spider/ks_2/ks_api.py\&quot;, line 220, in http_post\n    form_params.update(sign)\nTypeError: &apos;NoneType&apos; object is not iterable\n&quot;, &quot;start_time&quot;: 1581053689, &quot;end_time&quot;: 1581053704}
请求url：http://47.97.206.10/api/ks_v2/hot_feed?page=1&amp;page_size=10
	at com.tester.cases.KuaiShouTest.hot_feed(KuaiShouTest.java:63)
... Removed 28 stack frames</pre></div><a href='#' onClick='toggleBox("stack-trace1473981203", this, "Click to show all stack frames", "Click to hide stack frames")'>Click to show all stack frames</a>
<div class='stack-trace' id='stack-trace1473981203'><pre>java.lang.RuntimeException: {&quot;code&quot;: -1, &quot;data&quot;: null, &quot;msg&quot;: &quot;ks2: 其他异常错误: Traceback (most recent call last):\n  File \&quot;./utils/deco.py\&quot;, line 37, in wrapper\n    return func(*args, **kwargs)\n  File \&quot;./spider/ks_2/ks_api.py\&quot;, line 663, in get_hot_feed\n    return self.http_post(ks_url, form_params=form_params)\n  File \&quot;./spider/ks_2/ks_api.py\&quot;, line 220, in http_post\n    form_params.update(sign)\nTypeError: &apos;NoneType&apos; object is not iterable\n&quot;, &quot;start_time&quot;: 1581053689, &quot;end_time&quot;: 1581053704}
请求url：http://47.97.206.10/api/ks_v2/hot_feed?page=1&amp;page_size=10
	at com.tester.cases.KuaiShouTest.hot_feed(KuaiShouTest.java:63)
	at java.base/jdk.internal.reflect.NativeMethodAccessorImpl.invoke0(Native Method)
	at java.base/jdk.internal.reflect.NativeMethodAccessorImpl.invoke(NativeMethodAccessorImpl.java:62)
	at java.base/jdk.internal.reflect.DelegatingMethodAccessorImpl.invoke(DelegatingMethodAccessorImpl.java:43)
	at java.base/java.lang.reflect.Method.invoke(Method.java:567)
	at org.testng.internal.MethodInvocationHelper.invokeMethod(MethodInvocationHelper.java:104)
	at org.testng.internal.Invoker.invokeMethod(Invoker.java:645)
	at org.testng.internal.Invoker.invokeTestMethod(Invoker.java:851)
	at org.testng.internal.Invoker.invokeTestMethods(Invoker.java:1177)
	at org.testng.internal.TestMethodWorker.invokeTestMethods(TestMethodWorker.java:129)
	at org.testng.internal.TestMethodWorker.run(TestMethodWorker.java:112)
	at org.testng.TestRunner.privateRun(TestRunner.java:756)
	at org.testng.TestRunner.run(TestRunner.java:610)
	at org.testng.SuiteRunner.runTest(SuiteRunner.java:387)
	at org.testng.SuiteRunner.runSequentially(SuiteRunner.java:382)
	at org.testng.SuiteRunner.privateRun(SuiteRunner.java:340)
	at org.testng.SuiteRunner.run(SuiteRunner.java:289)
	at org.testng.SuiteRunnerWorker.runSuite(SuiteRunnerWorker.java:52)
	at org.testng.SuiteRunnerWorker.run(SuiteRunnerWorker.java:86)
	at org.testng.TestNG.runSuitesSequentially(TestNG.java:1293)
	at org.testng.TestNG.runSuitesLocally(TestNG.java:1218)
	at org.testng.TestNG.runSuites(TestNG.java:1133)
	at org.testng.TestNG.run(TestNG.java:1104)
	at org.apache.maven.surefire.testng.TestNGExecutor.run(TestNGExecutor.java:282)
	at org.apache.maven.surefire.testng.TestNGXmlTestSuite.execute(TestNGXmlTestSuite.java:83)
	at org.apache.maven.surefire.testng.TestNGProvider.invoke(TestNGProvider.java:114)
	at org.apache.maven.surefire.booter.ForkedBooter.invokeProviderInSameClassLoader(ForkedBooter.java:286)
	at org.apache.maven.surefire.booter.ForkedBooter.runSuitesInProcess(ForkedBooter.java:240)
	at org.apache.maven.surefire.booter.ForkedBooter.main(ForkedBooter.java:121)
</pre></div></td>
<td>15</td>
<td>com.tester.cases.KuaiShouTest@1786f9d5</td></tr>
<tr>
<td title='com.tester.cases.KuaiShouTest.nearby_feed()'><b>nearby_feed</b><br>Test class: com.tester.cases.KuaiShouTest</td>
<td><div><pre>java.lang.RuntimeException: {&quot;code&quot;: -1, &quot;data&quot;: null, &quot;msg&quot;: &quot;ks2: 其他异常错误: Traceback (most recent call last):\n  File \&quot;./utils/deco.py\&quot;, line 37, in wrapper\n    return func(*args, **kwargs)\n  File \&quot;./spider/ks_2/ks_api.py\&quot;, line 695, in get_nearby_feed\n    return self.http_post(ks_url, form_params=form_params)\n  File \&quot;./spider/ks_2/ks_api.py\&quot;, line 220, in http_post\n    form_params.update(sign)\nTypeError: &apos;NoneType&apos; object is not iterable\n&quot;, &quot;start_time&quot;: 1581053704, &quot;end_time&quot;: 1581053720}
请求url：http://47.97.206.10/api/ks_v2/nearby_feed?page=1&amp;page_size=20&amp;lon=113.712143&amp;lat=34.593717
	at com.tester.cases.KuaiShouTest.nearby_feed(KuaiShouTest.java:93)
... Removed 28 stack frames</pre></div><a href='#' onClick='toggleBox("stack-trace1551629761", this, "Click to show all stack frames", "Click to hide stack frames")'>Click to show all stack frames</a>
<div class='stack-trace' id='stack-trace1551629761'><pre>java.lang.RuntimeException: {&quot;code&quot;: -1, &quot;data&quot;: null, &quot;msg&quot;: &quot;ks2: 其他异常错误: Traceback (most recent call last):\n  File \&quot;./utils/deco.py\&quot;, line 37, in wrapper\n    return func(*args, **kwargs)\n  File \&quot;./spider/ks_2/ks_api.py\&quot;, line 695, in get_nearby_feed\n    return self.http_post(ks_url, form_params=form_params)\n  File \&quot;./spider/ks_2/ks_api.py\&quot;, line 220, in http_post\n    form_params.update(sign)\nTypeError: &apos;NoneType&apos; object is not iterable\n&quot;, &quot;start_time&quot;: 1581053704, &quot;end_time&quot;: 1581053720}
请求url：http://47.97.206.10/api/ks_v2/nearby_feed?page=1&amp;page_size=20&amp;lon=113.712143&amp;lat=34.593717
	at com.tester.cases.KuaiShouTest.nearby_feed(KuaiShouTest.java:93)
	at java.base/jdk.internal.reflect.NativeMethodAccessorImpl.invoke0(Native Method)
	at java.base/jdk.internal.reflect.NativeMethodAccessorImpl.invoke(NativeMethodAccessorImpl.java:62)
	at java.base/jdk.internal.reflect.DelegatingMethodAccessorImpl.invoke(DelegatingMethodAccessorImpl.java:43)
	at java.base/java.lang.reflect.Method.invoke(Method.java:567)
	at org.testng.internal.MethodInvocationHelper.invokeMethod(MethodInvocationHelper.java:104)
	at org.testng.internal.Invoker.invokeMethod(Invoker.java:645)
	at org.testng.internal.Invoker.invokeTestMethod(Invoker.java:851)
	at org.testng.internal.Invoker.invokeTestMethods(Invoker.java:1177)
	at org.testng.internal.TestMethodWorker.invokeTestMethods(TestMethodWorker.java:129)
	at org.testng.internal.TestMethodWorker.run(TestMethodWorker.java:112)
	at org.testng.TestRunner.privateRun(TestRunner.java:756)
	at org.testng.TestRunner.run(TestRunner.java:610)
	at org.testng.SuiteRunner.runTest(SuiteRunner.java:387)
	at org.testng.SuiteRunner.runSequentially(SuiteRunner.java:382)
	at org.testng.SuiteRunner.privateRun(SuiteRunner.java:340)
	at org.testng.SuiteRunner.run(SuiteRunner.java:289)
	at org.testng.SuiteRunnerWorker.runSuite(SuiteRunnerWorker.java:52)
	at org.testng.SuiteRunnerWorker.run(SuiteRunnerWorker.java:86)
	at org.testng.TestNG.runSuitesSequentially(TestNG.java:1293)
	at org.testng.TestNG.runSuitesLocally(TestNG.java:1218)
	at org.testng.TestNG.runSuites(TestNG.java:1133)
	at org.testng.TestNG.run(TestNG.java:1104)
	at org.apache.maven.surefire.testng.TestNGExecutor.run(TestNGExecutor.java:282)
	at org.apache.maven.surefire.testng.TestNGXmlTestSuite.execute(TestNGXmlTestSuite.java:83)
	at org.apache.maven.surefire.testng.TestNGProvider.invoke(TestNGProvider.java:114)
	at org.apache.maven.surefire.booter.ForkedBooter.invokeProviderInSameClassLoader(ForkedBooter.java:286)
	at org.apache.maven.surefire.booter.ForkedBooter.runSuitesInProcess(ForkedBooter.java:240)
	at org.apache.maven.surefire.booter.ForkedBooter.main(ForkedBooter.java:121)
</pre></div></td>
<td>15</td>
<td>com.tester.cases.KuaiShouTest@1786f9d5</td></tr>
<tr>
<td title='com.tester.cases.XHSv2Test.note_comments()'><b>note_comments</b><br>Test class: com.tester.cases.XHSv2Test</td>
<td><div><pre>java.lang.RuntimeException: {&quot;code&quot;: -1, &quot;data&quot;: null, &quot;msg&quot;: &quot;xhs2 参数错误&quot;, &quot;start_time&quot;: 1581053206, &quot;end_time&quot;: 1581053207}
请求url：http://47.97.206.10/api/xhs_v2/note_comments?note_id=5df5d21d000000000100790c&amp;num=10&amp;start=5df738e200000000010091d4
	at com.tester.cases.XHSv2Test.note_comments(XHSv2Test.java:183)
... Removed 28 stack frames</pre></div><a href='#' onClick='toggleBox("stack-trace889891977", this, "Click to show all stack frames", "Click to hide stack frames")'>Click to show all stack frames</a>
<div class='stack-trace' id='stack-trace889891977'><pre>java.lang.RuntimeException: {&quot;code&quot;: -1, &quot;data&quot;: null, &quot;msg&quot;: &quot;xhs2 参数错误&quot;, &quot;start_time&quot;: 1581053206, &quot;end_time&quot;: 1581053207}
请求url：http://47.97.206.10/api/xhs_v2/note_comments?note_id=5df5d21d000000000100790c&amp;num=10&amp;start=5df738e200000000010091d4
	at com.tester.cases.XHSv2Test.note_comments(XHSv2Test.java:183)
	at java.base/jdk.internal.reflect.NativeMethodAccessorImpl.invoke0(Native Method)
	at java.base/jdk.internal.reflect.NativeMethodAccessorImpl.invoke(NativeMethodAccessorImpl.java:62)
	at java.base/jdk.internal.reflect.DelegatingMethodAccessorImpl.invoke(DelegatingMethodAccessorImpl.java:43)
	at java.base/java.lang.reflect.Method.invoke(Method.java:567)
	at org.testng.internal.MethodInvocationHelper.invokeMethod(MethodInvocationHelper.java:104)
	at org.testng.internal.Invoker.invokeMethod(Invoker.java:645)
	at org.testng.internal.Invoker.invokeTestMethod(Invoker.java:851)
	at org.testng.internal.Invoker.invokeTestMethods(Invoker.java:1177)
	at org.testng.internal.TestMethodWorker.invokeTestMethods(TestMethodWorker.java:129)
	at org.testng.internal.TestMethodWorker.run(TestMethodWorker.java:112)
	at org.testng.TestRunner.privateRun(TestRunner.java:756)
	at org.testng.TestRunner.run(TestRunner.java:610)
	at org.testng.SuiteRunner.runTest(SuiteRunner.java:387)
	at org.testng.SuiteRunner.runSequentially(SuiteRunner.java:382)
	at org.testng.SuiteRunner.privateRun(SuiteRunner.java:340)
	at org.testng.SuiteRunner.run(SuiteRunner.java:289)
	at org.testng.SuiteRunnerWorker.runSuite(SuiteRunnerWorker.java:52)
	at org.testng.SuiteRunnerWorker.run(SuiteRunnerWorker.java:86)
	at org.testng.TestNG.runSuitesSequentially(TestNG.java:1293)
	at org.testng.TestNG.runSuitesLocally(TestNG.java:1218)
	at org.testng.TestNG.runSuites(TestNG.java:1133)
	at org.testng.TestNG.run(TestNG.java:1104)
	at org.apache.maven.surefire.testng.TestNGExecutor.run(TestNGExecutor.java:282)
	at org.apache.maven.surefire.testng.TestNGXmlTestSuite.execute(TestNGXmlTestSuite.java:83)
	at org.apache.maven.surefire.testng.TestNGProvider.invoke(TestNGProvider.java:114)
	at org.apache.maven.surefire.booter.ForkedBooter.invokeProviderInSameClassLoader(ForkedBooter.java:286)
	at org.apache.maven.surefire.booter.ForkedBooter.runSuitesInProcess(ForkedBooter.java:240)
	at org.apache.maven.surefire.booter.ForkedBooter.main(ForkedBooter.java:121)
</pre></div></td>
<td>0</td>
<td>com.tester.cases.XHSv2Test@7276c8cd</td></tr>
<tr>
<td title='com.tester.cases.KuaiShouTest.share_video()'><b>share_video</b><br>Test class: com.tester.cases.KuaiShouTest</td>
<td><div><pre>java.lang.RuntimeException: {&quot;code&quot;: -1, &quot;data&quot;: null, &quot;msg&quot;: &quot;ks2: 其他异常错误: Traceback (most recent call last):\n  File \&quot;./utils/deco.py\&quot;, line 37, in wrapper\n    return func(*args, **kwargs)\n  File \&quot;./spider/ks_2/ks_api.py\&quot;, line 787, in get_share_video_info\n    return self.http_post(ks_url, form_params=form_params)\n  File \&quot;./spider/ks_2/ks_api.py\&quot;, line 220, in http_post\n    form_params.update(sign)\nTypeError: &apos;NoneType&apos; object is not iterable\n&quot;, &quot;start_time&quot;: 1581053720, &quot;end_time&quot;: 1581053736}
请求url：http://47.97.206.10/api/ks_v2/share_video?share_url=http://kphbeijing.m.chenzhongtech.com/s/Qsh970xL
	at com.tester.cases.KuaiShouTest.share_video(KuaiShouTest.java:243)
... Removed 28 stack frames</pre></div><a href='#' onClick='toggleBox("stack-trace1304589447", this, "Click to show all stack frames", "Click to hide stack frames")'>Click to show all stack frames</a>
<div class='stack-trace' id='stack-trace1304589447'><pre>java.lang.RuntimeException: {&quot;code&quot;: -1, &quot;data&quot;: null, &quot;msg&quot;: &quot;ks2: 其他异常错误: Traceback (most recent call last):\n  File \&quot;./utils/deco.py\&quot;, line 37, in wrapper\n    return func(*args, **kwargs)\n  File \&quot;./spider/ks_2/ks_api.py\&quot;, line 787, in get_share_video_info\n    return self.http_post(ks_url, form_params=form_params)\n  File \&quot;./spider/ks_2/ks_api.py\&quot;, line 220, in http_post\n    form_params.update(sign)\nTypeError: &apos;NoneType&apos; object is not iterable\n&quot;, &quot;start_time&quot;: 1581053720, &quot;end_time&quot;: 1581053736}
请求url：http://47.97.206.10/api/ks_v2/share_video?share_url=http://kphbeijing.m.chenzhongtech.com/s/Qsh970xL
	at com.tester.cases.KuaiShouTest.share_video(KuaiShouTest.java:243)
	at java.base/jdk.internal.reflect.NativeMethodAccessorImpl.invoke0(Native Method)
	at java.base/jdk.internal.reflect.NativeMethodAccessorImpl.invoke(NativeMethodAccessorImpl.java:62)
	at java.base/jdk.internal.reflect.DelegatingMethodAccessorImpl.invoke(DelegatingMethodAccessorImpl.java:43)
	at java.base/java.lang.reflect.Method.invoke(Method.java:567)
	at org.testng.internal.MethodInvocationHelper.invokeMethod(MethodInvocationHelper.java:104)
	at org.testng.internal.Invoker.invokeMethod(Invoker.java:645)
	at org.testng.internal.Invoker.invokeTestMethod(Invoker.java:851)
	at org.testng.internal.Invoker.invokeTestMethods(Invoker.java:1177)
	at org.testng.internal.TestMethodWorker.invokeTestMethods(TestMethodWorker.java:129)
	at org.testng.internal.TestMethodWorker.run(TestMethodWorker.java:112)
	at org.testng.TestRunner.privateRun(TestRunner.java:756)
	at org.testng.TestRunner.run(TestRunner.java:610)
	at org.testng.SuiteRunner.runTest(SuiteRunner.java:387)
	at org.testng.SuiteRunner.runSequentially(SuiteRunner.java:382)
	at org.testng.SuiteRunner.privateRun(SuiteRunner.java:340)
	at org.testng.SuiteRunner.run(SuiteRunner.java:289)
	at org.testng.SuiteRunnerWorker.runSuite(SuiteRunnerWorker.java:52)
	at org.testng.SuiteRunnerWorker.run(SuiteRunnerWorker.java:86)
	at org.testng.TestNG.runSuitesSequentially(TestNG.java:1293)
	at org.testng.TestNG.runSuitesLocally(TestNG.java:1218)
	at org.testng.TestNG.runSuites(TestNG.java:1133)
	at org.testng.TestNG.run(TestNG.java:1104)
	at org.apache.maven.surefire.testng.TestNGExecutor.run(TestNGExecutor.java:282)
	at org.apache.maven.surefire.testng.TestNGXmlTestSuite.execute(TestNGXmlTestSuite.java:83)
	at org.apache.maven.surefire.testng.TestNGProvider.invoke(TestNGProvider.java:114)
	at org.apache.maven.surefire.booter.ForkedBooter.invokeProviderInSameClassLoader(ForkedBooter.java:286)
	at org.apache.maven.surefire.booter.ForkedBooter.runSuitesInProcess(ForkedBooter.java:240)
	at org.apache.maven.surefire.booter.ForkedBooter.main(ForkedBooter.java:121)
</pre></div></td>
<td>15</td>
<td>com.tester.cases.KuaiShouTest@1786f9d5</td></tr>
<tr>
<td title='com.tester.cases.JingDongCPSTest.shop_info()'><b>shop_info</b><br>Test class: com.tester.cases.JingDongCPSTest</td>
<td><div><pre>java.lang.RuntimeException: {&quot;code&quot;: -1, &quot;data&quot;: null, &quot;msg&quot;: &quot;jd_cps: 其他异常错误: Traceback (most recent call last):\n  File \&quot;./utils/deco.py\&quot;, line 37, in wrapper\n    return func(*args, **kwargs)\n  File \&quot;./spider/jd_cps/jd_cps_api.py\&quot;, line 139, in get_shop_info\n    r = self.request(&apos;GET&apos;, url, params=params, headers=headers)\n  File \&quot;./spider/jd_cps/jd_cps_api.py\&quot;, line 46, in request\n    raise Exception(f&apos;jd_cps请求重试超过最大次数: content:{content}, status_code:{status_code}&apos;)\nException: jd_cps请求重试超过最大次数: content:{\&quot;code\&quot;:402}, status_code:200\n&quot;, &quot;start_time&quot;: 1581053682, &quot;end_time&quot;: 1581053683}
请求url：http://47.97.206.10/api/jd_cps/shop_info?shop_id=996822
	at com.tester.cases.JingDongCPSTest.shop_info(JingDongCPSTest.java:93)
... Removed 28 stack frames</pre></div><a href='#' onClick='toggleBox("stack-trace93199773", this, "Click to show all stack frames", "Click to hide stack frames")'>Click to show all stack frames</a>
<div class='stack-trace' id='stack-trace93199773'><pre>java.lang.RuntimeException: {&quot;code&quot;: -1, &quot;data&quot;: null, &quot;msg&quot;: &quot;jd_cps: 其他异常错误: Traceback (most recent call last):\n  File \&quot;./utils/deco.py\&quot;, line 37, in wrapper\n    return func(*args, **kwargs)\n  File \&quot;./spider/jd_cps/jd_cps_api.py\&quot;, line 139, in get_shop_info\n    r = self.request(&apos;GET&apos;, url, params=params, headers=headers)\n  File \&quot;./spider/jd_cps/jd_cps_api.py\&quot;, line 46, in request\n    raise Exception(f&apos;jd_cps请求重试超过最大次数: content:{content}, status_code:{status_code}&apos;)\nException: jd_cps请求重试超过最大次数: content:{\&quot;code\&quot;:402}, status_code:200\n&quot;, &quot;start_time&quot;: 1581053682, &quot;end_time&quot;: 1581053683}
请求url：http://47.97.206.10/api/jd_cps/shop_info?shop_id=996822
	at com.tester.cases.JingDongCPSTest.shop_info(JingDongCPSTest.java:93)
	at java.base/jdk.internal.reflect.NativeMethodAccessorImpl.invoke0(Native Method)
	at java.base/jdk.internal.reflect.NativeMethodAccessorImpl.invoke(NativeMethodAccessorImpl.java:62)
	at java.base/jdk.internal.reflect.DelegatingMethodAccessorImpl.invoke(DelegatingMethodAccessorImpl.java:43)
	at java.base/java.lang.reflect.Method.invoke(Method.java:567)
	at org.testng.internal.MethodInvocationHelper.invokeMethod(MethodInvocationHelper.java:104)
	at org.testng.internal.Invoker.invokeMethod(Invoker.java:645)
	at org.testng.internal.Invoker.invokeTestMethod(Invoker.java:851)
	at org.testng.internal.Invoker.invokeTestMethods(Invoker.java:1177)
	at org.testng.internal.TestMethodWorker.invokeTestMethods(TestMethodWorker.java:129)
	at org.testng.internal.TestMethodWorker.run(TestMethodWorker.java:112)
	at org.testng.TestRunner.privateRun(TestRunner.java:756)
	at org.testng.TestRunner.run(TestRunner.java:610)
	at org.testng.SuiteRunner.runTest(SuiteRunner.java:387)
	at org.testng.SuiteRunner.runSequentially(SuiteRunner.java:382)
	at org.testng.SuiteRunner.privateRun(SuiteRunner.java:340)
	at org.testng.SuiteRunner.run(SuiteRunner.java:289)
	at org.testng.SuiteRunnerWorker.runSuite(SuiteRunnerWorker.java:52)
	at org.testng.SuiteRunnerWorker.run(SuiteRunnerWorker.java:86)
	at org.testng.TestNG.runSuitesSequentially(TestNG.java:1293)
	at org.testng.TestNG.runSuitesLocally(TestNG.java:1218)
	at org.testng.TestNG.runSuites(TestNG.java:1133)
	at org.testng.TestNG.run(TestNG.java:1104)
	at org.apache.maven.surefire.testng.TestNGExecutor.run(TestNGExecutor.java:282)
	at org.apache.maven.surefire.testng.TestNGXmlTestSuite.execute(TestNGXmlTestSuite.java:83)
	at org.apache.maven.surefire.testng.TestNGProvider.invoke(TestNGProvider.java:114)
	at org.apache.maven.surefire.booter.ForkedBooter.invokeProviderInSameClassLoader(ForkedBooter.java:286)
	at org.apache.maven.surefire.booter.ForkedBooter.runSuitesInProcess(ForkedBooter.java:240)
	at org.apache.maven.surefire.booter.ForkedBooter.main(ForkedBooter.java:121)
</pre></div></td>
<td>1</td>
<td>com.tester.cases.JingDongCPSTest@10dba097</td></tr>
<tr>
<td title='com.tester.cases.JingDongCPSTest.shop_item()'><b>shop_item</b><br>Test class: com.tester.cases.JingDongCPSTest</td>
<td><div><pre>java.lang.RuntimeException: {&quot;code&quot;: -1, &quot;data&quot;: null, &quot;msg&quot;: &quot;jd_cps: 其他异常错误: Traceback (most recent call last):\n  File \&quot;./utils/deco.py\&quot;, line 37, in wrapper\n    return func(*args, **kwargs)\n  File \&quot;./spider/jd_cps/jd_cps_api.py\&quot;, line 154, in get_shop_item\n    r = self.request(&apos;GET&apos;, url, params=params, headers=headers)\n  File \&quot;./spider/jd_cps/jd_cps_api.py\&quot;, line 46, in request\n    raise Exception(f&apos;jd_cps请求重试超过最大次数: content:{content}, status_code:{status_code}&apos;)\nUnboundLocalError: local variable &apos;content&apos; referenced before assignment\n&quot;, &quot;start_time&quot;: 1581053683, &quot;end_time&quot;: 1581053687}
请求url：http://47.97.206.10/api/jd_cps/shop_item?shop_id=996822&amp;page_no=1&amp;page_size=20
	at com.tester.cases.JingDongCPSTest.shop_item(JingDongCPSTest.java:123)
... Removed 28 stack frames</pre></div><a href='#' onClick='toggleBox("stack-trace643290333", this, "Click to show all stack frames", "Click to hide stack frames")'>Click to show all stack frames</a>
<div class='stack-trace' id='stack-trace643290333'><pre>java.lang.RuntimeException: {&quot;code&quot;: -1, &quot;data&quot;: null, &quot;msg&quot;: &quot;jd_cps: 其他异常错误: Traceback (most recent call last):\n  File \&quot;./utils/deco.py\&quot;, line 37, in wrapper\n    return func(*args, **kwargs)\n  File \&quot;./spider/jd_cps/jd_cps_api.py\&quot;, line 154, in get_shop_item\n    r = self.request(&apos;GET&apos;, url, params=params, headers=headers)\n  File \&quot;./spider/jd_cps/jd_cps_api.py\&quot;, line 46, in request\n    raise Exception(f&apos;jd_cps请求重试超过最大次数: content:{content}, status_code:{status_code}&apos;)\nUnboundLocalError: local variable &apos;content&apos; referenced before assignment\n&quot;, &quot;start_time&quot;: 1581053683, &quot;end_time&quot;: 1581053687}
请求url：http://47.97.206.10/api/jd_cps/shop_item?shop_id=996822&amp;page_no=1&amp;page_size=20
	at com.tester.cases.JingDongCPSTest.shop_item(JingDongCPSTest.java:123)
	at java.base/jdk.internal.reflect.NativeMethodAccessorImpl.invoke0(Native Method)
	at java.base/jdk.internal.reflect.NativeMethodAccessorImpl.invoke(NativeMethodAccessorImpl.java:62)
	at java.base/jdk.internal.reflect.DelegatingMethodAccessorImpl.invoke(DelegatingMethodAccessorImpl.java:43)
	at java.base/java.lang.reflect.Method.invoke(Method.java:567)
	at org.testng.internal.MethodInvocationHelper.invokeMethod(MethodInvocationHelper.java:104)
	at org.testng.internal.Invoker.invokeMethod(Invoker.java:645)
	at org.testng.internal.Invoker.invokeTestMethod(Invoker.java:851)
	at org.testng.internal.Invoker.invokeTestMethods(Invoker.java:1177)
	at org.testng.internal.TestMethodWorker.invokeTestMethods(TestMethodWorker.java:129)
	at org.testng.internal.TestMethodWorker.run(TestMethodWorker.java:112)
	at org.testng.TestRunner.privateRun(TestRunner.java:756)
	at org.testng.TestRunner.run(TestRunner.java:610)
	at org.testng.SuiteRunner.runTest(SuiteRunner.java:387)
	at org.testng.SuiteRunner.runSequentially(SuiteRunner.java:382)
	at org.testng.SuiteRunner.privateRun(SuiteRunner.java:340)
	at org.testng.SuiteRunner.run(SuiteRunner.java:289)
	at org.testng.SuiteRunnerWorker.runSuite(SuiteRunnerWorker.java:52)
	at org.testng.SuiteRunnerWorker.run(SuiteRunnerWorker.java:86)
	at org.testng.TestNG.runSuitesSequentially(TestNG.java:1293)
	at org.testng.TestNG.runSuitesLocally(TestNG.java:1218)
	at org.testng.TestNG.runSuites(TestNG.java:1133)
	at org.testng.TestNG.run(TestNG.java:1104)
	at org.apache.maven.surefire.testng.TestNGExecutor.run(TestNGExecutor.java:282)
	at org.apache.maven.surefire.testng.TestNGXmlTestSuite.execute(TestNGXmlTestSuite.java:83)
	at org.apache.maven.surefire.testng.TestNGProvider.invoke(TestNGProvider.java:114)
	at org.apache.maven.surefire.booter.ForkedBooter.invokeProviderInSameClassLoader(ForkedBooter.java:286)
	at org.apache.maven.surefire.booter.ForkedBooter.runSuitesInProcess(ForkedBooter.java:240)
	at org.apache.maven.surefire.booter.ForkedBooter.main(ForkedBooter.java:121)
</pre></div></td>
<td>3</td>
<td>com.tester.cases.JingDongCPSTest@10dba097</td></tr>
<tr>
<td title='com.tester.cases.JingDongCPSTest.shops()'><b>shops</b><br>Test class: com.tester.cases.JingDongCPSTest</td>
<td><div><pre>java.lang.RuntimeException: {&quot;code&quot;: -1, &quot;data&quot;: null, &quot;msg&quot;: &quot;jd_cps: 其他异常错误: Traceback (most recent call last):\n  File \&quot;./utils/deco.py\&quot;, line 37, in wrapper\n    return func(*args, **kwargs)\n  File \&quot;./spider/jd_cps/jd_cps_api.py\&quot;, line 127, in get_shops\n    r = self.request(&apos;POST&apos;, url, json=data, headers=headers)\n  File \&quot;./spider/jd_cps/jd_cps_api.py\&quot;, line 46, in request\n    raise Exception(f&apos;jd_cps请求重试超过最大次数: content:{content}, status_code:{status_code}&apos;)\nException: jd_cps请求重试超过最大次数: content:{\&quot;code\&quot;:402}, status_code:200\n&quot;, &quot;start_time&quot;: 1581053687, &quot;end_time&quot;: 1581053689}
请求url：http://47.97.206.10/api/jd_cps/shops?page_no=1&amp;page_size=20
	at com.tester.cases.JingDongCPSTest.shops(JingDongCPSTest.java:63)
... Removed 28 stack frames</pre></div><a href='#' onClick='toggleBox("stack-trace1899600175", this, "Click to show all stack frames", "Click to hide stack frames")'>Click to show all stack frames</a>
<div class='stack-trace' id='stack-trace1899600175'><pre>java.lang.RuntimeException: {&quot;code&quot;: -1, &quot;data&quot;: null, &quot;msg&quot;: &quot;jd_cps: 其他异常错误: Traceback (most recent call last):\n  File \&quot;./utils/deco.py\&quot;, line 37, in wrapper\n    return func(*args, **kwargs)\n  File \&quot;./spider/jd_cps/jd_cps_api.py\&quot;, line 127, in get_shops\n    r = self.request(&apos;POST&apos;, url, json=data, headers=headers)\n  File \&quot;./spider/jd_cps/jd_cps_api.py\&quot;, line 46, in request\n    raise Exception(f&apos;jd_cps请求重试超过最大次数: content:{content}, status_code:{status_code}&apos;)\nException: jd_cps请求重试超过最大次数: content:{\&quot;code\&quot;:402}, status_code:200\n&quot;, &quot;start_time&quot;: 1581053687, &quot;end_time&quot;: 1581053689}
请求url：http://47.97.206.10/api/jd_cps/shops?page_no=1&amp;page_size=20
	at com.tester.cases.JingDongCPSTest.shops(JingDongCPSTest.java:63)
	at java.base/jdk.internal.reflect.NativeMethodAccessorImpl.invoke0(Native Method)
	at java.base/jdk.internal.reflect.NativeMethodAccessorImpl.invoke(NativeMethodAccessorImpl.java:62)
	at java.base/jdk.internal.reflect.DelegatingMethodAccessorImpl.invoke(DelegatingMethodAccessorImpl.java:43)
	at java.base/java.lang.reflect.Method.invoke(Method.java:567)
	at org.testng.internal.MethodInvocationHelper.invokeMethod(MethodInvocationHelper.java:104)
	at org.testng.internal.Invoker.invokeMethod(Invoker.java:645)
	at org.testng.internal.Invoker.invokeTestMethod(Invoker.java:851)
	at org.testng.internal.Invoker.invokeTestMethods(Invoker.java:1177)
	at org.testng.internal.TestMethodWorker.invokeTestMethods(TestMethodWorker.java:129)
	at org.testng.internal.TestMethodWorker.run(TestMethodWorker.java:112)
	at org.testng.TestRunner.privateRun(TestRunner.java:756)
	at org.testng.TestRunner.run(TestRunner.java:610)
	at org.testng.SuiteRunner.runTest(SuiteRunner.java:387)
	at org.testng.SuiteRunner.runSequentially(SuiteRunner.java:382)
	at org.testng.SuiteRunner.privateRun(SuiteRunner.java:340)
	at org.testng.SuiteRunner.run(SuiteRunner.java:289)
	at org.testng.SuiteRunnerWorker.runSuite(SuiteRunnerWorker.java:52)
	at org.testng.SuiteRunnerWorker.run(SuiteRunnerWorker.java:86)
	at org.testng.TestNG.runSuitesSequentially(TestNG.java:1293)
	at org.testng.TestNG.runSuitesLocally(TestNG.java:1218)
	at org.testng.TestNG.runSuites(TestNG.java:1133)
	at org.testng.TestNG.run(TestNG.java:1104)
	at org.apache.maven.surefire.testng.TestNGExecutor.run(TestNGExecutor.java:282)
	at org.apache.maven.surefire.testng.TestNGXmlTestSuite.execute(TestNGXmlTestSuite.java:83)
	at org.apache.maven.surefire.testng.TestNGProvider.invoke(TestNGProvider.java:114)
	at org.apache.maven.surefire.booter.ForkedBooter.invokeProviderInSameClassLoader(ForkedBooter.java:286)
	at org.apache.maven.surefire.booter.ForkedBooter.runSuitesInProcess(ForkedBooter.java:240)
	at org.apache.maven.surefire.booter.ForkedBooter.main(ForkedBooter.java:121)
</pre></div></td>
<td>2</td>
<td>com.tester.cases.JingDongCPSTest@10dba097</td></tr>
<tr>
<td title='com.tester.cases.KuaiShouTest.user_info()'><b>user_info</b><br>Test class: com.tester.cases.KuaiShouTest</td>
<td><div><pre>java.lang.RuntimeException: {&quot;code&quot;: -1, &quot;data&quot;: null, &quot;msg&quot;: &quot;ks2: 其他异常错误: Traceback (most recent call last):\n  File \&quot;./utils/deco.py\&quot;, line 37, in wrapper\n    return func(*args, **kwargs)\n  File \&quot;./spider/ks_2/ks_api.py\&quot;, line 711, in get_user_profile\n    return self.http_post(ks_url, form_params=form_params)\n  File \&quot;./spider/ks_2/ks_api.py\&quot;, line 220, in http_post\n    form_params.update(sign)\nTypeError: &apos;NoneType&apos; object is not iterable\n&quot;, &quot;start_time&quot;: 1581053736, &quot;end_time&quot;: 1581053752}
请求url：http://47.97.206.10/api/ks_v2/user_info?user_id=1391625066
	at com.tester.cases.KuaiShouTest.user_info(KuaiShouTest.java:123)
... Removed 28 stack frames</pre></div><a href='#' onClick='toggleBox("stack-trace629454893", this, "Click to show all stack frames", "Click to hide stack frames")'>Click to show all stack frames</a>
<div class='stack-trace' id='stack-trace629454893'><pre>java.lang.RuntimeException: {&quot;code&quot;: -1, &quot;data&quot;: null, &quot;msg&quot;: &quot;ks2: 其他异常错误: Traceback (most recent call last):\n  File \&quot;./utils/deco.py\&quot;, line 37, in wrapper\n    return func(*args, **kwargs)\n  File \&quot;./spider/ks_2/ks_api.py\&quot;, line 711, in get_user_profile\n    return self.http_post(ks_url, form_params=form_params)\n  File \&quot;./spider/ks_2/ks_api.py\&quot;, line 220, in http_post\n    form_params.update(sign)\nTypeError: &apos;NoneType&apos; object is not iterable\n&quot;, &quot;start_time&quot;: 1581053736, &quot;end_time&quot;: 1581053752}
请求url：http://47.97.206.10/api/ks_v2/user_info?user_id=1391625066
	at com.tester.cases.KuaiShouTest.user_info(KuaiShouTest.java:123)
	at java.base/jdk.internal.reflect.NativeMethodAccessorImpl.invoke0(Native Method)
	at java.base/jdk.internal.reflect.NativeMethodAccessorImpl.invoke(NativeMethodAccessorImpl.java:62)
	at java.base/jdk.internal.reflect.DelegatingMethodAccessorImpl.invoke(DelegatingMethodAccessorImpl.java:43)
	at java.base/java.lang.reflect.Method.invoke(Method.java:567)
	at org.testng.internal.MethodInvocationHelper.invokeMethod(MethodInvocationHelper.java:104)
	at org.testng.internal.Invoker.invokeMethod(Invoker.java:645)
	at org.testng.internal.Invoker.invokeTestMethod(Invoker.java:851)
	at org.testng.internal.Invoker.invokeTestMethods(Invoker.java:1177)
	at org.testng.internal.TestMethodWorker.invokeTestMethods(TestMethodWorker.java:129)
	at org.testng.internal.TestMethodWorker.run(TestMethodWorker.java:112)
	at org.testng.TestRunner.privateRun(TestRunner.java:756)
	at org.testng.TestRunner.run(TestRunner.java:610)
	at org.testng.SuiteRunner.runTest(SuiteRunner.java:387)
	at org.testng.SuiteRunner.runSequentially(SuiteRunner.java:382)
	at org.testng.SuiteRunner.privateRun(SuiteRunner.java:340)
	at org.testng.SuiteRunner.run(SuiteRunner.java:289)
	at org.testng.SuiteRunnerWorker.runSuite(SuiteRunnerWorker.java:52)
	at org.testng.SuiteRunnerWorker.run(SuiteRunnerWorker.java:86)
	at org.testng.TestNG.runSuitesSequentially(TestNG.java:1293)
	at org.testng.TestNG.runSuitesLocally(TestNG.java:1218)
	at org.testng.TestNG.runSuites(TestNG.java:1133)
	at org.testng.TestNG.run(TestNG.java:1104)
	at org.apache.maven.surefire.testng.TestNGExecutor.run(TestNGExecutor.java:282)
	at org.apache.maven.surefire.testng.TestNGXmlTestSuite.execute(TestNGXmlTestSuite.java:83)
	at org.apache.maven.surefire.testng.TestNGProvider.invoke(TestNGProvider.java:114)
	at org.apache.maven.surefire.booter.ForkedBooter.invokeProviderInSameClassLoader(ForkedBooter.java:286)
	at org.apache.maven.surefire.booter.ForkedBooter.runSuitesInProcess(ForkedBooter.java:240)
	at org.apache.maven.surefire.booter.ForkedBooter.main(ForkedBooter.java:121)
</pre></div></td>
<td>15</td>
<td>com.tester.cases.KuaiShouTest@1786f9d5</td></tr>
<tr>
<td title='com.tester.cases.XHSv1Test.user_note()'><b>user_note</b><br>Test class: com.tester.cases.XHSv1Test</td>
<td><div><pre>java.lang.RuntimeException: {&quot;code&quot;: -1, &quot;data&quot;: null, &quot;msg&quot;: &quot;xhs1 参数错误&quot;, &quot;start_time&quot;: 1581053196, &quot;end_time&quot;: 1581053197}
请求url：http://47.97.206.10/api/xhs_v1/user_note?user_id=5a73c5fa4eacab4c4ccc9778&amp;page=1&amp;page_size=10
	at com.tester.cases.XHSv1Test.user_note(XHSv1Test.java:93)
... Removed 28 stack frames</pre></div><a href='#' onClick='toggleBox("stack-trace402009651", this, "Click to show all stack frames", "Click to hide stack frames")'>Click to show all stack frames</a>
<div class='stack-trace' id='stack-trace402009651'><pre>java.lang.RuntimeException: {&quot;code&quot;: -1, &quot;data&quot;: null, &quot;msg&quot;: &quot;xhs1 参数错误&quot;, &quot;start_time&quot;: 1581053196, &quot;end_time&quot;: 1581053197}
请求url：http://47.97.206.10/api/xhs_v1/user_note?user_id=5a73c5fa4eacab4c4ccc9778&amp;page=1&amp;page_size=10
	at com.tester.cases.XHSv1Test.user_note(XHSv1Test.java:93)
	at java.base/jdk.internal.reflect.NativeMethodAccessorImpl.invoke0(Native Method)
	at java.base/jdk.internal.reflect.NativeMethodAccessorImpl.invoke(NativeMethodAccessorImpl.java:62)
	at java.base/jdk.internal.reflect.DelegatingMethodAccessorImpl.invoke(DelegatingMethodAccessorImpl.java:43)
	at java.base/java.lang.reflect.Method.invoke(Method.java:567)
	at org.testng.internal.MethodInvocationHelper.invokeMethod(MethodInvocationHelper.java:104)
	at org.testng.internal.Invoker.invokeMethod(Invoker.java:645)
	at org.testng.internal.Invoker.invokeTestMethod(Invoker.java:851)
	at org.testng.internal.Invoker.invokeTestMethods(Invoker.java:1177)
	at org.testng.internal.TestMethodWorker.invokeTestMethods(TestMethodWorker.java:129)
	at org.testng.internal.TestMethodWorker.run(TestMethodWorker.java:112)
	at org.testng.TestRunner.privateRun(TestRunner.java:756)
	at org.testng.TestRunner.run(TestRunner.java:610)
	at org.testng.SuiteRunner.runTest(SuiteRunner.java:387)
	at org.testng.SuiteRunner.runSequentially(SuiteRunner.java:382)
	at org.testng.SuiteRunner.privateRun(SuiteRunner.java:340)
	at org.testng.SuiteRunner.run(SuiteRunner.java:289)
	at org.testng.SuiteRunnerWorker.runSuite(SuiteRunnerWorker.java:52)
	at org.testng.SuiteRunnerWorker.run(SuiteRunnerWorker.java:86)
	at org.testng.TestNG.runSuitesSequentially(TestNG.java:1293)
	at org.testng.TestNG.runSuitesLocally(TestNG.java:1218)
	at org.testng.TestNG.runSuites(TestNG.java:1133)
	at org.testng.TestNG.run(TestNG.java:1104)
	at org.apache.maven.surefire.testng.TestNGExecutor.run(TestNGExecutor.java:282)
	at org.apache.maven.surefire.testng.TestNGXmlTestSuite.execute(TestNGXmlTestSuite.java:83)
	at org.apache.maven.surefire.testng.TestNGProvider.invoke(TestNGProvider.java:114)
	at org.apache.maven.surefire.booter.ForkedBooter.invokeProviderInSameClassLoader(ForkedBooter.java:286)
	at org.apache.maven.surefire.booter.ForkedBooter.runSuitesInProcess(ForkedBooter.java:240)
	at org.apache.maven.surefire.booter.ForkedBooter.main(ForkedBooter.java:121)
</pre></div></td>
<td>0</td>
<td>com.tester.cases.XHSv1Test@6ec8211c</td></tr>
<tr>
<td title='com.tester.cases.KuaiShouTest.user_video()'><b>user_video</b><br>Test class: com.tester.cases.KuaiShouTest</td>
<td><div><pre>java.lang.RuntimeException: {&quot;code&quot;: -1, &quot;data&quot;: null, &quot;msg&quot;: &quot;ks2: 其他异常错误: Traceback (most recent call last):\n  File \&quot;./utils/deco.py\&quot;, line 37, in wrapper\n    return func(*args, **kwargs)\n  File \&quot;./spider/ks_2/ks_api.py\&quot;, line 734, in get_user_feed\n    return self.http_post(ks_url, form_params=form_params)\n  File \&quot;./spider/ks_2/ks_api.py\&quot;, line 220, in http_post\n    form_params.update(sign)\nTypeError: &apos;NoneType&apos; object is not iterable\n&quot;, &quot;start_time&quot;: 1581053752, &quot;end_time&quot;: 1581053767}
请求url：http://47.97.206.10/api/ks_v2/user_video?user_id=1391625066&amp;page_size=10
	at com.tester.cases.KuaiShouTest.user_video(KuaiShouTest.java:153)
... Removed 28 stack frames</pre></div><a href='#' onClick='toggleBox("stack-trace2101249621", this, "Click to show all stack frames", "Click to hide stack frames")'>Click to show all stack frames</a>
<div class='stack-trace' id='stack-trace2101249621'><pre>java.lang.RuntimeException: {&quot;code&quot;: -1, &quot;data&quot;: null, &quot;msg&quot;: &quot;ks2: 其他异常错误: Traceback (most recent call last):\n  File \&quot;./utils/deco.py\&quot;, line 37, in wrapper\n    return func(*args, **kwargs)\n  File \&quot;./spider/ks_2/ks_api.py\&quot;, line 734, in get_user_feed\n    return self.http_post(ks_url, form_params=form_params)\n  File \&quot;./spider/ks_2/ks_api.py\&quot;, line 220, in http_post\n    form_params.update(sign)\nTypeError: &apos;NoneType&apos; object is not iterable\n&quot;, &quot;start_time&quot;: 1581053752, &quot;end_time&quot;: 1581053767}
请求url：http://47.97.206.10/api/ks_v2/user_video?user_id=1391625066&amp;page_size=10
	at com.tester.cases.KuaiShouTest.user_video(KuaiShouTest.java:153)
	at java.base/jdk.internal.reflect.NativeMethodAccessorImpl.invoke0(Native Method)
	at java.base/jdk.internal.reflect.NativeMethodAccessorImpl.invoke(NativeMethodAccessorImpl.java:62)
	at java.base/jdk.internal.reflect.DelegatingMethodAccessorImpl.invoke(DelegatingMethodAccessorImpl.java:43)
	at java.base/java.lang.reflect.Method.invoke(Method.java:567)
	at org.testng.internal.MethodInvocationHelper.invokeMethod(MethodInvocationHelper.java:104)
	at org.testng.internal.Invoker.invokeMethod(Invoker.java:645)
	at org.testng.internal.Invoker.invokeTestMethod(Invoker.java:851)
	at org.testng.internal.Invoker.invokeTestMethods(Invoker.java:1177)
	at org.testng.internal.TestMethodWorker.invokeTestMethods(TestMethodWorker.java:129)
	at org.testng.internal.TestMethodWorker.run(TestMethodWorker.java:112)
	at org.testng.TestRunner.privateRun(TestRunner.java:756)
	at org.testng.TestRunner.run(TestRunner.java:610)
	at org.testng.SuiteRunner.runTest(SuiteRunner.java:387)
	at org.testng.SuiteRunner.runSequentially(SuiteRunner.java:382)
	at org.testng.SuiteRunner.privateRun(SuiteRunner.java:340)
	at org.testng.SuiteRunner.run(SuiteRunner.java:289)
	at org.testng.SuiteRunnerWorker.runSuite(SuiteRunnerWorker.java:52)
	at org.testng.SuiteRunnerWorker.run(SuiteRunnerWorker.java:86)
	at org.testng.TestNG.runSuitesSequentially(TestNG.java:1293)
	at org.testng.TestNG.runSuitesLocally(TestNG.java:1218)
	at org.testng.TestNG.runSuites(TestNG.java:1133)
	at org.testng.TestNG.run(TestNG.java:1104)
	at org.apache.maven.surefire.testng.TestNGExecutor.run(TestNGExecutor.java:282)
	at org.apache.maven.surefire.testng.TestNGXmlTestSuite.execute(TestNGXmlTestSuite.java:83)
	at org.apache.maven.surefire.testng.TestNGProvider.invoke(TestNGProvider.java:114)
	at org.apache.maven.surefire.booter.ForkedBooter.invokeProviderInSameClassLoader(ForkedBooter.java:286)
	at org.apache.maven.surefire.booter.ForkedBooter.runSuitesInProcess(ForkedBooter.java:240)
	at org.apache.maven.surefire.booter.ForkedBooter.main(ForkedBooter.java:121)
</pre></div></td>
<td>15</td>
<td>com.tester.cases.KuaiShouTest@1786f9d5</td></tr>
<tr>
<td title='com.tester.cases.KuaiShouTest.video_comment()'><b>video_comment</b><br>Test class: com.tester.cases.KuaiShouTest</td>
<td><div><pre>java.lang.IllegalArgumentException: Illegal character in query at index 103: http://47.97.206.10/api/ks_v2/video_comment?user_id=191674858&amp;photo_id=5248945383907780546&amp;page_size=10

	at java.base/java.net.URI.create(URI.java:906)
	at org.apache.http.client.methods.HttpGet.&lt;init&gt;(HttpGet.java:69)
	at com.tester.cases.KuaiShouTest.video_comment(KuaiShouTest.java:170)
Caused by: java.net.URISyntaxException: Illegal character in query at index 103: http://47.97.206.10/api/ks_v2/video_comment?user_id=191674858&amp;photo_id=5248945383907780546&amp;page_size=10

	at java.base/java.net.URI$Parser.fail(URI.java:2936)
	at java.base/java.net.URI$Parser.checkChars(URI.java:3107)
	at java.base/java.net.URI$Parser.parseHierarchical(URI.java:3195)
	at java.base/java.net.URI$Parser.parse(URI.java:3137)
	at java.base/java.net.URI.&lt;init&gt;(URI.java:623)
	at java.base/java.net.URI.create(URI.java:904)
	... 30 more
... Removed 28 stack frames</pre></div><a href='#' onClick='toggleBox("stack-trace1651162064", this, "Click to show all stack frames", "Click to hide stack frames")'>Click to show all stack frames</a>
<div class='stack-trace' id='stack-trace1651162064'><pre>java.lang.IllegalArgumentException: Illegal character in query at index 103: http://47.97.206.10/api/ks_v2/video_comment?user_id=191674858&amp;photo_id=5248945383907780546&amp;page_size=10

	at java.base/java.net.URI.create(URI.java:906)
	at org.apache.http.client.methods.HttpGet.&lt;init&gt;(HttpGet.java:69)
	at com.tester.cases.KuaiShouTest.video_comment(KuaiShouTest.java:170)
	at java.base/jdk.internal.reflect.NativeMethodAccessorImpl.invoke0(Native Method)
	at java.base/jdk.internal.reflect.NativeMethodAccessorImpl.invoke(NativeMethodAccessorImpl.java:62)
	at java.base/jdk.internal.reflect.DelegatingMethodAccessorImpl.invoke(DelegatingMethodAccessorImpl.java:43)
	at java.base/java.lang.reflect.Method.invoke(Method.java:567)
	at org.testng.internal.MethodInvocationHelper.invokeMethod(MethodInvocationHelper.java:104)
	at org.testng.internal.Invoker.invokeMethod(Invoker.java:645)
	at org.testng.internal.Invoker.invokeTestMethod(Invoker.java:851)
	at org.testng.internal.Invoker.invokeTestMethods(Invoker.java:1177)
	at org.testng.internal.TestMethodWorker.invokeTestMethods(TestMethodWorker.java:129)
	at org.testng.internal.TestMethodWorker.run(TestMethodWorker.java:112)
	at org.testng.TestRunner.privateRun(TestRunner.java:756)
	at org.testng.TestRunner.run(TestRunner.java:610)
	at org.testng.SuiteRunner.runTest(SuiteRunner.java:387)
	at org.testng.SuiteRunner.runSequentially(SuiteRunner.java:382)
	at org.testng.SuiteRunner.privateRun(SuiteRunner.java:340)
	at org.testng.SuiteRunner.run(SuiteRunner.java:289)
	at org.testng.SuiteRunnerWorker.runSuite(SuiteRunnerWorker.java:52)
	at org.testng.SuiteRunnerWorker.run(SuiteRunnerWorker.java:86)
	at org.testng.TestNG.runSuitesSequentially(TestNG.java:1293)
	at org.testng.TestNG.runSuitesLocally(TestNG.java:1218)
	at org.testng.TestNG.runSuites(TestNG.java:1133)
	at org.testng.TestNG.run(TestNG.java:1104)
	at org.apache.maven.surefire.testng.TestNGExecutor.run(TestNGExecutor.java:282)
	at org.apache.maven.surefire.testng.TestNGXmlTestSuite.execute(TestNGXmlTestSuite.java:83)
	at org.apache.maven.surefire.testng.TestNGProvider.invoke(TestNGProvider.java:114)
	at org.apache.maven.surefire.booter.ForkedBooter.invokeProviderInSameClassLoader(ForkedBooter.java:286)
	at org.apache.maven.surefire.booter.ForkedBooter.runSuitesInProcess(ForkedBooter.java:240)
	at org.apache.maven.surefire.booter.ForkedBooter.main(ForkedBooter.java:121)
Caused by: java.net.URISyntaxException: Illegal character in query at index 103: http://47.97.206.10/api/ks_v2/video_comment?user_id=191674858&amp;photo_id=5248945383907780546&amp;page_size=10

	at java.base/java.net.URI$Parser.fail(URI.java:2936)
	at java.base/java.net.URI$Parser.checkChars(URI.java:3107)
	at java.base/java.net.URI$Parser.parseHierarchical(URI.java:3195)
	at java.base/java.net.URI$Parser.parse(URI.java:3137)
	at java.base/java.net.URI.&lt;init&gt;(URI.java:623)
	at java.base/java.net.URI.create(URI.java:904)
	... 30 more
</pre></div></td>
<td>0</td>
<td>com.tester.cases.KuaiShouTest@1786f9d5</td></tr>
<tr>
<td title='com.tester.cases.KuaiShouTest.video_detail()'><b>video_detail</b><br>Test class: com.tester.cases.KuaiShouTest</td>
<td><div><pre>java.lang.RuntimeException: {&quot;code&quot;: -1, &quot;data&quot;: null, &quot;msg&quot;: &quot;ks2: 其他异常错误: Traceback (most recent call last):\n  File \&quot;./utils/deco.py\&quot;, line 37, in wrapper\n    return func(*args, **kwargs)\n  File \&quot;./spider/ks_2/ks_api.py\&quot;, line 772, in get_video_info\n    return self.http_post(ks_url, form_params=form_params)\n  File \&quot;./spider/ks_2/ks_api.py\&quot;, line 220, in http_post\n    form_params.update(sign)\nTypeError: &apos;NoneType&apos; object is not iterable\n&quot;, &quot;start_time&quot;: 1581053767, &quot;end_time&quot;: 1581053783}
请求url：http://47.97.206.10/api/ks_v2/video_detail?photo_id=5248945383907780546
	at com.tester.cases.KuaiShouTest.video_detail(KuaiShouTest.java:213)
... Removed 28 stack frames</pre></div><a href='#' onClick='toggleBox("stack-trace983595261", this, "Click to show all stack frames", "Click to hide stack frames")'>Click to show all stack frames</a>
<div class='stack-trace' id='stack-trace983595261'><pre>java.lang.RuntimeException: {&quot;code&quot;: -1, &quot;data&quot;: null, &quot;msg&quot;: &quot;ks2: 其他异常错误: Traceback (most recent call last):\n  File \&quot;./utils/deco.py\&quot;, line 37, in wrapper\n    return func(*args, **kwargs)\n  File \&quot;./spider/ks_2/ks_api.py\&quot;, line 772, in get_video_info\n    return self.http_post(ks_url, form_params=form_params)\n  File \&quot;./spider/ks_2/ks_api.py\&quot;, line 220, in http_post\n    form_params.update(sign)\nTypeError: &apos;NoneType&apos; object is not iterable\n&quot;, &quot;start_time&quot;: 1581053767, &quot;end_time&quot;: 1581053783}
请求url：http://47.97.206.10/api/ks_v2/video_detail?photo_id=5248945383907780546
	at com.tester.cases.KuaiShouTest.video_detail(KuaiShouTest.java:213)
	at java.base/jdk.internal.reflect.NativeMethodAccessorImpl.invoke0(Native Method)
	at java.base/jdk.internal.reflect.NativeMethodAccessorImpl.invoke(NativeMethodAccessorImpl.java:62)
	at java.base/jdk.internal.reflect.DelegatingMethodAccessorImpl.invoke(DelegatingMethodAccessorImpl.java:43)
	at java.base/java.lang.reflect.Method.invoke(Method.java:567)
	at org.testng.internal.MethodInvocationHelper.invokeMethod(MethodInvocationHelper.java:104)
	at org.testng.internal.Invoker.invokeMethod(Invoker.java:645)
	at org.testng.internal.Invoker.invokeTestMethod(Invoker.java:851)
	at org.testng.internal.Invoker.invokeTestMethods(Invoker.java:1177)
	at org.testng.internal.TestMethodWorker.invokeTestMethods(TestMethodWorker.java:129)
	at org.testng.internal.TestMethodWorker.run(TestMethodWorker.java:112)
	at org.testng.TestRunner.privateRun(TestRunner.java:756)
	at org.testng.TestRunner.run(TestRunner.java:610)
	at org.testng.SuiteRunner.runTest(SuiteRunner.java:387)
	at org.testng.SuiteRunner.runSequentially(SuiteRunner.java:382)
	at org.testng.SuiteRunner.privateRun(SuiteRunner.java:340)
	at org.testng.SuiteRunner.run(SuiteRunner.java:289)
	at org.testng.SuiteRunnerWorker.runSuite(SuiteRunnerWorker.java:52)
	at org.testng.SuiteRunnerWorker.run(SuiteRunnerWorker.java:86)
	at org.testng.TestNG.runSuitesSequentially(TestNG.java:1293)
	at org.testng.TestNG.runSuitesLocally(TestNG.java:1218)
	at org.testng.TestNG.runSuites(TestNG.java:1133)
	at org.testng.TestNG.run(TestNG.java:1104)
	at org.apache.maven.surefire.testng.TestNGExecutor.run(TestNGExecutor.java:282)
	at org.apache.maven.surefire.testng.TestNGXmlTestSuite.execute(TestNGXmlTestSuite.java:83)
	at org.apache.maven.surefire.testng.TestNGProvider.invoke(TestNGProvider.java:114)
	at org.apache.maven.surefire.booter.ForkedBooter.invokeProviderInSameClassLoader(ForkedBooter.java:286)
	at org.apache.maven.surefire.booter.ForkedBooter.runSuitesInProcess(ForkedBooter.java:240)
	at org.apache.maven.surefire.booter.ForkedBooter.main(ForkedBooter.java:121)
</pre></div></td>
<td>15</td>
<td>com.tester.cases.KuaiShouTest@1786f9d5</td></tr>
</table><p>
<table width='100%' border='1' class='invocation-passed'>
<tr><td colspan='4' align='center'><b>PASSED TESTS</b></td></tr>
<tr><td><b>Test method</b></td>
<td width="30%"><b>Exception</b></td>
<td width="10%"><b>Time (seconds)</b></td>
<td><b>Instance</b></td>
</tr>
<tr>
<td title='com.tester.cases.DuTest.call_nums()'><b>call_nums</b><br>Test class: com.tester.cases.DuTest</td>
<td></td>
<td>0</td>
<td>com.tester.cases.DuTest@25bbf683</td></tr>
<tr>
<td title='com.tester.cases.XHSv2Test.call_nums()'><b>call_nums</b><br>Test class: com.tester.cases.XHSv2Test</td>
<td></td>
<td>0</td>
<td>com.tester.cases.XHSv2Test@7276c8cd</td></tr>
<tr>
<td title='com.tester.cases.KuaiShouTest.call_nums()'><b>call_nums</b><br>Test class: com.tester.cases.KuaiShouTest</td>
<td></td>
<td>0</td>
<td>com.tester.cases.KuaiShouTest@1786f9d5</td></tr>
<tr>
<td title='com.tester.cases.XHSv2Test.channel_refresh()'><b>channel_refresh</b><br>Test class: com.tester.cases.XHSv2Test</td>
<td></td>
<td>0</td>
<td>com.tester.cases.XHSv2Test@7276c8cd</td></tr>
<tr>
<td title='com.tester.cases.JingDongTest.crawlCommentsCounts()'><b>crawlCommentsCounts</b><br>Test class: com.tester.cases.JingDongTest</td>
<td></td>
<td>0</td>
<td>com.tester.cases.JingDongTest@401e7803</td></tr>
<tr>
<td title='com.tester.cases.JingDongTest.crawlPageShopProducts()'><b>crawlPageShopProducts</b><br>Test class: com.tester.cases.JingDongTest</td>
<td></td>
<td>0</td>
<td>com.tester.cases.JingDongTest@401e7803</td></tr>
<tr>
<td title='com.tester.cases.JingDongTest.crawlShopVenderId()'><b>crawlShopVenderId</b><br>Test class: com.tester.cases.JingDongTest</td>
<td></td>
<td>0</td>
<td>com.tester.cases.JingDongTest@401e7803</td></tr>
<tr>
<td title='com.tester.cases.JingDongTest.crawlSkuComment()'><b>crawlSkuComment</b><br>Test class: com.tester.cases.JingDongTest</td>
<td></td>
<td>1</td>
<td>com.tester.cases.JingDongTest@401e7803</td></tr>
<tr>
<td title='com.tester.cases.JingDongTest.crawlSkuCommentAndCount()'><b>crawlSkuCommentAndCount</b><br>Test class: com.tester.cases.JingDongTest</td>
<td></td>
<td>0</td>
<td>com.tester.cases.JingDongTest@401e7803</td></tr>
<tr>
<td title='com.tester.cases.JingDongTest.crawlSkuPrices()'><b>crawlSkuPrices</b><br>Test class: com.tester.cases.JingDongTest</td>
<td></td>
<td>0</td>
<td>com.tester.cases.JingDongTest@401e7803</td></tr>
<tr>
<td title='com.tester.cases.PddTest.get_cat_id_list()'><b>get_cat_id_list</b><br>Test class: com.tester.cases.PddTest</td>
<td></td>
<td>0</td>
<td>com.tester.cases.PddTest@42607a4f</td></tr>
<tr>
<td title='com.tester.cases.DouyinTest.get_feed()'><b>get_feed</b><br>Test class: com.tester.cases.DouyinTest</td>
<td></td>
<td>9</td>
<td>com.tester.cases.DouyinTest@544a2ea6</td></tr>
<tr>
<td title='com.tester.cases.DouyinLiteTest.get_feed()'><b>get_feed</b><br>Test class: com.tester.cases.DouyinLiteTest</td>
<td></td>
<td>2</td>
<td>com.tester.cases.DouyinLiteTest@2e3fc542</td></tr>
<tr>
<td title='com.tester.cases.DouyinTest.get_general_search_ret()'><b>get_general_search_ret</b><br>Test class: com.tester.cases.DouyinTest</td>
<td></td>
<td>2</td>
<td>com.tester.cases.DouyinTest@544a2ea6</td></tr>
<tr>
<td title='com.tester.cases.DouyinLiteTest.get_general_search_ret()'><b>get_general_search_ret</b><br>Test class: com.tester.cases.DouyinLiteTest</td>
<td></td>
<td>5</td>
<td>com.tester.cases.DouyinLiteTest@2e3fc542</td></tr>
<tr>
<td title='com.tester.cases.DouyinTest.get_hot_category_list()'><b>get_hot_category_list</b><br>Test class: com.tester.cases.DouyinTest</td>
<td></td>
<td>7</td>
<td>com.tester.cases.DouyinTest@544a2ea6</td></tr>
<tr>
<td title='com.tester.cases.DouyinLiteTest.get_hot_category_list()'><b>get_hot_category_list</b><br>Test class: com.tester.cases.DouyinLiteTest</td>
<td></td>
<td>7</td>
<td>com.tester.cases.DouyinLiteTest@2e3fc542</td></tr>
<tr>
<td title='com.tester.cases.DouyinTest.get_hot_music_list()'><b>get_hot_music_list</b><br>Test class: com.tester.cases.DouyinTest</td>
<td></td>
<td>1</td>
<td>com.tester.cases.DouyinTest@544a2ea6</td></tr>
<tr>
<td title='com.tester.cases.DouyinLiteTest.get_hot_music_list()'><b>get_hot_music_list</b><br>Test class: com.tester.cases.DouyinLiteTest</td>
<td></td>
<td>3</td>
<td>com.tester.cases.DouyinLiteTest@2e3fc542</td></tr>
<tr>
<td title='com.tester.cases.DouyinTest.get_hot_positive_energy_list()'><b>get_hot_positive_energy_list</b><br>Test class: com.tester.cases.DouyinTest</td>
<td></td>
<td>1</td>
<td>com.tester.cases.DouyinTest@544a2ea6</td></tr>
<tr>
<td title='com.tester.cases.DouyinLiteTest.get_hot_positive_energy_list()'><b>get_hot_positive_energy_list</b><br>Test class: com.tester.cases.DouyinLiteTest</td>
<td></td>
<td>1</td>
<td>com.tester.cases.DouyinLiteTest@2e3fc542</td></tr>
<tr>
<td title='com.tester.cases.DouyinTest.get_hot_search_list()'><b>get_hot_search_list</b><br>Test class: com.tester.cases.DouyinTest</td>
<td></td>
<td>2</td>
<td>com.tester.cases.DouyinTest@544a2ea6</td></tr>
<tr>
<td title='com.tester.cases.DouyinLiteTest.get_hot_search_list()'><b>get_hot_search_list</b><br>Test class: com.tester.cases.DouyinLiteTest</td>
<td></td>
<td>2</td>
<td>com.tester.cases.DouyinLiteTest@2e3fc542</td></tr>
<tr>
<td title='com.tester.cases.DouyinTest.get_hot_video_list()'><b>get_hot_video_list</b><br>Test class: com.tester.cases.DouyinTest</td>
<td></td>
<td>2</td>
<td>com.tester.cases.DouyinTest@544a2ea6</td></tr>
<tr>
<td title='com.tester.cases.DouyinLiteTest.get_hot_video_list()'><b>get_hot_video_list</b><br>Test class: com.tester.cases.DouyinLiteTest</td>
<td></td>
<td>6</td>
<td>com.tester.cases.DouyinLiteTest@2e3fc542</td></tr>
<tr>
<td title='com.tester.cases.DouyinTest.get_music_detail()'><b>get_music_detail</b><br>Test class: com.tester.cases.DouyinTest</td>
<td></td>
<td>1</td>
<td>com.tester.cases.DouyinTest@544a2ea6</td></tr>
<tr>
<td title='com.tester.cases.DouyinLiteTest.get_music_detail()'><b>get_music_detail</b><br>Test class: com.tester.cases.DouyinLiteTest</td>
<td></td>
<td>2</td>
<td>com.tester.cases.DouyinLiteTest@2e3fc542</td></tr>
<tr>
<td title='com.tester.cases.DouyinTest.get_music_videos()'><b>get_music_videos</b><br>Test class: com.tester.cases.DouyinTest</td>
<td></td>
<td>1</td>
<td>com.tester.cases.DouyinTest@544a2ea6</td></tr>
<tr>
<td title='com.tester.cases.DouyinLiteTest.get_music_videos()'><b>get_music_videos</b><br>Test class: com.tester.cases.DouyinLiteTest</td>
<td></td>
<td>2</td>
<td>com.tester.cases.DouyinLiteTest@2e3fc542</td></tr>
<tr>
<td title='com.tester.cases.DouyinTest.get_nearby_feed()'><b>get_nearby_feed</b><br>Test class: com.tester.cases.DouyinTest</td>
<td></td>
<td>2</td>
<td>com.tester.cases.DouyinTest@544a2ea6</td></tr>
<tr>
<td title='com.tester.cases.DouyinLiteTest.get_nearby_feed()'><b>get_nearby_feed</b><br>Test class: com.tester.cases.DouyinLiteTest</td>
<td></td>
<td>2</td>
<td>com.tester.cases.DouyinLiteTest@2e3fc542</td></tr>
<tr>
<td title='com.tester.cases.PddTest.get_pdd_date()'><b>get_pdd_date</b><br>Test class: com.tester.cases.PddTest</td>
<td></td>
<td>0</td>
<td>com.tester.cases.PddTest@42607a4f</td></tr>
<tr>
<td title='com.tester.cases.DouyinTest.get_promotion_list()'><b>get_promotion_list</b><br>Test class: com.tester.cases.DouyinTest</td>
<td></td>
<td>1</td>
<td>com.tester.cases.DouyinTest@544a2ea6</td></tr>
<tr>
<td title='com.tester.cases.DouyinLiteTest.get_promotion_list()'><b>get_promotion_list</b><br>Test class: com.tester.cases.DouyinLiteTest</td>
<td></td>
<td>2</td>
<td>com.tester.cases.DouyinLiteTest@2e3fc542</td></tr>
<tr>
<td title='com.tester.cases.DouyinAweTest.get_promotion_list()'><b>get_promotion_list</b><br>Test class: com.tester.cases.DouyinAweTest</td>
<td></td>
<td>0</td>
<td>com.tester.cases.DouyinAweTest@150c158</td></tr>
<tr>
<td title='com.tester.cases.DouyinLiteTest.get_share_video_detail()'><b>get_share_video_detail</b><br>Test class: com.tester.cases.DouyinLiteTest</td>
<td></td>
<td>2</td>
<td>com.tester.cases.DouyinLiteTest@2e3fc542</td></tr>
<tr>
<td title='com.tester.cases.DouyinTest.get_user_follower_list()'><b>get_user_follower_list</b><br>Test class: com.tester.cases.DouyinTest</td>
<td></td>
<td>1</td>
<td>com.tester.cases.DouyinTest@544a2ea6</td></tr>
<tr>
<td title='com.tester.cases.DouyinLiteTest.get_user_follower_list()'><b>get_user_follower_list</b><br>Test class: com.tester.cases.DouyinLiteTest</td>
<td></td>
<td>1</td>
<td>com.tester.cases.DouyinLiteTest@2e3fc542</td></tr>
<tr>
<td title='com.tester.cases.DouyinTest.get_user_following_list()'><b>get_user_following_list</b><br>Test class: com.tester.cases.DouyinTest</td>
<td></td>
<td>1</td>
<td>com.tester.cases.DouyinTest@544a2ea6</td></tr>
<tr>
<td title='com.tester.cases.DouyinLiteTest.get_user_following_list()'><b>get_user_following_list</b><br>Test class: com.tester.cases.DouyinLiteTest</td>
<td></td>
<td>1</td>
<td>com.tester.cases.DouyinLiteTest@2e3fc542</td></tr>
<tr>
<td title='com.tester.cases.DouyinLiteTest.get_user_forward_list()'><b>get_user_forward_list</b><br>Test class: com.tester.cases.DouyinLiteTest</td>
<td></td>
<td>2</td>
<td>com.tester.cases.DouyinLiteTest@2e3fc542</td></tr>
<tr>
<td title='com.tester.cases.DouyinTest.get_user_info()'><b>get_user_info</b><br>Test class: com.tester.cases.DouyinTest</td>
<td></td>
<td>2</td>
<td>com.tester.cases.DouyinTest@544a2ea6</td></tr>
<tr>
<td title='com.tester.cases.DouyinTest.get_user_post()'><b>get_user_post</b><br>Test class: com.tester.cases.DouyinTest</td>
<td></td>
<td>1</td>
<td>com.tester.cases.DouyinTest@544a2ea6</td></tr>
<tr>
<td title='com.tester.cases.DouyinLiteTest.get_user_post()'><b>get_user_post</b><br>Test class: com.tester.cases.DouyinLiteTest</td>
<td></td>
<td>5</td>
<td>com.tester.cases.DouyinLiteTest@2e3fc542</td></tr>
<tr>
<td title='com.tester.cases.DouyinTest.get_user_search()'><b>get_user_search</b><br>Test class: com.tester.cases.DouyinTest</td>
<td></td>
<td>1</td>
<td>com.tester.cases.DouyinTest@544a2ea6</td></tr>
<tr>
<td title='com.tester.cases.DouyinLiteTest.get_user_search()'><b>get_user_search</b><br>Test class: com.tester.cases.DouyinLiteTest</td>
<td></td>
<td>4</td>
<td>com.tester.cases.DouyinLiteTest@2e3fc542</td></tr>
<tr>
<td title='com.tester.cases.DouyinTest.get_video_comment_list()'><b>get_video_comment_list</b><br>Test class: com.tester.cases.DouyinTest</td>
<td></td>
<td>3</td>
<td>com.tester.cases.DouyinTest@544a2ea6</td></tr>
<tr>
<td title='com.tester.cases.DouyinLiteTest.get_video_comment_list()'><b>get_video_comment_list</b><br>Test class: com.tester.cases.DouyinLiteTest</td>
<td></td>
<td>2</td>
<td>com.tester.cases.DouyinLiteTest@2e3fc542</td></tr>
<tr>
<td title='com.tester.cases.DouyinTest.get_video_detail()'><b>get_video_detail</b><br>Test class: com.tester.cases.DouyinTest</td>
<td></td>
<td>8</td>
<td>com.tester.cases.DouyinTest@544a2ea6</td></tr>
<tr>
<td title='com.tester.cases.DouyinTest.get_video_search()'><b>get_video_search</b><br>Test class: com.tester.cases.DouyinTest</td>
<td></td>
<td>2</td>
<td>com.tester.cases.DouyinTest@544a2ea6</td></tr>
<tr>
<td title='com.tester.cases.DouyinLiteTest.get_video_search()'><b>get_video_search</b><br>Test class: com.tester.cases.DouyinLiteTest</td>
<td></td>
<td>2</td>
<td>com.tester.cases.DouyinLiteTest@2e3fc542</td></tr>
<tr>
<td title='com.tester.cases.DouyinTest.get_webcast_ranklist()'><b>get_webcast_ranklist</b><br>Test class: com.tester.cases.DouyinTest</td>
<td></td>
<td>0</td>
<td>com.tester.cases.DouyinTest@544a2ea6</td></tr>
<tr>
<td title='com.tester.cases.DouyinLiteTest.get_webcast_ranklist()'><b>get_webcast_ranklist</b><br>Test class: com.tester.cases.DouyinLiteTest</td>
<td></td>
<td>0</td>
<td>com.tester.cases.DouyinLiteTest@2e3fc542</td></tr>
<tr>
<td title='com.tester.cases.DouyinTest.get_webcast_room_info()'><b>get_webcast_room_info</b><br>Test class: com.tester.cases.DouyinTest</td>
<td></td>
<td>0</td>
<td>com.tester.cases.DouyinTest@544a2ea6</td></tr>
<tr>
<td title='com.tester.cases.DouyinTest.get_webcast_user_info()'><b>get_webcast_user_info</b><br>Test class: com.tester.cases.DouyinTest</td>
<td></td>
<td>0</td>
<td>com.tester.cases.DouyinTest@544a2ea6</td></tr>
<tr>
<td title='com.tester.cases.DouyinLiteTest.get_webcast_user_info()'><b>get_webcast_user_info</b><br>Test class: com.tester.cases.DouyinLiteTest</td>
<td></td>
<td>0</td>
<td>com.tester.cases.DouyinLiteTest@2e3fc542</td></tr>
<tr>
<td title='com.tester.cases.XHSv1Test.home_feed()'><b>home_feed</b><br>Test class: com.tester.cases.XHSv1Test</td>
<td></td>
<td>15</td>
<td>com.tester.cases.XHSv1Test@6ec8211c</td></tr>
<tr>
<td title='com.tester.cases.XHSv2Test.home_feed()'><b>home_feed</b><br>Test class: com.tester.cases.XHSv2Test</td>
<td></td>
<td>1</td>
<td>com.tester.cases.XHSv2Test@7276c8cd</td></tr>
<tr>
<td title='com.tester.cases.DuTest.ice_shopping()'><b>ice_shopping</b><br>Test class: com.tester.cases.DuTest</td>
<td></td>
<td>0</td>
<td>com.tester.cases.DuTest@25bbf683</td></tr>
<tr>
<td title='com.tester.cases.DuTest.ice_shopping_tab()'><b>ice_shopping_tab</b><br>Test class: com.tester.cases.DuTest</td>
<td></td>
<td>0</td>
<td>com.tester.cases.DuTest@25bbf683</td></tr>
<tr>
<td title='com.tester.cases.XHSv2Test.item_comm()'><b>item_comm</b><br>Test class: com.tester.cases.XHSv2Test</td>
<td></td>
<td>1</td>
<td>com.tester.cases.XHSv2Test@7276c8cd</td></tr>
<tr>
<td title='com.tester.cases.DuTest.item_detail()'><b>item_detail</b><br>Test class: com.tester.cases.DuTest</td>
<td></td>
<td>0</td>
<td>com.tester.cases.DuTest@25bbf683</td></tr>
<tr>
<td title='com.tester.cases.XHSv2Test.item_info()'><b>item_info</b><br>Test class: com.tester.cases.XHSv2Test</td>
<td></td>
<td>0</td>
<td>com.tester.cases.XHSv2Test@7276c8cd</td></tr>
<tr>
<td title='com.tester.cases.XHSv2Test.item_price()'><b>item_price</b><br>Test class: com.tester.cases.XHSv2Test</td>
<td></td>
<td>4</td>
<td>com.tester.cases.XHSv2Test@7276c8cd</td></tr>
<tr>
<td title='com.tester.cases.XHSv2Test.item_search()'><b>item_search</b><br>Test class: com.tester.cases.XHSv2Test</td>
<td></td>
<td>0</td>
<td>com.tester.cases.XHSv2Test@7276c8cd</td></tr>
<tr>
<td title='com.tester.cases.JingDongCPSTest.items()'><b>items</b><br>Test class: com.tester.cases.JingDongCPSTest</td>
<td></td>
<td>1</td>
<td>com.tester.cases.JingDongCPSTest@10dba097</td></tr>
<tr>
<td title='com.tester.cases.XHSv1Test.note_comments()'><b>note_comments</b><br>Test class: com.tester.cases.XHSv1Test</td>
<td></td>
<td>0</td>
<td>com.tester.cases.XHSv1Test@6ec8211c</td></tr>
<tr>
<td title='com.tester.cases.XHSv1Test.note_detail()'><b>note_detail</b><br>Test class: com.tester.cases.XHSv1Test</td>
<td></td>
<td>0</td>
<td>com.tester.cases.XHSv1Test@6ec8211c</td></tr>
<tr>
<td title='com.tester.cases.XHSv2Test.note_detail()'><b>note_detail</b><br>Test class: com.tester.cases.XHSv2Test</td>
<td></td>
<td>15</td>
<td>com.tester.cases.XHSv2Test@7276c8cd</td></tr>
<tr>
<td title='com.tester.cases.XHSv2Test.note_search()'><b>note_search</b><br>Test class: com.tester.cases.XHSv2Test</td>
<td></td>
<td>1</td>
<td>com.tester.cases.XHSv2Test@7276c8cd</td></tr>
<tr>
<td title='com.tester.cases.KuaiShouTest.product_list()'><b>product_list</b><br>Test class: com.tester.cases.KuaiShouTest</td>
<td></td>
<td>0</td>
<td>com.tester.cases.KuaiShouTest@1786f9d5</td></tr>
<tr>
<td title='com.tester.cases.XHSv2Test.shop_font()'><b>shop_font</b><br>Test class: com.tester.cases.XHSv2Test</td>
<td></td>
<td>3</td>
<td>com.tester.cases.XHSv2Test@7276c8cd</td></tr>
<tr>
<td title='com.tester.cases.XHSv2Test.shop_info()'><b>shop_info</b><br>Test class: com.tester.cases.XHSv2Test</td>
<td></td>
<td>0</td>
<td>com.tester.cases.XHSv2Test@7276c8cd</td></tr>
<tr>
<td title='com.tester.cases.XHSv2Test.shop_items()'><b>shop_items</b><br>Test class: com.tester.cases.XHSv2Test</td>
<td></td>
<td>0</td>
<td>com.tester.cases.XHSv2Test@7276c8cd</td></tr>
<tr>
<td title='com.tester.cases.DuTest.sold_list()'><b>sold_list</b><br>Test class: com.tester.cases.DuTest</td>
<td></td>
<td>0</td>
<td>com.tester.cases.DuTest@25bbf683</td></tr>
<tr>
<td title='com.tester.cases.XHSv2Test.topic_notes()'><b>topic_notes</b><br>Test class: com.tester.cases.XHSv2Test</td>
<td></td>
<td>0</td>
<td>com.tester.cases.XHSv2Test@7276c8cd</td></tr>
<tr>
<td title='com.tester.cases.XHSv1Test.user_fans()'><b>user_fans</b><br>Test class: com.tester.cases.XHSv1Test</td>
<td></td>
<td>1</td>
<td>com.tester.cases.XHSv1Test@6ec8211c</td></tr>
<tr>
<td title='com.tester.cases.XHSv2Test.user_fans()'><b>user_fans</b><br>Test class: com.tester.cases.XHSv2Test</td>
<td></td>
<td>1</td>
<td>com.tester.cases.XHSv2Test@7276c8cd</td></tr>
<tr>
<td title='com.tester.cases.XHSv1Test.user_focus()'><b>user_focus</b><br>Test class: com.tester.cases.XHSv1Test</td>
<td></td>
<td>0</td>
<td>com.tester.cases.XHSv1Test@6ec8211c</td></tr>
<tr>
<td title='com.tester.cases.XHSv2Test.user_focus()'><b>user_focus</b><br>Test class: com.tester.cases.XHSv2Test</td>
<td></td>
<td>0</td>
<td>com.tester.cases.XHSv2Test@7276c8cd</td></tr>
<tr>
<td title='com.tester.cases.XHSv1Test.user_info()'><b>user_info</b><br>Test class: com.tester.cases.XHSv1Test</td>
<td></td>
<td>0</td>
<td>com.tester.cases.XHSv1Test@6ec8211c</td></tr>
<tr>
<td title='com.tester.cases.XHSv2Test.user_info()'><b>user_info</b><br>Test class: com.tester.cases.XHSv2Test</td>
<td></td>
<td>0</td>
<td>com.tester.cases.XHSv2Test@7276c8cd</td></tr>
<tr>
<td title='com.tester.cases.DouyinShareTest.user_info()'><b>user_info</b><br>Test class: com.tester.cases.DouyinShareTest</td>
<td></td>
<td>0</td>
<td>com.tester.cases.DouyinShareTest@4524411f</td></tr>
<tr>
<td title='com.tester.cases.XHSv2Test.user_note()'><b>user_note</b><br>Test class: com.tester.cases.XHSv2Test</td>
<td></td>
<td>0</td>
<td>com.tester.cases.XHSv2Test@7276c8cd</td></tr>
<tr>
<td title='com.tester.cases.XHSv1Test.user_video()'><b>user_video</b><br>Test class: com.tester.cases.XHSv1Test</td>
<td></td>
<td>0</td>
<td>com.tester.cases.XHSv1Test@6ec8211c</td></tr>
<tr>
<td title='com.tester.cases.XHSv2Test.user_video()'><b>user_video</b><br>Test class: com.tester.cases.XHSv2Test</td>
<td></td>
<td>0</td>
<td>com.tester.cases.XHSv2Test@7276c8cd</td></tr>
<tr>
<td title='com.tester.cases.DouyinShareTest.user_video()'><b>user_video</b><br>Test class: com.tester.cases.DouyinShareTest</td>
<td></td>
<td>1</td>
<td>com.tester.cases.DouyinShareTest@4524411f</td></tr>
<tr>
<td title='com.tester.cases.XHSv1Test.video_detail()'><b>video_detail</b><br>Test class: com.tester.cases.XHSv1Test</td>
<td></td>
<td>0</td>
<td>com.tester.cases.XHSv1Test@6ec8211c</td></tr>
<tr>
<td title='com.tester.cases.XHSv2Test.video_detail()'><b>video_detail</b><br>Test class: com.tester.cases.XHSv2Test</td>
<td></td>
<td>1</td>
<td>com.tester.cases.XHSv2Test@7276c8cd</td></tr>
</table><p>
</body>
</html>