<?xml version="1.0" encoding="UTF-8"?>
<testng-results ignored="0" total="112" passed="89" failed="23" skipped="0">
  <reporter-output>
  </reporter-output>
  <suite started-at="2020-02-07T05:25:41Z" name="Suite" finished-at="2020-02-07T05:35:51Z" duration-ms="609443">
    <groups>
      <group name="douyinshare">
        <method signature="DouyinShareTest.user_info()[pri:0, instance:com.tester.cases.DouyinShareTest@4524411f]" name="user_info" class="com.tester.cases.DouyinShareTest"/>
      </group> <!-- douyinshare -->
      <group name="du">
        <method signature="DuTest.call_nums()[pri:0, instance:com.tester.cases.DuTest@25bbf683]" name="call_nums" class="com.tester.cases.DuTest"/>
        <method signature="DuTest.ice_shopping()[pri:0, instance:com.tester.cases.DuTest@25bbf683]" name="ice_shopping" class="com.tester.cases.DuTest"/>
        <method signature="DuTest.ice_shopping_tab()[pri:0, instance:com.tester.cases.DuTest@25bbf683]" name="ice_shopping_tab" class="com.tester.cases.DuTest"/>
        <method signature="DuTest.item_detail()[pri:0, instance:com.tester.cases.DuTest@25bbf683]" name="item_detail" class="com.tester.cases.DuTest"/>
        <method signature="DuTest.sold_list()[pri:0, instance:com.tester.cases.DuTest@25bbf683]" name="sold_list" class="com.tester.cases.DuTest"/>
      </group> <!-- du -->
      <group name="pdd">
        <method signature="PddTest.get_cat_id_list()[pri:0, instance:com.tester.cases.PddTest@42607a4f]" name="get_cat_id_list" class="com.tester.cases.PddTest"/>
        <method signature="PddTest.get_pdd_date()[pri:0, instance:com.tester.cases.PddTest@42607a4f]" name="get_pdd_date" class="com.tester.cases.PddTest"/>
      </group> <!-- pdd -->
      <group name="xhsv1">
        <method signature="XHSv1Test.home_feed()[pri:0, instance:com.tester.cases.XHSv1Test@6ec8211c]" name="home_feed" class="com.tester.cases.XHSv1Test"/>
        <method signature="XHSv1Test.note_comments()[pri:0, instance:com.tester.cases.XHSv1Test@6ec8211c]" name="note_comments" class="com.tester.cases.XHSv1Test"/>
        <method signature="XHSv1Test.note_detail()[pri:0, instance:com.tester.cases.XHSv1Test@6ec8211c]" name="note_detail" class="com.tester.cases.XHSv1Test"/>
        <method signature="XHSv1Test.user_fans()[pri:0, instance:com.tester.cases.XHSv1Test@6ec8211c]" name="user_fans" class="com.tester.cases.XHSv1Test"/>
        <method signature="XHSv1Test.user_focus()[pri:0, instance:com.tester.cases.XHSv1Test@6ec8211c]" name="user_focus" class="com.tester.cases.XHSv1Test"/>
        <method signature="XHSv1Test.user_info()[pri:0, instance:com.tester.cases.XHSv1Test@6ec8211c]" name="user_info" class="com.tester.cases.XHSv1Test"/>
        <method signature="XHSv1Test.user_note()[pri:0, instance:com.tester.cases.XHSv1Test@6ec8211c]" name="user_note" class="com.tester.cases.XHSv1Test"/>
        <method signature="XHSv1Test.user_video()[pri:0, instance:com.tester.cases.XHSv1Test@6ec8211c]" name="user_video" class="com.tester.cases.XHSv1Test"/>
        <method signature="XHSv1Test.video_detail()[pri:0, instance:com.tester.cases.XHSv1Test@6ec8211c]" name="video_detail" class="com.tester.cases.XHSv1Test"/>
      </group> <!-- xhsv1 -->
      <group name="douyin">
        <method signature="DouyinTest.get_feed()[pri:0, instance:com.tester.cases.DouyinTest@544a2ea6]" name="get_feed" class="com.tester.cases.DouyinTest"/>
        <method signature="DouyinTest.get_general_search_ret()[pri:0, instance:com.tester.cases.DouyinTest@544a2ea6]" name="get_general_search_ret" class="com.tester.cases.DouyinTest"/>
        <method signature="DouyinTest.get_hot_category_list()[pri:0, instance:com.tester.cases.DouyinTest@544a2ea6]" name="get_hot_category_list" class="com.tester.cases.DouyinTest"/>
        <method signature="DouyinTest.get_hot_music_list()[pri:0, instance:com.tester.cases.DouyinTest@544a2ea6]" name="get_hot_music_list" class="com.tester.cases.DouyinTest"/>
        <method signature="DouyinTest.get_hot_positive_energy_list()[pri:0, instance:com.tester.cases.DouyinTest@544a2ea6]" name="get_hot_positive_energy_list" class="com.tester.cases.DouyinTest"/>
        <method signature="DouyinTest.get_hot_search_list()[pri:0, instance:com.tester.cases.DouyinTest@544a2ea6]" name="get_hot_search_list" class="com.tester.cases.DouyinTest"/>
        <method signature="DouyinTest.get_hot_video_list()[pri:0, instance:com.tester.cases.DouyinTest@544a2ea6]" name="get_hot_video_list" class="com.tester.cases.DouyinTest"/>
        <method signature="DouyinTest.get_music_detail()[pri:0, instance:com.tester.cases.DouyinTest@544a2ea6]" name="get_music_detail" class="com.tester.cases.DouyinTest"/>
        <method signature="DouyinTest.get_music_videos()[pri:0, instance:com.tester.cases.DouyinTest@544a2ea6]" name="get_music_videos" class="com.tester.cases.DouyinTest"/>
        <method signature="DouyinTest.get_nearby_feed()[pri:0, instance:com.tester.cases.DouyinTest@544a2ea6]" name="get_nearby_feed" class="com.tester.cases.DouyinTest"/>
        <method signature="DouyinTest.get_promotion_list()[pri:0, instance:com.tester.cases.DouyinTest@544a2ea6]" name="get_promotion_list" class="com.tester.cases.DouyinTest"/>
        <method signature="DouyinTest.get_share_video_detail()[pri:0, instance:com.tester.cases.DouyinTest@544a2ea6]" name="get_share_video_detail" class="com.tester.cases.DouyinTest"/>
        <method signature="DouyinTest.get_user_follower_list()[pri:0, instance:com.tester.cases.DouyinTest@544a2ea6]" name="get_user_follower_list" class="com.tester.cases.DouyinTest"/>
        <method signature="DouyinTest.get_user_following_list()[pri:0, instance:com.tester.cases.DouyinTest@544a2ea6]" name="get_user_following_list" class="com.tester.cases.DouyinTest"/>
        <method signature="DouyinTest.get_user_forward_list()[pri:0, instance:com.tester.cases.DouyinTest@544a2ea6]" name="get_user_forward_list" class="com.tester.cases.DouyinTest"/>
        <method signature="DouyinTest.get_user_info()[pri:0, instance:com.tester.cases.DouyinTest@544a2ea6]" name="get_user_info" class="com.tester.cases.DouyinTest"/>
        <method signature="DouyinTest.get_user_post()[pri:0, instance:com.tester.cases.DouyinTest@544a2ea6]" name="get_user_post" class="com.tester.cases.DouyinTest"/>
        <method signature="DouyinTest.get_user_search()[pri:0, instance:com.tester.cases.DouyinTest@544a2ea6]" name="get_user_search" class="com.tester.cases.DouyinTest"/>
        <method signature="DouyinTest.get_video_comment_list()[pri:0, instance:com.tester.cases.DouyinTest@544a2ea6]" name="get_video_comment_list" class="com.tester.cases.DouyinTest"/>
        <method signature="DouyinTest.get_video_detail()[pri:0, instance:com.tester.cases.DouyinTest@544a2ea6]" name="get_video_detail" class="com.tester.cases.DouyinTest"/>
        <method signature="DouyinTest.get_video_search()[pri:0, instance:com.tester.cases.DouyinTest@544a2ea6]" name="get_video_search" class="com.tester.cases.DouyinTest"/>
        <method signature="DouyinTest.get_webcast_ranklist()[pri:0, instance:com.tester.cases.DouyinTest@544a2ea6]" name="get_webcast_ranklist" class="com.tester.cases.DouyinTest"/>
        <method signature="DouyinTest.get_webcast_room_info()[pri:0, instance:com.tester.cases.DouyinTest@544a2ea6]" name="get_webcast_room_info" class="com.tester.cases.DouyinTest"/>
        <method signature="DouyinTest.get_webcast_user_info()[pri:0, instance:com.tester.cases.DouyinTest@544a2ea6]" name="get_webcast_user_info" class="com.tester.cases.DouyinTest"/>
      </group> <!-- douyin -->
      <group name="jingdongcps">
        <method signature="JingDongCPSTest.items()[pri:0, instance:com.tester.cases.JingDongCPSTest@10dba097]" name="items" class="com.tester.cases.JingDongCPSTest"/>
        <method signature="JingDongCPSTest.shop_info()[pri:0, instance:com.tester.cases.JingDongCPSTest@10dba097]" name="shop_info" class="com.tester.cases.JingDongCPSTest"/>
        <method signature="JingDongCPSTest.shop_item()[pri:0, instance:com.tester.cases.JingDongCPSTest@10dba097]" name="shop_item" class="com.tester.cases.JingDongCPSTest"/>
        <method signature="JingDongCPSTest.shops()[pri:0, instance:com.tester.cases.JingDongCPSTest@10dba097]" name="shops" class="com.tester.cases.JingDongCPSTest"/>
      </group> <!-- jingdongcps -->
      <group name="xhsv2">
        <method signature="XHSv2Test.call_nums()[pri:0, instance:com.tester.cases.XHSv2Test@7276c8cd]" name="call_nums" class="com.tester.cases.XHSv2Test"/>
        <method signature="XHSv2Test.channel_refresh()[pri:0, instance:com.tester.cases.XHSv2Test@7276c8cd]" name="channel_refresh" class="com.tester.cases.XHSv2Test"/>
        <method signature="XHSv2Test.home_feed()[pri:0, instance:com.tester.cases.XHSv2Test@7276c8cd]" name="home_feed" class="com.tester.cases.XHSv2Test"/>
        <method signature="XHSv2Test.item_comm()[pri:0, instance:com.tester.cases.XHSv2Test@7276c8cd]" name="item_comm" class="com.tester.cases.XHSv2Test"/>
        <method signature="XHSv2Test.item_info()[pri:0, instance:com.tester.cases.XHSv2Test@7276c8cd]" name="item_info" class="com.tester.cases.XHSv2Test"/>
        <method signature="XHSv2Test.item_price()[pri:0, instance:com.tester.cases.XHSv2Test@7276c8cd]" name="item_price" class="com.tester.cases.XHSv2Test"/>
        <method signature="XHSv2Test.item_search()[pri:0, instance:com.tester.cases.XHSv2Test@7276c8cd]" name="item_search" class="com.tester.cases.XHSv2Test"/>
        <method signature="XHSv2Test.note_comments()[pri:0, instance:com.tester.cases.XHSv2Test@7276c8cd]" name="note_comments" class="com.tester.cases.XHSv2Test"/>
        <method signature="XHSv2Test.note_detail()[pri:0, instance:com.tester.cases.XHSv2Test@7276c8cd]" name="note_detail" class="com.tester.cases.XHSv2Test"/>
        <method signature="XHSv2Test.note_search()[pri:0, instance:com.tester.cases.XHSv2Test@7276c8cd]" name="note_search" class="com.tester.cases.XHSv2Test"/>
        <method signature="XHSv2Test.shop_font()[pri:0, instance:com.tester.cases.XHSv2Test@7276c8cd]" name="shop_font" class="com.tester.cases.XHSv2Test"/>
        <method signature="XHSv2Test.shop_info()[pri:0, instance:com.tester.cases.XHSv2Test@7276c8cd]" name="shop_info" class="com.tester.cases.XHSv2Test"/>
        <method signature="XHSv2Test.shop_items()[pri:0, instance:com.tester.cases.XHSv2Test@7276c8cd]" name="shop_items" class="com.tester.cases.XHSv2Test"/>
        <method signature="XHSv2Test.topic_notes()[pri:0, instance:com.tester.cases.XHSv2Test@7276c8cd]" name="topic_notes" class="com.tester.cases.XHSv2Test"/>
        <method signature="XHSv2Test.user_fans()[pri:0, instance:com.tester.cases.XHSv2Test@7276c8cd]" name="user_fans" class="com.tester.cases.XHSv2Test"/>
        <method signature="XHSv2Test.user_focus()[pri:0, instance:com.tester.cases.XHSv2Test@7276c8cd]" name="user_focus" class="com.tester.cases.XHSv2Test"/>
        <method signature="XHSv2Test.user_info()[pri:0, instance:com.tester.cases.XHSv2Test@7276c8cd]" name="user_info" class="com.tester.cases.XHSv2Test"/>
        <method signature="XHSv2Test.user_note()[pri:0, instance:com.tester.cases.XHSv2Test@7276c8cd]" name="user_note" class="com.tester.cases.XHSv2Test"/>
        <method signature="XHSv2Test.user_video()[pri:0, instance:com.tester.cases.XHSv2Test@7276c8cd]" name="user_video" class="com.tester.cases.XHSv2Test"/>
        <method signature="XHSv2Test.video_detail()[pri:0, instance:com.tester.cases.XHSv2Test@7276c8cd]" name="video_detail" class="com.tester.cases.XHSv2Test"/>
      </group> <!-- xhsv2 -->
      <group name="jingdong">
        <method signature="JingDongTest.crawlCommentsCounts()[pri:0, instance:com.tester.cases.JingDongTest@401e7803]" name="crawlCommentsCounts" class="com.tester.cases.JingDongTest"/>
        <method signature="JingDongTest.crawlPageByBrandName()[pri:0, instance:com.tester.cases.JingDongTest@401e7803]" name="crawlPageByBrandName" class="com.tester.cases.JingDongTest"/>
        <method signature="JingDongTest.crawlPageShopProducts()[pri:0, instance:com.tester.cases.JingDongTest@401e7803]" name="crawlPageShopProducts" class="com.tester.cases.JingDongTest"/>
        <method signature="JingDongTest.crawlShopDetails()[pri:0, instance:com.tester.cases.JingDongTest@401e7803]" name="crawlShopDetails" class="com.tester.cases.JingDongTest"/>
        <method signature="JingDongTest.crawlShopVenderId()[pri:0, instance:com.tester.cases.JingDongTest@401e7803]" name="crawlShopVenderId" class="com.tester.cases.JingDongTest"/>
        <method signature="JingDongTest.crawlSkuComment()[pri:0, instance:com.tester.cases.JingDongTest@401e7803]" name="crawlSkuComment" class="com.tester.cases.JingDongTest"/>
        <method signature="JingDongTest.crawlSkuCommentAndCount()[pri:0, instance:com.tester.cases.JingDongTest@401e7803]" name="crawlSkuCommentAndCount" class="com.tester.cases.JingDongTest"/>
        <method signature="JingDongTest.crawlSkuPrices()[pri:0, instance:com.tester.cases.JingDongTest@401e7803]" name="crawlSkuPrices" class="com.tester.cases.JingDongTest"/>
      </group> <!-- jingdong -->
      <group name="douyinlite">
        <method signature="DouyinAweTest.get_aweme_comment()[pri:0, instance:com.tester.cases.DouyinAweTest@150c158]" name="get_aweme_comment" class="com.tester.cases.DouyinAweTest"/>
        <method signature="DouyinAweTest.get_aweme_info()[pri:0, instance:com.tester.cases.DouyinAweTest@150c158]" name="get_aweme_info" class="com.tester.cases.DouyinAweTest"/>
        <method signature="DouyinAweTest.get_aweme_list()[pri:0, instance:com.tester.cases.DouyinAweTest@150c158]" name="get_aweme_list" class="com.tester.cases.DouyinAweTest"/>
        <method signature="DouyinLiteTest.get_feed()[pri:0, instance:com.tester.cases.DouyinLiteTest@2e3fc542]" name="get_feed" class="com.tester.cases.DouyinLiteTest"/>
        <method signature="DouyinLiteTest.get_general_search_ret()[pri:0, instance:com.tester.cases.DouyinLiteTest@2e3fc542]" name="get_general_search_ret" class="com.tester.cases.DouyinLiteTest"/>
        <method signature="DouyinLiteTest.get_hot_category_list()[pri:0, instance:com.tester.cases.DouyinLiteTest@2e3fc542]" name="get_hot_category_list" class="com.tester.cases.DouyinLiteTest"/>
        <method signature="DouyinLiteTest.get_hot_music_list()[pri:0, instance:com.tester.cases.DouyinLiteTest@2e3fc542]" name="get_hot_music_list" class="com.tester.cases.DouyinLiteTest"/>
        <method signature="DouyinLiteTest.get_hot_positive_energy_list()[pri:0, instance:com.tester.cases.DouyinLiteTest@2e3fc542]" name="get_hot_positive_energy_list" class="com.tester.cases.DouyinLiteTest"/>
        <method signature="DouyinLiteTest.get_hot_search_list()[pri:0, instance:com.tester.cases.DouyinLiteTest@2e3fc542]" name="get_hot_search_list" class="com.tester.cases.DouyinLiteTest"/>
        <method signature="DouyinLiteTest.get_hot_video_list()[pri:0, instance:com.tester.cases.DouyinLiteTest@2e3fc542]" name="get_hot_video_list" class="com.tester.cases.DouyinLiteTest"/>
        <method signature="DouyinLiteTest.get_music_detail()[pri:0, instance:com.tester.cases.DouyinLiteTest@2e3fc542]" name="get_music_detail" class="com.tester.cases.DouyinLiteTest"/>
        <method signature="DouyinLiteTest.get_music_videos()[pri:0, instance:com.tester.cases.DouyinLiteTest@2e3fc542]" name="get_music_videos" class="com.tester.cases.DouyinLiteTest"/>
        <method signature="DouyinLiteTest.get_nearby_feed()[pri:0, instance:com.tester.cases.DouyinLiteTest@2e3fc542]" name="get_nearby_feed" class="com.tester.cases.DouyinLiteTest"/>
        <method signature="DouyinLiteTest.get_promotion_list()[pri:0, instance:com.tester.cases.DouyinLiteTest@2e3fc542]" name="get_promotion_list" class="com.tester.cases.DouyinLiteTest"/>
        <method signature="DouyinLiteTest.get_share_video_detail()[pri:0, instance:com.tester.cases.DouyinLiteTest@2e3fc542]" name="get_share_video_detail" class="com.tester.cases.DouyinLiteTest"/>
        <method signature="DouyinLiteTest.get_user_follower_list()[pri:0, instance:com.tester.cases.DouyinLiteTest@2e3fc542]" name="get_user_follower_list" class="com.tester.cases.DouyinLiteTest"/>
        <method signature="DouyinLiteTest.get_user_following_list()[pri:0, instance:com.tester.cases.DouyinLiteTest@2e3fc542]" name="get_user_following_list" class="com.tester.cases.DouyinLiteTest"/>
        <method signature="DouyinLiteTest.get_user_forward_list()[pri:0, instance:com.tester.cases.DouyinLiteTest@2e3fc542]" name="get_user_forward_list" class="com.tester.cases.DouyinLiteTest"/>
        <method signature="DouyinLiteTest.get_user_info()[pri:0, instance:com.tester.cases.DouyinLiteTest@2e3fc542]" name="get_user_info" class="com.tester.cases.DouyinLiteTest"/>
        <method signature="DouyinLiteTest.get_user_post()[pri:0, instance:com.tester.cases.DouyinLiteTest@2e3fc542]" name="get_user_post" class="com.tester.cases.DouyinLiteTest"/>
        <method signature="DouyinLiteTest.get_user_search()[pri:0, instance:com.tester.cases.DouyinLiteTest@2e3fc542]" name="get_user_search" class="com.tester.cases.DouyinLiteTest"/>
        <method signature="DouyinLiteTest.get_video_comment_list()[pri:0, instance:com.tester.cases.DouyinLiteTest@2e3fc542]" name="get_video_comment_list" class="com.tester.cases.DouyinLiteTest"/>
        <method signature="DouyinLiteTest.get_video_detail()[pri:0, instance:com.tester.cases.DouyinLiteTest@2e3fc542]" name="get_video_detail" class="com.tester.cases.DouyinLiteTest"/>
        <method signature="DouyinLiteTest.get_video_search()[pri:0, instance:com.tester.cases.DouyinLiteTest@2e3fc542]" name="get_video_search" class="com.tester.cases.DouyinLiteTest"/>
        <method signature="DouyinLiteTest.get_webcast_ranklist()[pri:0, instance:com.tester.cases.DouyinLiteTest@2e3fc542]" name="get_webcast_ranklist" class="com.tester.cases.DouyinLiteTest"/>
        <method signature="DouyinLiteTest.get_webcast_room_info()[pri:0, instance:com.tester.cases.DouyinLiteTest@2e3fc542]" name="get_webcast_room_info" class="com.tester.cases.DouyinLiteTest"/>
        <method signature="DouyinLiteTest.get_webcast_user_info()[pri:0, instance:com.tester.cases.DouyinLiteTest@2e3fc542]" name="get_webcast_user_info" class="com.tester.cases.DouyinLiteTest"/>
      </group> <!-- douyinlite -->
      <group name="douyinawe">
        <method signature="DouyinAweTest.get_promotion_list()[pri:0, instance:com.tester.cases.DouyinAweTest@150c158]" name="get_promotion_list" class="com.tester.cases.DouyinAweTest"/>
        <method signature="DouyinAweTest.get_user_info()[pri:0, instance:com.tester.cases.DouyinAweTest@150c158]" name="get_user_info" class="com.tester.cases.DouyinAweTest"/>
        <method signature="DouyinShareTest.user_video()[pri:0, instance:com.tester.cases.DouyinShareTest@4524411f]" name="user_video" class="com.tester.cases.DouyinShareTest"/>
      </group> <!-- douyinawe -->
      <group name="kuaishou">
        <method signature="KuaiShouTest.call_nums()[pri:0, instance:com.tester.cases.KuaiShouTest@1786f9d5]" name="call_nums" class="com.tester.cases.KuaiShouTest"/>
        <method signature="KuaiShouTest.hot_feed()[pri:0, instance:com.tester.cases.KuaiShouTest@1786f9d5]" name="hot_feed" class="com.tester.cases.KuaiShouTest"/>
        <method signature="KuaiShouTest.nearby_feed()[pri:0, instance:com.tester.cases.KuaiShouTest@1786f9d5]" name="nearby_feed" class="com.tester.cases.KuaiShouTest"/>
        <method signature="KuaiShouTest.product_list()[pri:0, instance:com.tester.cases.KuaiShouTest@1786f9d5]" name="product_list" class="com.tester.cases.KuaiShouTest"/>
        <method signature="KuaiShouTest.share_video()[pri:0, instance:com.tester.cases.KuaiShouTest@1786f9d5]" name="share_video" class="com.tester.cases.KuaiShouTest"/>
        <method signature="KuaiShouTest.user_info()[pri:0, instance:com.tester.cases.KuaiShouTest@1786f9d5]" name="user_info" class="com.tester.cases.KuaiShouTest"/>
        <method signature="KuaiShouTest.user_video()[pri:0, instance:com.tester.cases.KuaiShouTest@1786f9d5]" name="user_video" class="com.tester.cases.KuaiShouTest"/>
        <method signature="KuaiShouTest.video_comment()[pri:0, instance:com.tester.cases.KuaiShouTest@1786f9d5]" name="video_comment" class="com.tester.cases.KuaiShouTest"/>
        <method signature="KuaiShouTest.video_detail()[pri:0, instance:com.tester.cases.KuaiShouTest@1786f9d5]" name="video_detail" class="com.tester.cases.KuaiShouTest"/>
      </group> <!-- kuaishou -->
    </groups>
    <test started-at="2020-02-07T05:25:41Z" name="Test" finished-at="2020-02-07T05:35:51Z" duration-ms="609443">
      <class name="com.tester.cases.DouyinLiteTest">
        <test-method signature="get_feed()[pri:0, instance:com.tester.cases.DouyinLiteTest@2e3fc542]" started-at="2020-02-07T13:28:03Z" name="get_feed" finished-at="2020-02-07T13:28:06Z" duration-ms="2937" status="PASS">
          <reporter-output>
          </reporter-output>
        </test-method> <!-- get_feed -->
        <test-method signature="get_general_search_ret()[pri:0, instance:com.tester.cases.DouyinLiteTest@2e3fc542]" started-at="2020-02-07T13:28:06Z" name="get_general_search_ret" finished-at="2020-02-07T13:28:12Z" duration-ms="5969" status="PASS">
          <reporter-output>
          </reporter-output>
        </test-method> <!-- get_general_search_ret -->
        <test-method signature="get_hot_category_list()[pri:0, instance:com.tester.cases.DouyinLiteTest@2e3fc542]" started-at="2020-02-07T13:28:12Z" name="get_hot_category_list" finished-at="2020-02-07T13:28:20Z" duration-ms="7909" status="PASS">
          <reporter-output>
          </reporter-output>
        </test-method> <!-- get_hot_category_list -->
        <test-method signature="get_hot_music_list()[pri:0, instance:com.tester.cases.DouyinLiteTest@2e3fc542]" started-at="2020-02-07T13:28:20Z" name="get_hot_music_list" finished-at="2020-02-07T13:28:24Z" duration-ms="3924" status="PASS">
          <reporter-output>
          </reporter-output>
        </test-method> <!-- get_hot_music_list -->
        <test-method signature="get_hot_positive_energy_list()[pri:0, instance:com.tester.cases.DouyinLiteTest@2e3fc542]" started-at="2020-02-07T13:28:24Z" name="get_hot_positive_energy_list" finished-at="2020-02-07T13:28:26Z" duration-ms="1795" status="PASS">
          <reporter-output>
          </reporter-output>
        </test-method> <!-- get_hot_positive_energy_list -->
        <test-method signature="get_hot_search_list()[pri:0, instance:com.tester.cases.DouyinLiteTest@2e3fc542]" started-at="2020-02-07T13:28:26Z" name="get_hot_search_list" finished-at="2020-02-07T13:28:28Z" duration-ms="2179" status="PASS">
          <reporter-output>
          </reporter-output>
        </test-method> <!-- get_hot_search_list -->
        <test-method signature="get_hot_video_list()[pri:0, instance:com.tester.cases.DouyinLiteTest@2e3fc542]" started-at="2020-02-07T13:28:28Z" name="get_hot_video_list" finished-at="2020-02-07T13:28:34Z" duration-ms="6062" status="PASS">
          <reporter-output>
          </reporter-output>
        </test-method> <!-- get_hot_video_list -->
        <test-method signature="get_music_detail()[pri:0, instance:com.tester.cases.DouyinLiteTest@2e3fc542]" started-at="2020-02-07T13:28:34Z" name="get_music_detail" finished-at="2020-02-07T13:28:36Z" duration-ms="2603" status="PASS">
          <reporter-output>
          </reporter-output>
        </test-method> <!-- get_music_detail -->
        <test-method signature="get_music_videos()[pri:0, instance:com.tester.cases.DouyinLiteTest@2e3fc542]" started-at="2020-02-07T13:28:36Z" name="get_music_videos" finished-at="2020-02-07T13:28:39Z" duration-ms="2199" status="PASS">
          <reporter-output>
          </reporter-output>
        </test-method> <!-- get_music_videos -->
        <test-method signature="get_nearby_feed()[pri:0, instance:com.tester.cases.DouyinLiteTest@2e3fc542]" started-at="2020-02-07T13:28:39Z" name="get_nearby_feed" finished-at="2020-02-07T13:28:41Z" duration-ms="2665" status="PASS">
          <reporter-output>
          </reporter-output>
        </test-method> <!-- get_nearby_feed -->
        <test-method signature="get_promotion_list()[pri:0, instance:com.tester.cases.DouyinLiteTest@2e3fc542]" started-at="2020-02-07T13:28:41Z" name="get_promotion_list" finished-at="2020-02-07T13:28:44Z" duration-ms="2743" status="PASS">
          <reporter-output>
          </reporter-output>
        </test-method> <!-- get_promotion_list -->
        <test-method signature="get_share_video_detail()[pri:0, instance:com.tester.cases.DouyinLiteTest@2e3fc542]" started-at="2020-02-07T13:28:44Z" name="get_share_video_detail" finished-at="2020-02-07T13:28:46Z" duration-ms="2082" status="PASS">
          <reporter-output>
          </reporter-output>
        </test-method> <!-- get_share_video_detail -->
        <test-method signature="get_user_follower_list()[pri:0, instance:com.tester.cases.DouyinLiteTest@2e3fc542]" started-at="2020-02-07T13:28:46Z" name="get_user_follower_list" finished-at="2020-02-07T13:28:48Z" duration-ms="1727" status="PASS">
          <reporter-output>
          </reporter-output>
        </test-method> <!-- get_user_follower_list -->
        <test-method signature="get_user_following_list()[pri:0, instance:com.tester.cases.DouyinLiteTest@2e3fc542]" started-at="2020-02-07T13:28:48Z" name="get_user_following_list" finished-at="2020-02-07T13:28:50Z" duration-ms="1890" status="PASS">
          <reporter-output>
          </reporter-output>
        </test-method> <!-- get_user_following_list -->
        <test-method signature="get_user_forward_list()[pri:0, instance:com.tester.cases.DouyinLiteTest@2e3fc542]" started-at="2020-02-07T13:28:50Z" name="get_user_forward_list" finished-at="2020-02-07T13:28:52Z" duration-ms="2665" status="PASS">
          <reporter-output>
          </reporter-output>
        </test-method> <!-- get_user_forward_list -->
        <test-method signature="get_user_info()[pri:0, instance:com.tester.cases.DouyinLiteTest@2e3fc542]" started-at="2020-02-07T13:28:52Z" name="get_user_info" finished-at="2020-02-07T13:30:32Z" duration-ms="100080" status="FAIL">
          <exception class="com.alibaba.fastjson.JSONException">
            <message>
              <![CDATA[syntax error, pos 1, json : <!DOCTYPE html>
<html>
<head>
<title>Error</title>
<style>
    body {
        width: 35em;
        margin: 0 auto;
        font-family: Tahoma, Verdana, Arial, sans-serif;
    }
</style>
</head>
<body>
<h1>An error occurred.</h1>
<p>Sorry, the page you are looking for is currently unavailable.<br/>
Please try again later.</p>
<p>If you are the system administrator of this resource then you should check
the <a href="http://nginx.org/r/error_log">error log</a> for details.</p>
<p><em>Faithfully yours, nginx.</em></p>
</body>
</html>
]]>
            </message>
            <full-stacktrace>
              <![CDATA[com.alibaba.fastjson.JSONException: syntax error, pos 1, json : <!DOCTYPE html>
<html>
<head>
<title>Error</title>
<style>
    body {
        width: 35em;
        margin: 0 auto;
        font-family: Tahoma, Verdana, Arial, sans-serif;
    }
</style>
</head>
<body>
<h1>An error occurred.</h1>
<p>Sorry, the page you are looking for is currently unavailable.<br/>
Please try again later.</p>
<p>If you are the system administrator of this resource then you should check
the <a href="http://nginx.org/r/error_log">error log</a> for details.</p>
<p><em>Faithfully yours, nginx.</em></p>
</body>
</html>

	at com.alibaba.fastjson.parser.DefaultJSONParser.parse(DefaultJSONParser.java:1436)
	at com.alibaba.fastjson.parser.DefaultJSONParser.parse(DefaultJSONParser.java:1322)
	at com.alibaba.fastjson.JSON.parse(JSON.java:152)
	at com.alibaba.fastjson.JSON.parse(JSON.java:162)
	at com.alibaba.fastjson.JSON.parse(JSON.java:131)
	at com.alibaba.fastjson.JSON.parseObject(JSON.java:223)
	at com.tester.cases.DouyinLiteTest.get_user_info(DouyinLiteTest.java:115)
	at java.base/jdk.internal.reflect.NativeMethodAccessorImpl.invoke0(Native Method)
	at java.base/jdk.internal.reflect.NativeMethodAccessorImpl.invoke(NativeMethodAccessorImpl.java:62)
	at java.base/jdk.internal.reflect.DelegatingMethodAccessorImpl.invoke(DelegatingMethodAccessorImpl.java:43)
	at java.base/java.lang.reflect.Method.invoke(Method.java:567)
	at org.testng.internal.MethodInvocationHelper.invokeMethod(MethodInvocationHelper.java:104)
	at org.testng.internal.Invoker.invokeMethod(Invoker.java:645)
	at org.testng.internal.Invoker.invokeTestMethod(Invoker.java:851)
	at org.testng.internal.Invoker.invokeTestMethods(Invoker.java:1177)
	at org.testng.internal.TestMethodWorker.invokeTestMethods(TestMethodWorker.java:129)
	at org.testng.internal.TestMethodWorker.run(TestMethodWorker.java:112)
	at org.testng.TestRunner.privateRun(TestRunner.java:756)
	at org.testng.TestRunner.run(TestRunner.java:610)
	at org.testng.SuiteRunner.runTest(SuiteRunner.java:387)
	at org.testng.SuiteRunner.runSequentially(SuiteRunner.java:382)
	at org.testng.SuiteRunner.privateRun(SuiteRunner.java:340)
	at org.testng.SuiteRunner.run(SuiteRunner.java:289)
	at org.testng.SuiteRunnerWorker.runSuite(SuiteRunnerWorker.java:52)
	at org.testng.SuiteRunnerWorker.run(SuiteRunnerWorker.java:86)
	at org.testng.TestNG.runSuitesSequentially(TestNG.java:1293)
	at org.testng.TestNG.runSuitesLocally(TestNG.java:1218)
	at org.testng.TestNG.runSuites(TestNG.java:1133)
	at org.testng.TestNG.run(TestNG.java:1104)
	at org.apache.maven.surefire.testng.TestNGExecutor.run(TestNGExecutor.java:282)
	at org.apache.maven.surefire.testng.TestNGXmlTestSuite.execute(TestNGXmlTestSuite.java:83)
	at org.apache.maven.surefire.testng.TestNGProvider.invoke(TestNGProvider.java:114)
	at org.apache.maven.surefire.booter.ForkedBooter.invokeProviderInSameClassLoader(ForkedBooter.java:286)
	at org.apache.maven.surefire.booter.ForkedBooter.runSuitesInProcess(ForkedBooter.java:240)
	at org.apache.maven.surefire.booter.ForkedBooter.main(ForkedBooter.java:121)
]]>
            </full-stacktrace>
          </exception> <!-- com.alibaba.fastjson.JSONException -->
          <reporter-output>
          </reporter-output>
        </test-method> <!-- get_user_info -->
        <test-method signature="get_user_post()[pri:0, instance:com.tester.cases.DouyinLiteTest@2e3fc542]" started-at="2020-02-07T13:30:32Z" name="get_user_post" finished-at="2020-02-07T13:30:38Z" duration-ms="5284" status="PASS">
          <reporter-output>
          </reporter-output>
        </test-method> <!-- get_user_post -->
        <test-method signature="get_user_search()[pri:0, instance:com.tester.cases.DouyinLiteTest@2e3fc542]" started-at="2020-02-07T13:30:38Z" name="get_user_search" finished-at="2020-02-07T13:30:42Z" duration-ms="4532" status="PASS">
          <reporter-output>
          </reporter-output>
        </test-method> <!-- get_user_search -->
        <test-method signature="get_video_comment_list()[pri:0, instance:com.tester.cases.DouyinLiteTest@2e3fc542]" started-at="2020-02-07T13:30:42Z" name="get_video_comment_list" finished-at="2020-02-07T13:30:45Z" duration-ms="2854" status="PASS">
          <reporter-output>
          </reporter-output>
        </test-method> <!-- get_video_comment_list -->
        <test-method signature="get_video_detail()[pri:0, instance:com.tester.cases.DouyinLiteTest@2e3fc542]" started-at="2020-02-07T13:30:45Z" name="get_video_detail" finished-at="2020-02-07T13:32:25Z" duration-ms="100071" status="FAIL">
          <exception class="com.alibaba.fastjson.JSONException">
            <message>
              <![CDATA[syntax error, pos 1, json : <!DOCTYPE html>
<html>
<head>
<title>Error</title>
<style>
    body {
        width: 35em;
        margin: 0 auto;
        font-family: Tahoma, Verdana, Arial, sans-serif;
    }
</style>
</head>
<body>
<h1>An error occurred.</h1>
<p>Sorry, the page you are looking for is currently unavailable.<br/>
Please try again later.</p>
<p>If you are the system administrator of this resource then you should check
the <a href="http://nginx.org/r/error_log">error log</a> for details.</p>
<p><em>Faithfully yours, nginx.</em></p>
</body>
</html>
]]>
            </message>
            <full-stacktrace>
              <![CDATA[com.alibaba.fastjson.JSONException: syntax error, pos 1, json : <!DOCTYPE html>
<html>
<head>
<title>Error</title>
<style>
    body {
        width: 35em;
        margin: 0 auto;
        font-family: Tahoma, Verdana, Arial, sans-serif;
    }
</style>
</head>
<body>
<h1>An error occurred.</h1>
<p>Sorry, the page you are looking for is currently unavailable.<br/>
Please try again later.</p>
<p>If you are the system administrator of this resource then you should check
the <a href="http://nginx.org/r/error_log">error log</a> for details.</p>
<p><em>Faithfully yours, nginx.</em></p>
</body>
</html>

	at com.alibaba.fastjson.parser.DefaultJSONParser.parse(DefaultJSONParser.java:1436)
	at com.alibaba.fastjson.parser.DefaultJSONParser.parse(DefaultJSONParser.java:1322)
	at com.alibaba.fastjson.JSON.parse(JSON.java:152)
	at com.alibaba.fastjson.JSON.parse(JSON.java:162)
	at com.alibaba.fastjson.JSON.parse(JSON.java:131)
	at com.alibaba.fastjson.JSON.parseObject(JSON.java:223)
	at com.tester.cases.DouyinLiteTest.get_video_detail(DouyinLiteTest.java:536)
	at java.base/jdk.internal.reflect.NativeMethodAccessorImpl.invoke0(Native Method)
	at java.base/jdk.internal.reflect.NativeMethodAccessorImpl.invoke(NativeMethodAccessorImpl.java:62)
	at java.base/jdk.internal.reflect.DelegatingMethodAccessorImpl.invoke(DelegatingMethodAccessorImpl.java:43)
	at java.base/java.lang.reflect.Method.invoke(Method.java:567)
	at org.testng.internal.MethodInvocationHelper.invokeMethod(MethodInvocationHelper.java:104)
	at org.testng.internal.Invoker.invokeMethod(Invoker.java:645)
	at org.testng.internal.Invoker.invokeTestMethod(Invoker.java:851)
	at org.testng.internal.Invoker.invokeTestMethods(Invoker.java:1177)
	at org.testng.internal.TestMethodWorker.invokeTestMethods(TestMethodWorker.java:129)
	at org.testng.internal.TestMethodWorker.run(TestMethodWorker.java:112)
	at org.testng.TestRunner.privateRun(TestRunner.java:756)
	at org.testng.TestRunner.run(TestRunner.java:610)
	at org.testng.SuiteRunner.runTest(SuiteRunner.java:387)
	at org.testng.SuiteRunner.runSequentially(SuiteRunner.java:382)
	at org.testng.SuiteRunner.privateRun(SuiteRunner.java:340)
	at org.testng.SuiteRunner.run(SuiteRunner.java:289)
	at org.testng.SuiteRunnerWorker.runSuite(SuiteRunnerWorker.java:52)
	at org.testng.SuiteRunnerWorker.run(SuiteRunnerWorker.java:86)
	at org.testng.TestNG.runSuitesSequentially(TestNG.java:1293)
	at org.testng.TestNG.runSuitesLocally(TestNG.java:1218)
	at org.testng.TestNG.runSuites(TestNG.java:1133)
	at org.testng.TestNG.run(TestNG.java:1104)
	at org.apache.maven.surefire.testng.TestNGExecutor.run(TestNGExecutor.java:282)
	at org.apache.maven.surefire.testng.TestNGXmlTestSuite.execute(TestNGXmlTestSuite.java:83)
	at org.apache.maven.surefire.testng.TestNGProvider.invoke(TestNGProvider.java:114)
	at org.apache.maven.surefire.booter.ForkedBooter.invokeProviderInSameClassLoader(ForkedBooter.java:286)
	at org.apache.maven.surefire.booter.ForkedBooter.runSuitesInProcess(ForkedBooter.java:240)
	at org.apache.maven.surefire.booter.ForkedBooter.main(ForkedBooter.java:121)
]]>
            </full-stacktrace>
          </exception> <!-- com.alibaba.fastjson.JSONException -->
          <reporter-output>
          </reporter-output>
        </test-method> <!-- get_video_detail -->
        <test-method signature="get_video_search()[pri:0, instance:com.tester.cases.DouyinLiteTest@2e3fc542]" started-at="2020-02-07T13:32:25Z" name="get_video_search" finished-at="2020-02-07T13:32:28Z" duration-ms="2318" status="PASS">
          <reporter-output>
          </reporter-output>
        </test-method> <!-- get_video_search -->
        <test-method signature="get_webcast_ranklist()[pri:0, instance:com.tester.cases.DouyinLiteTest@2e3fc542]" started-at="2020-02-07T13:32:28Z" name="get_webcast_ranklist" finished-at="2020-02-07T13:32:28Z" duration-ms="651" status="PASS">
          <reporter-output>
          </reporter-output>
        </test-method> <!-- get_webcast_ranklist -->
        <test-method signature="get_webcast_room_info()[pri:0, instance:com.tester.cases.DouyinLiteTest@2e3fc542]" started-at="2020-02-07T13:32:28Z" name="get_webcast_room_info" finished-at="2020-02-07T13:32:29Z" duration-ms="443" status="FAIL">
          <exception class="java.lang.RuntimeException">
            <message>
              <![CDATA[{"start_time": 1581053580, "code": -1, "msg": "失败", "end_time": 1581053581}
请求url：http://47.97.206.10/api/douyin_lite/get_webcast_room_info?room_id=6731613896211188484]]>
            </message>
            <full-stacktrace>
              <![CDATA[java.lang.RuntimeException: {"start_time": 1581053580, "code": -1, "msg": "失败", "end_time": 1581053581}
请求url：http://47.97.206.10/api/douyin_lite/get_webcast_room_info?room_id=6731613896211188484
	at com.tester.cases.DouyinLiteTest.get_webcast_room_info(DouyinLiteTest.java:665)
	at java.base/jdk.internal.reflect.NativeMethodAccessorImpl.invoke0(Native Method)
	at java.base/jdk.internal.reflect.NativeMethodAccessorImpl.invoke(NativeMethodAccessorImpl.java:62)
	at java.base/jdk.internal.reflect.DelegatingMethodAccessorImpl.invoke(DelegatingMethodAccessorImpl.java:43)
	at java.base/java.lang.reflect.Method.invoke(Method.java:567)
	at org.testng.internal.MethodInvocationHelper.invokeMethod(MethodInvocationHelper.java:104)
	at org.testng.internal.Invoker.invokeMethod(Invoker.java:645)
	at org.testng.internal.Invoker.invokeTestMethod(Invoker.java:851)
	at org.testng.internal.Invoker.invokeTestMethods(Invoker.java:1177)
	at org.testng.internal.TestMethodWorker.invokeTestMethods(TestMethodWorker.java:129)
	at org.testng.internal.TestMethodWorker.run(TestMethodWorker.java:112)
	at org.testng.TestRunner.privateRun(TestRunner.java:756)
	at org.testng.TestRunner.run(TestRunner.java:610)
	at org.testng.SuiteRunner.runTest(SuiteRunner.java:387)
	at org.testng.SuiteRunner.runSequentially(SuiteRunner.java:382)
	at org.testng.SuiteRunner.privateRun(SuiteRunner.java:340)
	at org.testng.SuiteRunner.run(SuiteRunner.java:289)
	at org.testng.SuiteRunnerWorker.runSuite(SuiteRunnerWorker.java:52)
	at org.testng.SuiteRunnerWorker.run(SuiteRunnerWorker.java:86)
	at org.testng.TestNG.runSuitesSequentially(TestNG.java:1293)
	at org.testng.TestNG.runSuitesLocally(TestNG.java:1218)
	at org.testng.TestNG.runSuites(TestNG.java:1133)
	at org.testng.TestNG.run(TestNG.java:1104)
	at org.apache.maven.surefire.testng.TestNGExecutor.run(TestNGExecutor.java:282)
	at org.apache.maven.surefire.testng.TestNGXmlTestSuite.execute(TestNGXmlTestSuite.java:83)
	at org.apache.maven.surefire.testng.TestNGProvider.invoke(TestNGProvider.java:114)
	at org.apache.maven.surefire.booter.ForkedBooter.invokeProviderInSameClassLoader(ForkedBooter.java:286)
	at org.apache.maven.surefire.booter.ForkedBooter.runSuitesInProcess(ForkedBooter.java:240)
	at org.apache.maven.surefire.booter.ForkedBooter.main(ForkedBooter.java:121)
]]>
            </full-stacktrace>
          </exception> <!-- java.lang.RuntimeException -->
          <reporter-output>
          </reporter-output>
        </test-method> <!-- get_webcast_room_info -->
        <test-method signature="get_webcast_user_info()[pri:0, instance:com.tester.cases.DouyinLiteTest@2e3fc542]" started-at="2020-02-07T13:32:29Z" name="get_webcast_user_info" finished-at="2020-02-07T13:32:30Z" duration-ms="888" status="PASS">
          <reporter-output>
          </reporter-output>
        </test-method> <!-- get_webcast_user_info -->
      </class> <!-- com.tester.cases.DouyinLiteTest -->
      <class name="com.tester.cases.KuaiShouTest">
        <test-method signature="call_nums()[pri:0, instance:com.tester.cases.KuaiShouTest@1786f9d5]" started-at="2020-02-07T13:34:17Z" name="call_nums" finished-at="2020-02-07T13:34:17Z" duration-ms="71" status="PASS">
          <reporter-output>
          </reporter-output>
        </test-method> <!-- call_nums -->
        <test-method signature="hot_feed()[pri:0, instance:com.tester.cases.KuaiShouTest@1786f9d5]" started-at="2020-02-07T13:34:17Z" name="hot_feed" finished-at="2020-02-07T13:34:32Z" duration-ms="15492" status="FAIL">
          <exception class="java.lang.RuntimeException">
            <message>
              <![CDATA[{"code": -1, "data": null, "msg": "ks2: 其他异常错误: Traceback (most recent call last):\n  File \"./utils/deco.py\", line 37, in wrapper\n    return func(*args, **kwargs)\n  File \"./spider/ks_2/ks_api.py\", line 663, in get_hot_feed\n    return self.http_post(ks_url, form_params=form_params)\n  File \"./spider/ks_2/ks_api.py\", line 220, in http_post\n    form_params.update(sign)\nTypeError: 'NoneType' object is not iterable\n", "start_time": 1581053689, "end_time": 1581053704}
请求url：http://47.97.206.10/api/ks_v2/hot_feed?page=1&page_size=10]]>
            </message>
            <full-stacktrace>
              <![CDATA[java.lang.RuntimeException: {"code": -1, "data": null, "msg": "ks2: 其他异常错误: Traceback (most recent call last):\n  File \"./utils/deco.py\", line 37, in wrapper\n    return func(*args, **kwargs)\n  File \"./spider/ks_2/ks_api.py\", line 663, in get_hot_feed\n    return self.http_post(ks_url, form_params=form_params)\n  File \"./spider/ks_2/ks_api.py\", line 220, in http_post\n    form_params.update(sign)\nTypeError: 'NoneType' object is not iterable\n", "start_time": 1581053689, "end_time": 1581053704}
请求url：http://47.97.206.10/api/ks_v2/hot_feed?page=1&page_size=10
	at com.tester.cases.KuaiShouTest.hot_feed(KuaiShouTest.java:63)
	at java.base/jdk.internal.reflect.NativeMethodAccessorImpl.invoke0(Native Method)
	at java.base/jdk.internal.reflect.NativeMethodAccessorImpl.invoke(NativeMethodAccessorImpl.java:62)
	at java.base/jdk.internal.reflect.DelegatingMethodAccessorImpl.invoke(DelegatingMethodAccessorImpl.java:43)
	at java.base/java.lang.reflect.Method.invoke(Method.java:567)
	at org.testng.internal.MethodInvocationHelper.invokeMethod(MethodInvocationHelper.java:104)
	at org.testng.internal.Invoker.invokeMethod(Invoker.java:645)
	at org.testng.internal.Invoker.invokeTestMethod(Invoker.java:851)
	at org.testng.internal.Invoker.invokeTestMethods(Invoker.java:1177)
	at org.testng.internal.TestMethodWorker.invokeTestMethods(TestMethodWorker.java:129)
	at org.testng.internal.TestMethodWorker.run(TestMethodWorker.java:112)
	at org.testng.TestRunner.privateRun(TestRunner.java:756)
	at org.testng.TestRunner.run(TestRunner.java:610)
	at org.testng.SuiteRunner.runTest(SuiteRunner.java:387)
	at org.testng.SuiteRunner.runSequentially(SuiteRunner.java:382)
	at org.testng.SuiteRunner.privateRun(SuiteRunner.java:340)
	at org.testng.SuiteRunner.run(SuiteRunner.java:289)
	at org.testng.SuiteRunnerWorker.runSuite(SuiteRunnerWorker.java:52)
	at org.testng.SuiteRunnerWorker.run(SuiteRunnerWorker.java:86)
	at org.testng.TestNG.runSuitesSequentially(TestNG.java:1293)
	at org.testng.TestNG.runSuitesLocally(TestNG.java:1218)
	at org.testng.TestNG.runSuites(TestNG.java:1133)
	at org.testng.TestNG.run(TestNG.java:1104)
	at org.apache.maven.surefire.testng.TestNGExecutor.run(TestNGExecutor.java:282)
	at org.apache.maven.surefire.testng.TestNGXmlTestSuite.execute(TestNGXmlTestSuite.java:83)
	at org.apache.maven.surefire.testng.TestNGProvider.invoke(TestNGProvider.java:114)
	at org.apache.maven.surefire.booter.ForkedBooter.invokeProviderInSameClassLoader(ForkedBooter.java:286)
	at org.apache.maven.surefire.booter.ForkedBooter.runSuitesInProcess(ForkedBooter.java:240)
	at org.apache.maven.surefire.booter.ForkedBooter.main(ForkedBooter.java:121)
]]>
            </full-stacktrace>
          </exception> <!-- java.lang.RuntimeException -->
          <reporter-output>
          </reporter-output>
        </test-method> <!-- hot_feed -->
        <test-method signature="nearby_feed()[pri:0, instance:com.tester.cases.KuaiShouTest@1786f9d5]" started-at="2020-02-07T13:34:32Z" name="nearby_feed" finished-at="2020-02-07T13:34:48Z" duration-ms="15551" status="FAIL">
          <exception class="java.lang.RuntimeException">
            <message>
              <![CDATA[{"code": -1, "data": null, "msg": "ks2: 其他异常错误: Traceback (most recent call last):\n  File \"./utils/deco.py\", line 37, in wrapper\n    return func(*args, **kwargs)\n  File \"./spider/ks_2/ks_api.py\", line 695, in get_nearby_feed\n    return self.http_post(ks_url, form_params=form_params)\n  File \"./spider/ks_2/ks_api.py\", line 220, in http_post\n    form_params.update(sign)\nTypeError: 'NoneType' object is not iterable\n", "start_time": 1581053704, "end_time": 1581053720}
请求url：http://47.97.206.10/api/ks_v2/nearby_feed?page=1&page_size=20&lon=113.712143&lat=34.593717]]>
            </message>
            <full-stacktrace>
              <![CDATA[java.lang.RuntimeException: {"code": -1, "data": null, "msg": "ks2: 其他异常错误: Traceback (most recent call last):\n  File \"./utils/deco.py\", line 37, in wrapper\n    return func(*args, **kwargs)\n  File \"./spider/ks_2/ks_api.py\", line 695, in get_nearby_feed\n    return self.http_post(ks_url, form_params=form_params)\n  File \"./spider/ks_2/ks_api.py\", line 220, in http_post\n    form_params.update(sign)\nTypeError: 'NoneType' object is not iterable\n", "start_time": 1581053704, "end_time": 1581053720}
请求url：http://47.97.206.10/api/ks_v2/nearby_feed?page=1&page_size=20&lon=113.712143&lat=34.593717
	at com.tester.cases.KuaiShouTest.nearby_feed(KuaiShouTest.java:93)
	at java.base/jdk.internal.reflect.NativeMethodAccessorImpl.invoke0(Native Method)
	at java.base/jdk.internal.reflect.NativeMethodAccessorImpl.invoke(NativeMethodAccessorImpl.java:62)
	at java.base/jdk.internal.reflect.DelegatingMethodAccessorImpl.invoke(DelegatingMethodAccessorImpl.java:43)
	at java.base/java.lang.reflect.Method.invoke(Method.java:567)
	at org.testng.internal.MethodInvocationHelper.invokeMethod(MethodInvocationHelper.java:104)
	at org.testng.internal.Invoker.invokeMethod(Invoker.java:645)
	at org.testng.internal.Invoker.invokeTestMethod(Invoker.java:851)
	at org.testng.internal.Invoker.invokeTestMethods(Invoker.java:1177)
	at org.testng.internal.TestMethodWorker.invokeTestMethods(TestMethodWorker.java:129)
	at org.testng.internal.TestMethodWorker.run(TestMethodWorker.java:112)
	at org.testng.TestRunner.privateRun(TestRunner.java:756)
	at org.testng.TestRunner.run(TestRunner.java:610)
	at org.testng.SuiteRunner.runTest(SuiteRunner.java:387)
	at org.testng.SuiteRunner.runSequentially(SuiteRunner.java:382)
	at org.testng.SuiteRunner.privateRun(SuiteRunner.java:340)
	at org.testng.SuiteRunner.run(SuiteRunner.java:289)
	at org.testng.SuiteRunnerWorker.runSuite(SuiteRunnerWorker.java:52)
	at org.testng.SuiteRunnerWorker.run(SuiteRunnerWorker.java:86)
	at org.testng.TestNG.runSuitesSequentially(TestNG.java:1293)
	at org.testng.TestNG.runSuitesLocally(TestNG.java:1218)
	at org.testng.TestNG.runSuites(TestNG.java:1133)
	at org.testng.TestNG.run(TestNG.java:1104)
	at org.apache.maven.surefire.testng.TestNGExecutor.run(TestNGExecutor.java:282)
	at org.apache.maven.surefire.testng.TestNGXmlTestSuite.execute(TestNGXmlTestSuite.java:83)
	at org.apache.maven.surefire.testng.TestNGProvider.invoke(TestNGProvider.java:114)
	at org.apache.maven.surefire.booter.ForkedBooter.invokeProviderInSameClassLoader(ForkedBooter.java:286)
	at org.apache.maven.surefire.booter.ForkedBooter.runSuitesInProcess(ForkedBooter.java:240)
	at org.apache.maven.surefire.booter.ForkedBooter.main(ForkedBooter.java:121)
]]>
            </full-stacktrace>
          </exception> <!-- java.lang.RuntimeException -->
          <reporter-output>
          </reporter-output>
        </test-method> <!-- nearby_feed -->
        <test-method signature="product_list()[pri:0, instance:com.tester.cases.KuaiShouTest@1786f9d5]" started-at="2020-02-07T13:34:48Z" name="product_list" finished-at="2020-02-07T13:34:48Z" duration-ms="614" status="PASS">
          <reporter-output>
          </reporter-output>
        </test-method> <!-- product_list -->
        <test-method signature="share_video()[pri:0, instance:com.tester.cases.KuaiShouTest@1786f9d5]" started-at="2020-02-07T13:34:48Z" name="share_video" finished-at="2020-02-07T13:35:04Z" duration-ms="15667" status="FAIL">
          <exception class="java.lang.RuntimeException">
            <message>
              <![CDATA[{"code": -1, "data": null, "msg": "ks2: 其他异常错误: Traceback (most recent call last):\n  File \"./utils/deco.py\", line 37, in wrapper\n    return func(*args, **kwargs)\n  File \"./spider/ks_2/ks_api.py\", line 787, in get_share_video_info\n    return self.http_post(ks_url, form_params=form_params)\n  File \"./spider/ks_2/ks_api.py\", line 220, in http_post\n    form_params.update(sign)\nTypeError: 'NoneType' object is not iterable\n", "start_time": 1581053720, "end_time": 1581053736}
请求url：http://47.97.206.10/api/ks_v2/share_video?share_url=http://kphbeijing.m.chenzhongtech.com/s/Qsh970xL]]>
            </message>
            <full-stacktrace>
              <![CDATA[java.lang.RuntimeException: {"code": -1, "data": null, "msg": "ks2: 其他异常错误: Traceback (most recent call last):\n  File \"./utils/deco.py\", line 37, in wrapper\n    return func(*args, **kwargs)\n  File \"./spider/ks_2/ks_api.py\", line 787, in get_share_video_info\n    return self.http_post(ks_url, form_params=form_params)\n  File \"./spider/ks_2/ks_api.py\", line 220, in http_post\n    form_params.update(sign)\nTypeError: 'NoneType' object is not iterable\n", "start_time": 1581053720, "end_time": 1581053736}
请求url：http://47.97.206.10/api/ks_v2/share_video?share_url=http://kphbeijing.m.chenzhongtech.com/s/Qsh970xL
	at com.tester.cases.KuaiShouTest.share_video(KuaiShouTest.java:243)
	at java.base/jdk.internal.reflect.NativeMethodAccessorImpl.invoke0(Native Method)
	at java.base/jdk.internal.reflect.NativeMethodAccessorImpl.invoke(NativeMethodAccessorImpl.java:62)
	at java.base/jdk.internal.reflect.DelegatingMethodAccessorImpl.invoke(DelegatingMethodAccessorImpl.java:43)
	at java.base/java.lang.reflect.Method.invoke(Method.java:567)
	at org.testng.internal.MethodInvocationHelper.invokeMethod(MethodInvocationHelper.java:104)
	at org.testng.internal.Invoker.invokeMethod(Invoker.java:645)
	at org.testng.internal.Invoker.invokeTestMethod(Invoker.java:851)
	at org.testng.internal.Invoker.invokeTestMethods(Invoker.java:1177)
	at org.testng.internal.TestMethodWorker.invokeTestMethods(TestMethodWorker.java:129)
	at org.testng.internal.TestMethodWorker.run(TestMethodWorker.java:112)
	at org.testng.TestRunner.privateRun(TestRunner.java:756)
	at org.testng.TestRunner.run(TestRunner.java:610)
	at org.testng.SuiteRunner.runTest(SuiteRunner.java:387)
	at org.testng.SuiteRunner.runSequentially(SuiteRunner.java:382)
	at org.testng.SuiteRunner.privateRun(SuiteRunner.java:340)
	at org.testng.SuiteRunner.run(SuiteRunner.java:289)
	at org.testng.SuiteRunnerWorker.runSuite(SuiteRunnerWorker.java:52)
	at org.testng.SuiteRunnerWorker.run(SuiteRunnerWorker.java:86)
	at org.testng.TestNG.runSuitesSequentially(TestNG.java:1293)
	at org.testng.TestNG.runSuitesLocally(TestNG.java:1218)
	at org.testng.TestNG.runSuites(TestNG.java:1133)
	at org.testng.TestNG.run(TestNG.java:1104)
	at org.apache.maven.surefire.testng.TestNGExecutor.run(TestNGExecutor.java:282)
	at org.apache.maven.surefire.testng.TestNGXmlTestSuite.execute(TestNGXmlTestSuite.java:83)
	at org.apache.maven.surefire.testng.TestNGProvider.invoke(TestNGProvider.java:114)
	at org.apache.maven.surefire.booter.ForkedBooter.invokeProviderInSameClassLoader(ForkedBooter.java:286)
	at org.apache.maven.surefire.booter.ForkedBooter.runSuitesInProcess(ForkedBooter.java:240)
	at org.apache.maven.surefire.booter.ForkedBooter.main(ForkedBooter.java:121)
]]>
            </full-stacktrace>
          </exception> <!-- java.lang.RuntimeException -->
          <reporter-output>
          </reporter-output>
        </test-method> <!-- share_video -->
        <test-method signature="user_info()[pri:0, instance:com.tester.cases.KuaiShouTest@1786f9d5]" started-at="2020-02-07T13:35:04Z" name="user_info" finished-at="2020-02-07T13:35:20Z" duration-ms="15520" status="FAIL">
          <exception class="java.lang.RuntimeException">
            <message>
              <![CDATA[{"code": -1, "data": null, "msg": "ks2: 其他异常错误: Traceback (most recent call last):\n  File \"./utils/deco.py\", line 37, in wrapper\n    return func(*args, **kwargs)\n  File \"./spider/ks_2/ks_api.py\", line 711, in get_user_profile\n    return self.http_post(ks_url, form_params=form_params)\n  File \"./spider/ks_2/ks_api.py\", line 220, in http_post\n    form_params.update(sign)\nTypeError: 'NoneType' object is not iterable\n", "start_time": 1581053736, "end_time": 1581053752}
请求url：http://47.97.206.10/api/ks_v2/user_info?user_id=1391625066]]>
            </message>
            <full-stacktrace>
              <![CDATA[java.lang.RuntimeException: {"code": -1, "data": null, "msg": "ks2: 其他异常错误: Traceback (most recent call last):\n  File \"./utils/deco.py\", line 37, in wrapper\n    return func(*args, **kwargs)\n  File \"./spider/ks_2/ks_api.py\", line 711, in get_user_profile\n    return self.http_post(ks_url, form_params=form_params)\n  File \"./spider/ks_2/ks_api.py\", line 220, in http_post\n    form_params.update(sign)\nTypeError: 'NoneType' object is not iterable\n", "start_time": 1581053736, "end_time": 1581053752}
请求url：http://47.97.206.10/api/ks_v2/user_info?user_id=1391625066
	at com.tester.cases.KuaiShouTest.user_info(KuaiShouTest.java:123)
	at java.base/jdk.internal.reflect.NativeMethodAccessorImpl.invoke0(Native Method)
	at java.base/jdk.internal.reflect.NativeMethodAccessorImpl.invoke(NativeMethodAccessorImpl.java:62)
	at java.base/jdk.internal.reflect.DelegatingMethodAccessorImpl.invoke(DelegatingMethodAccessorImpl.java:43)
	at java.base/java.lang.reflect.Method.invoke(Method.java:567)
	at org.testng.internal.MethodInvocationHelper.invokeMethod(MethodInvocationHelper.java:104)
	at org.testng.internal.Invoker.invokeMethod(Invoker.java:645)
	at org.testng.internal.Invoker.invokeTestMethod(Invoker.java:851)
	at org.testng.internal.Invoker.invokeTestMethods(Invoker.java:1177)
	at org.testng.internal.TestMethodWorker.invokeTestMethods(TestMethodWorker.java:129)
	at org.testng.internal.TestMethodWorker.run(TestMethodWorker.java:112)
	at org.testng.TestRunner.privateRun(TestRunner.java:756)
	at org.testng.TestRunner.run(TestRunner.java:610)
	at org.testng.SuiteRunner.runTest(SuiteRunner.java:387)
	at org.testng.SuiteRunner.runSequentially(SuiteRunner.java:382)
	at org.testng.SuiteRunner.privateRun(SuiteRunner.java:340)
	at org.testng.SuiteRunner.run(SuiteRunner.java:289)
	at org.testng.SuiteRunnerWorker.runSuite(SuiteRunnerWorker.java:52)
	at org.testng.SuiteRunnerWorker.run(SuiteRunnerWorker.java:86)
	at org.testng.TestNG.runSuitesSequentially(TestNG.java:1293)
	at org.testng.TestNG.runSuitesLocally(TestNG.java:1218)
	at org.testng.TestNG.runSuites(TestNG.java:1133)
	at org.testng.TestNG.run(TestNG.java:1104)
	at org.apache.maven.surefire.testng.TestNGExecutor.run(TestNGExecutor.java:282)
	at org.apache.maven.surefire.testng.TestNGXmlTestSuite.execute(TestNGXmlTestSuite.java:83)
	at org.apache.maven.surefire.testng.TestNGProvider.invoke(TestNGProvider.java:114)
	at org.apache.maven.surefire.booter.ForkedBooter.invokeProviderInSameClassLoader(ForkedBooter.java:286)
	at org.apache.maven.surefire.booter.ForkedBooter.runSuitesInProcess(ForkedBooter.java:240)
	at org.apache.maven.surefire.booter.ForkedBooter.main(ForkedBooter.java:121)
]]>
            </full-stacktrace>
          </exception> <!-- java.lang.RuntimeException -->
          <reporter-output>
          </reporter-output>
        </test-method> <!-- user_info -->
        <test-method signature="user_video()[pri:0, instance:com.tester.cases.KuaiShouTest@1786f9d5]" started-at="2020-02-07T13:35:20Z" name="user_video" finished-at="2020-02-07T13:35:35Z" duration-ms="15498" status="FAIL">
          <exception class="java.lang.RuntimeException">
            <message>
              <![CDATA[{"code": -1, "data": null, "msg": "ks2: 其他异常错误: Traceback (most recent call last):\n  File \"./utils/deco.py\", line 37, in wrapper\n    return func(*args, **kwargs)\n  File \"./spider/ks_2/ks_api.py\", line 734, in get_user_feed\n    return self.http_post(ks_url, form_params=form_params)\n  File \"./spider/ks_2/ks_api.py\", line 220, in http_post\n    form_params.update(sign)\nTypeError: 'NoneType' object is not iterable\n", "start_time": 1581053752, "end_time": 1581053767}
请求url：http://47.97.206.10/api/ks_v2/user_video?user_id=1391625066&page_size=10]]>
            </message>
            <full-stacktrace>
              <![CDATA[java.lang.RuntimeException: {"code": -1, "data": null, "msg": "ks2: 其他异常错误: Traceback (most recent call last):\n  File \"./utils/deco.py\", line 37, in wrapper\n    return func(*args, **kwargs)\n  File \"./spider/ks_2/ks_api.py\", line 734, in get_user_feed\n    return self.http_post(ks_url, form_params=form_params)\n  File \"./spider/ks_2/ks_api.py\", line 220, in http_post\n    form_params.update(sign)\nTypeError: 'NoneType' object is not iterable\n", "start_time": 1581053752, "end_time": 1581053767}
请求url：http://47.97.206.10/api/ks_v2/user_video?user_id=1391625066&page_size=10
	at com.tester.cases.KuaiShouTest.user_video(KuaiShouTest.java:153)
	at java.base/jdk.internal.reflect.NativeMethodAccessorImpl.invoke0(Native Method)
	at java.base/jdk.internal.reflect.NativeMethodAccessorImpl.invoke(NativeMethodAccessorImpl.java:62)
	at java.base/jdk.internal.reflect.DelegatingMethodAccessorImpl.invoke(DelegatingMethodAccessorImpl.java:43)
	at java.base/java.lang.reflect.Method.invoke(Method.java:567)
	at org.testng.internal.MethodInvocationHelper.invokeMethod(MethodInvocationHelper.java:104)
	at org.testng.internal.Invoker.invokeMethod(Invoker.java:645)
	at org.testng.internal.Invoker.invokeTestMethod(Invoker.java:851)
	at org.testng.internal.Invoker.invokeTestMethods(Invoker.java:1177)
	at org.testng.internal.TestMethodWorker.invokeTestMethods(TestMethodWorker.java:129)
	at org.testng.internal.TestMethodWorker.run(TestMethodWorker.java:112)
	at org.testng.TestRunner.privateRun(TestRunner.java:756)
	at org.testng.TestRunner.run(TestRunner.java:610)
	at org.testng.SuiteRunner.runTest(SuiteRunner.java:387)
	at org.testng.SuiteRunner.runSequentially(SuiteRunner.java:382)
	at org.testng.SuiteRunner.privateRun(SuiteRunner.java:340)
	at org.testng.SuiteRunner.run(SuiteRunner.java:289)
	at org.testng.SuiteRunnerWorker.runSuite(SuiteRunnerWorker.java:52)
	at org.testng.SuiteRunnerWorker.run(SuiteRunnerWorker.java:86)
	at org.testng.TestNG.runSuitesSequentially(TestNG.java:1293)
	at org.testng.TestNG.runSuitesLocally(TestNG.java:1218)
	at org.testng.TestNG.runSuites(TestNG.java:1133)
	at org.testng.TestNG.run(TestNG.java:1104)
	at org.apache.maven.surefire.testng.TestNGExecutor.run(TestNGExecutor.java:282)
	at org.apache.maven.surefire.testng.TestNGXmlTestSuite.execute(TestNGXmlTestSuite.java:83)
	at org.apache.maven.surefire.testng.TestNGProvider.invoke(TestNGProvider.java:114)
	at org.apache.maven.surefire.booter.ForkedBooter.invokeProviderInSameClassLoader(ForkedBooter.java:286)
	at org.apache.maven.surefire.booter.ForkedBooter.runSuitesInProcess(ForkedBooter.java:240)
	at org.apache.maven.surefire.booter.ForkedBooter.main(ForkedBooter.java:121)
]]>
            </full-stacktrace>
          </exception> <!-- java.lang.RuntimeException -->
          <reporter-output>
          </reporter-output>
        </test-method> <!-- user_video -->
        <test-method signature="video_comment()[pri:0, instance:com.tester.cases.KuaiShouTest@1786f9d5]" started-at="2020-02-07T13:35:35Z" name="video_comment" finished-at="2020-02-07T13:35:35Z" duration-ms="1" status="FAIL">
          <exception class="java.lang.IllegalArgumentException">
            <message>
              <![CDATA[Illegal character in query at index 103: http://47.97.206.10/api/ks_v2/video_comment?user_id=191674858&photo_id=5248945383907780546&page_size=10
]]>
            </message>
            <full-stacktrace>
              <![CDATA[java.lang.IllegalArgumentException: Illegal character in query at index 103: http://47.97.206.10/api/ks_v2/video_comment?user_id=191674858&photo_id=5248945383907780546&page_size=10

	at java.base/java.net.URI.create(URI.java:906)
	at org.apache.http.client.methods.HttpGet.<init>(HttpGet.java:69)
	at com.tester.cases.KuaiShouTest.video_comment(KuaiShouTest.java:170)
	at java.base/jdk.internal.reflect.NativeMethodAccessorImpl.invoke0(Native Method)
	at java.base/jdk.internal.reflect.NativeMethodAccessorImpl.invoke(NativeMethodAccessorImpl.java:62)
	at java.base/jdk.internal.reflect.DelegatingMethodAccessorImpl.invoke(DelegatingMethodAccessorImpl.java:43)
	at java.base/java.lang.reflect.Method.invoke(Method.java:567)
	at org.testng.internal.MethodInvocationHelper.invokeMethod(MethodInvocationHelper.java:104)
	at org.testng.internal.Invoker.invokeMethod(Invoker.java:645)
	at org.testng.internal.Invoker.invokeTestMethod(Invoker.java:851)
	at org.testng.internal.Invoker.invokeTestMethods(Invoker.java:1177)
	at org.testng.internal.TestMethodWorker.invokeTestMethods(TestMethodWorker.java:129)
	at org.testng.internal.TestMethodWorker.run(TestMethodWorker.java:112)
	at org.testng.TestRunner.privateRun(TestRunner.java:756)
	at org.testng.TestRunner.run(TestRunner.java:610)
	at org.testng.SuiteRunner.runTest(SuiteRunner.java:387)
	at org.testng.SuiteRunner.runSequentially(SuiteRunner.java:382)
	at org.testng.SuiteRunner.privateRun(SuiteRunner.java:340)
	at org.testng.SuiteRunner.run(SuiteRunner.java:289)
	at org.testng.SuiteRunnerWorker.runSuite(SuiteRunnerWorker.java:52)
	at org.testng.SuiteRunnerWorker.run(SuiteRunnerWorker.java:86)
	at org.testng.TestNG.runSuitesSequentially(TestNG.java:1293)
	at org.testng.TestNG.runSuitesLocally(TestNG.java:1218)
	at org.testng.TestNG.runSuites(TestNG.java:1133)
	at org.testng.TestNG.run(TestNG.java:1104)
	at org.apache.maven.surefire.testng.TestNGExecutor.run(TestNGExecutor.java:282)
	at org.apache.maven.surefire.testng.TestNGXmlTestSuite.execute(TestNGXmlTestSuite.java:83)
	at org.apache.maven.surefire.testng.TestNGProvider.invoke(TestNGProvider.java:114)
	at org.apache.maven.surefire.booter.ForkedBooter.invokeProviderInSameClassLoader(ForkedBooter.java:286)
	at org.apache.maven.surefire.booter.ForkedBooter.runSuitesInProcess(ForkedBooter.java:240)
	at org.apache.maven.surefire.booter.ForkedBooter.main(ForkedBooter.java:121)
Caused by: java.net.URISyntaxException: Illegal character in query at index 103: http://47.97.206.10/api/ks_v2/video_comment?user_id=191674858&photo_id=5248945383907780546&page_size=10

	at java.base/java.net.URI$Parser.fail(URI.java:2936)
	at java.base/java.net.URI$Parser.checkChars(URI.java:3107)
	at java.base/java.net.URI$Parser.parseHierarchical(URI.java:3195)
	at java.base/java.net.URI$Parser.parse(URI.java:3137)
	at java.base/java.net.URI.<init>(URI.java:623)
	at java.base/java.net.URI.create(URI.java:904)
	... 30 more
]]>
            </full-stacktrace>
          </exception> <!-- java.lang.IllegalArgumentException -->
          <reporter-output>
          </reporter-output>
        </test-method> <!-- video_comment -->
        <test-method signature="video_detail()[pri:0, instance:com.tester.cases.KuaiShouTest@1786f9d5]" started-at="2020-02-07T13:35:35Z" name="video_detail" finished-at="2020-02-07T13:35:51Z" duration-ms="15502" status="FAIL">
          <exception class="java.lang.RuntimeException">
            <message>
              <![CDATA[{"code": -1, "data": null, "msg": "ks2: 其他异常错误: Traceback (most recent call last):\n  File \"./utils/deco.py\", line 37, in wrapper\n    return func(*args, **kwargs)\n  File \"./spider/ks_2/ks_api.py\", line 772, in get_video_info\n    return self.http_post(ks_url, form_params=form_params)\n  File \"./spider/ks_2/ks_api.py\", line 220, in http_post\n    form_params.update(sign)\nTypeError: 'NoneType' object is not iterable\n", "start_time": 1581053767, "end_time": 1581053783}
请求url：http://47.97.206.10/api/ks_v2/video_detail?photo_id=5248945383907780546]]>
            </message>
            <full-stacktrace>
              <![CDATA[java.lang.RuntimeException: {"code": -1, "data": null, "msg": "ks2: 其他异常错误: Traceback (most recent call last):\n  File \"./utils/deco.py\", line 37, in wrapper\n    return func(*args, **kwargs)\n  File \"./spider/ks_2/ks_api.py\", line 772, in get_video_info\n    return self.http_post(ks_url, form_params=form_params)\n  File \"./spider/ks_2/ks_api.py\", line 220, in http_post\n    form_params.update(sign)\nTypeError: 'NoneType' object is not iterable\n", "start_time": 1581053767, "end_time": 1581053783}
请求url：http://47.97.206.10/api/ks_v2/video_detail?photo_id=5248945383907780546
	at com.tester.cases.KuaiShouTest.video_detail(KuaiShouTest.java:213)
	at java.base/jdk.internal.reflect.NativeMethodAccessorImpl.invoke0(Native Method)
	at java.base/jdk.internal.reflect.NativeMethodAccessorImpl.invoke(NativeMethodAccessorImpl.java:62)
	at java.base/jdk.internal.reflect.DelegatingMethodAccessorImpl.invoke(DelegatingMethodAccessorImpl.java:43)
	at java.base/java.lang.reflect.Method.invoke(Method.java:567)
	at org.testng.internal.MethodInvocationHelper.invokeMethod(MethodInvocationHelper.java:104)
	at org.testng.internal.Invoker.invokeMethod(Invoker.java:645)
	at org.testng.internal.Invoker.invokeTestMethod(Invoker.java:851)
	at org.testng.internal.Invoker.invokeTestMethods(Invoker.java:1177)
	at org.testng.internal.TestMethodWorker.invokeTestMethods(TestMethodWorker.java:129)
	at org.testng.internal.TestMethodWorker.run(TestMethodWorker.java:112)
	at org.testng.TestRunner.privateRun(TestRunner.java:756)
	at org.testng.TestRunner.run(TestRunner.java:610)
	at org.testng.SuiteRunner.runTest(SuiteRunner.java:387)
	at org.testng.SuiteRunner.runSequentially(SuiteRunner.java:382)
	at org.testng.SuiteRunner.privateRun(SuiteRunner.java:340)
	at org.testng.SuiteRunner.run(SuiteRunner.java:289)
	at org.testng.SuiteRunnerWorker.runSuite(SuiteRunnerWorker.java:52)
	at org.testng.SuiteRunnerWorker.run(SuiteRunnerWorker.java:86)
	at org.testng.TestNG.runSuitesSequentially(TestNG.java:1293)
	at org.testng.TestNG.runSuitesLocally(TestNG.java:1218)
	at org.testng.TestNG.runSuites(TestNG.java:1133)
	at org.testng.TestNG.run(TestNG.java:1104)
	at org.apache.maven.surefire.testng.TestNGExecutor.run(TestNGExecutor.java:282)
	at org.apache.maven.surefire.testng.TestNGXmlTestSuite.execute(TestNGXmlTestSuite.java:83)
	at org.apache.maven.surefire.testng.TestNGProvider.invoke(TestNGProvider.java:114)
	at org.apache.maven.surefire.booter.ForkedBooter.invokeProviderInSameClassLoader(ForkedBooter.java:286)
	at org.apache.maven.surefire.booter.ForkedBooter.runSuitesInProcess(ForkedBooter.java:240)
	at org.apache.maven.surefire.booter.ForkedBooter.main(ForkedBooter.java:121)
]]>
            </full-stacktrace>
          </exception> <!-- java.lang.RuntimeException -->
          <reporter-output>
          </reporter-output>
        </test-method> <!-- video_detail -->
      </class> <!-- com.tester.cases.KuaiShouTest -->
      <class name="com.tester.cases.DouyinAweTest">
        <test-method signature="get_aweme_comment()[pri:0, instance:com.tester.cases.DouyinAweTest@150c158]" started-at="2020-02-07T13:32:30Z" name="get_aweme_comment" finished-at="2020-02-07T13:32:30Z" duration-ms="81" status="FAIL">
          <exception class="com.alibaba.fastjson.JSONException">
            <message>
              <![CDATA[syntax error, pos 1, json : <!DOCTYPE HTML PUBLIC "-//W3C//DTD HTML 3.2 Final//EN">
<title>500 Internal Server Error</title>
<h1>Internal Server Error</h1>
<p>The server encountered an internal error and was unable to complete your request.  Either the server is overloaded or there is an error in the application.</p>
]]>
            </message>
            <full-stacktrace>
              <![CDATA[com.alibaba.fastjson.JSONException: syntax error, pos 1, json : <!DOCTYPE HTML PUBLIC "-//W3C//DTD HTML 3.2 Final//EN">
<title>500 Internal Server Error</title>
<h1>Internal Server Error</h1>
<p>The server encountered an internal error and was unable to complete your request.  Either the server is overloaded or there is an error in the application.</p>

	at com.alibaba.fastjson.parser.DefaultJSONParser.parse(DefaultJSONParser.java:1436)
	at com.alibaba.fastjson.parser.DefaultJSONParser.parse(DefaultJSONParser.java:1322)
	at com.alibaba.fastjson.JSON.parse(JSON.java:152)
	at com.alibaba.fastjson.JSON.parse(JSON.java:162)
	at com.alibaba.fastjson.JSON.parse(JSON.java:131)
	at com.alibaba.fastjson.JSON.parseObject(JSON.java:223)
	at com.tester.cases.DouyinAweTest.get_aweme_comment(DouyinAweTest.java:115)
	at java.base/jdk.internal.reflect.NativeMethodAccessorImpl.invoke0(Native Method)
	at java.base/jdk.internal.reflect.NativeMethodAccessorImpl.invoke(NativeMethodAccessorImpl.java:62)
	at java.base/jdk.internal.reflect.DelegatingMethodAccessorImpl.invoke(DelegatingMethodAccessorImpl.java:43)
	at java.base/java.lang.reflect.Method.invoke(Method.java:567)
	at org.testng.internal.MethodInvocationHelper.invokeMethod(MethodInvocationHelper.java:104)
	at org.testng.internal.Invoker.invokeMethod(Invoker.java:645)
	at org.testng.internal.Invoker.invokeTestMethod(Invoker.java:851)
	at org.testng.internal.Invoker.invokeTestMethods(Invoker.java:1177)
	at org.testng.internal.TestMethodWorker.invokeTestMethods(TestMethodWorker.java:129)
	at org.testng.internal.TestMethodWorker.run(TestMethodWorker.java:112)
	at org.testng.TestRunner.privateRun(TestRunner.java:756)
	at org.testng.TestRunner.run(TestRunner.java:610)
	at org.testng.SuiteRunner.runTest(SuiteRunner.java:387)
	at org.testng.SuiteRunner.runSequentially(SuiteRunner.java:382)
	at org.testng.SuiteRunner.privateRun(SuiteRunner.java:340)
	at org.testng.SuiteRunner.run(SuiteRunner.java:289)
	at org.testng.SuiteRunnerWorker.runSuite(SuiteRunnerWorker.java:52)
	at org.testng.SuiteRunnerWorker.run(SuiteRunnerWorker.java:86)
	at org.testng.TestNG.runSuitesSequentially(TestNG.java:1293)
	at org.testng.TestNG.runSuitesLocally(TestNG.java:1218)
	at org.testng.TestNG.runSuites(TestNG.java:1133)
	at org.testng.TestNG.run(TestNG.java:1104)
	at org.apache.maven.surefire.testng.TestNGExecutor.run(TestNGExecutor.java:282)
	at org.apache.maven.surefire.testng.TestNGXmlTestSuite.execute(TestNGXmlTestSuite.java:83)
	at org.apache.maven.surefire.testng.TestNGProvider.invoke(TestNGProvider.java:114)
	at org.apache.maven.surefire.booter.ForkedBooter.invokeProviderInSameClassLoader(ForkedBooter.java:286)
	at org.apache.maven.surefire.booter.ForkedBooter.runSuitesInProcess(ForkedBooter.java:240)
	at org.apache.maven.surefire.booter.ForkedBooter.main(ForkedBooter.java:121)
]]>
            </full-stacktrace>
          </exception> <!-- com.alibaba.fastjson.JSONException -->
          <reporter-output>
          </reporter-output>
        </test-method> <!-- get_aweme_comment -->
        <test-method signature="get_aweme_info()[pri:0, instance:com.tester.cases.DouyinAweTest@150c158]" started-at="2020-02-07T13:32:30Z" name="get_aweme_info" finished-at="2020-02-07T13:32:30Z" duration-ms="287" status="FAIL">
          <exception class="java.lang.RuntimeException">
            <message>
              <![CDATA[{"start_time": 1581053582, "code": -1, "msg": "失败", "end_time": 1581053582}
请求url：http://47.97.206.10/api/douyin_awe/get_aweme_info?aweme_id=6729436911498267908]]>
            </message>
            <full-stacktrace>
              <![CDATA[java.lang.RuntimeException: {"start_time": 1581053582, "code": -1, "msg": "失败", "end_time": 1581053582}
请求url：http://47.97.206.10/api/douyin_awe/get_aweme_info?aweme_id=6729436911498267908
	at com.tester.cases.DouyinAweTest.get_aweme_info(DouyinAweTest.java:153)
	at java.base/jdk.internal.reflect.NativeMethodAccessorImpl.invoke0(Native Method)
	at java.base/jdk.internal.reflect.NativeMethodAccessorImpl.invoke(NativeMethodAccessorImpl.java:62)
	at java.base/jdk.internal.reflect.DelegatingMethodAccessorImpl.invoke(DelegatingMethodAccessorImpl.java:43)
	at java.base/java.lang.reflect.Method.invoke(Method.java:567)
	at org.testng.internal.MethodInvocationHelper.invokeMethod(MethodInvocationHelper.java:104)
	at org.testng.internal.Invoker.invokeMethod(Invoker.java:645)
	at org.testng.internal.Invoker.invokeTestMethod(Invoker.java:851)
	at org.testng.internal.Invoker.invokeTestMethods(Invoker.java:1177)
	at org.testng.internal.TestMethodWorker.invokeTestMethods(TestMethodWorker.java:129)
	at org.testng.internal.TestMethodWorker.run(TestMethodWorker.java:112)
	at org.testng.TestRunner.privateRun(TestRunner.java:756)
	at org.testng.TestRunner.run(TestRunner.java:610)
	at org.testng.SuiteRunner.runTest(SuiteRunner.java:387)
	at org.testng.SuiteRunner.runSequentially(SuiteRunner.java:382)
	at org.testng.SuiteRunner.privateRun(SuiteRunner.java:340)
	at org.testng.SuiteRunner.run(SuiteRunner.java:289)
	at org.testng.SuiteRunnerWorker.runSuite(SuiteRunnerWorker.java:52)
	at org.testng.SuiteRunnerWorker.run(SuiteRunnerWorker.java:86)
	at org.testng.TestNG.runSuitesSequentially(TestNG.java:1293)
	at org.testng.TestNG.runSuitesLocally(TestNG.java:1218)
	at org.testng.TestNG.runSuites(TestNG.java:1133)
	at org.testng.TestNG.run(TestNG.java:1104)
	at org.apache.maven.surefire.testng.TestNGExecutor.run(TestNGExecutor.java:282)
	at org.apache.maven.surefire.testng.TestNGXmlTestSuite.execute(TestNGXmlTestSuite.java:83)
	at org.apache.maven.surefire.testng.TestNGProvider.invoke(TestNGProvider.java:114)
	at org.apache.maven.surefire.booter.ForkedBooter.invokeProviderInSameClassLoader(ForkedBooter.java:286)
	at org.apache.maven.surefire.booter.ForkedBooter.runSuitesInProcess(ForkedBooter.java:240)
	at org.apache.maven.surefire.booter.ForkedBooter.main(ForkedBooter.java:121)
]]>
            </full-stacktrace>
          </exception> <!-- java.lang.RuntimeException -->
          <reporter-output>
          </reporter-output>
        </test-method> <!-- get_aweme_info -->
        <test-method signature="get_aweme_list()[pri:0, instance:com.tester.cases.DouyinAweTest@150c158]" started-at="2020-02-07T13:32:30Z" name="get_aweme_list" finished-at="2020-02-07T13:34:01Z" duration-ms="91426" status="FAIL">
          <exception class="java.lang.RuntimeException">
            <message>
              <![CDATA[{"start_time": 1581053582, "code": -1, "msg": "失败，采集失败..", "end_time": 1581053673}
请求url：http://47.97.206.10/api/douyin_awe/get_aweme_list?sec_uid=MS4wLjABAAAAvcLIWOv1lqH4NrB1CM-rcPGIEmaI8z8_51rYmz00Apo&cursor=0]]>
            </message>
            <full-stacktrace>
              <![CDATA[java.lang.RuntimeException: {"start_time": 1581053582, "code": -1, "msg": "失败，采集失败..", "end_time": 1581053673}
请求url：http://47.97.206.10/api/douyin_awe/get_aweme_list?sec_uid=MS4wLjABAAAAvcLIWOv1lqH4NrB1CM-rcPGIEmaI8z8_51rYmz00Apo&cursor=0
	at com.tester.cases.DouyinAweTest.get_aweme_list(DouyinAweTest.java:93)
	at java.base/jdk.internal.reflect.NativeMethodAccessorImpl.invoke0(Native Method)
	at java.base/jdk.internal.reflect.NativeMethodAccessorImpl.invoke(NativeMethodAccessorImpl.java:62)
	at java.base/jdk.internal.reflect.DelegatingMethodAccessorImpl.invoke(DelegatingMethodAccessorImpl.java:43)
	at java.base/java.lang.reflect.Method.invoke(Method.java:567)
	at org.testng.internal.MethodInvocationHelper.invokeMethod(MethodInvocationHelper.java:104)
	at org.testng.internal.Invoker.invokeMethod(Invoker.java:645)
	at org.testng.internal.Invoker.invokeTestMethod(Invoker.java:851)
	at org.testng.internal.Invoker.invokeTestMethods(Invoker.java:1177)
	at org.testng.internal.TestMethodWorker.invokeTestMethods(TestMethodWorker.java:129)
	at org.testng.internal.TestMethodWorker.run(TestMethodWorker.java:112)
	at org.testng.TestRunner.privateRun(TestRunner.java:756)
	at org.testng.TestRunner.run(TestRunner.java:610)
	at org.testng.SuiteRunner.runTest(SuiteRunner.java:387)
	at org.testng.SuiteRunner.runSequentially(SuiteRunner.java:382)
	at org.testng.SuiteRunner.privateRun(SuiteRunner.java:340)
	at org.testng.SuiteRunner.run(SuiteRunner.java:289)
	at org.testng.SuiteRunnerWorker.runSuite(SuiteRunnerWorker.java:52)
	at org.testng.SuiteRunnerWorker.run(SuiteRunnerWorker.java:86)
	at org.testng.TestNG.runSuitesSequentially(TestNG.java:1293)
	at org.testng.TestNG.runSuitesLocally(TestNG.java:1218)
	at org.testng.TestNG.runSuites(TestNG.java:1133)
	at org.testng.TestNG.run(TestNG.java:1104)
	at org.apache.maven.surefire.testng.TestNGExecutor.run(TestNGExecutor.java:282)
	at org.apache.maven.surefire.testng.TestNGXmlTestSuite.execute(TestNGXmlTestSuite.java:83)
	at org.apache.maven.surefire.testng.TestNGProvider.invoke(TestNGProvider.java:114)
	at org.apache.maven.surefire.booter.ForkedBooter.invokeProviderInSameClassLoader(ForkedBooter.java:286)
	at org.apache.maven.surefire.booter.ForkedBooter.runSuitesInProcess(ForkedBooter.java:240)
	at org.apache.maven.surefire.booter.ForkedBooter.main(ForkedBooter.java:121)
]]>
            </full-stacktrace>
          </exception> <!-- java.lang.RuntimeException -->
          <reporter-output>
          </reporter-output>
        </test-method> <!-- get_aweme_list -->
        <test-method signature="get_promotion_list()[pri:0, instance:com.tester.cases.DouyinAweTest@150c158]" started-at="2020-02-07T13:34:01Z" name="get_promotion_list" finished-at="2020-02-07T13:34:02Z" duration-ms="375" status="PASS">
          <reporter-output>
          </reporter-output>
        </test-method> <!-- get_promotion_list -->
        <test-method signature="get_user_info()[pri:0, instance:com.tester.cases.DouyinAweTest@150c158]" started-at="2020-02-07T13:34:02Z" name="get_user_info" finished-at="2020-02-07T13:34:03Z" duration-ms="1526" status="FAIL">
          <exception class="java.lang.RuntimeException">
            <message>
              <![CDATA[{"start_time": 1581053674, "code": -1, "msg": "失败", "end_time": 1581053675}
请求url：http://47.97.206.10/api/douyin_awe/get_user_info?sec_uid=MS4wLjABAAAAvcLIWOv1lqH4NrB1CM-rcPGIEmaI8z8_51rYmz00Apo]]>
            </message>
            <full-stacktrace>
              <![CDATA[java.lang.RuntimeException: {"start_time": 1581053674, "code": -1, "msg": "失败", "end_time": 1581053675}
请求url：http://47.97.206.10/api/douyin_awe/get_user_info?sec_uid=MS4wLjABAAAAvcLIWOv1lqH4NrB1CM-rcPGIEmaI8z8_51rYmz00Apo
	at com.tester.cases.DouyinAweTest.get_user_info(DouyinAweTest.java:32)
	at java.base/jdk.internal.reflect.NativeMethodAccessorImpl.invoke0(Native Method)
	at java.base/jdk.internal.reflect.NativeMethodAccessorImpl.invoke(NativeMethodAccessorImpl.java:62)
	at java.base/jdk.internal.reflect.DelegatingMethodAccessorImpl.invoke(DelegatingMethodAccessorImpl.java:43)
	at java.base/java.lang.reflect.Method.invoke(Method.java:567)
	at org.testng.internal.MethodInvocationHelper.invokeMethod(MethodInvocationHelper.java:104)
	at org.testng.internal.Invoker.invokeMethod(Invoker.java:645)
	at org.testng.internal.Invoker.invokeTestMethod(Invoker.java:851)
	at org.testng.internal.Invoker.invokeTestMethods(Invoker.java:1177)
	at org.testng.internal.TestMethodWorker.invokeTestMethods(TestMethodWorker.java:129)
	at org.testng.internal.TestMethodWorker.run(TestMethodWorker.java:112)
	at org.testng.TestRunner.privateRun(TestRunner.java:756)
	at org.testng.TestRunner.run(TestRunner.java:610)
	at org.testng.SuiteRunner.runTest(SuiteRunner.java:387)
	at org.testng.SuiteRunner.runSequentially(SuiteRunner.java:382)
	at org.testng.SuiteRunner.privateRun(SuiteRunner.java:340)
	at org.testng.SuiteRunner.run(SuiteRunner.java:289)
	at org.testng.SuiteRunnerWorker.runSuite(SuiteRunnerWorker.java:52)
	at org.testng.SuiteRunnerWorker.run(SuiteRunnerWorker.java:86)
	at org.testng.TestNG.runSuitesSequentially(TestNG.java:1293)
	at org.testng.TestNG.runSuitesLocally(TestNG.java:1218)
	at org.testng.TestNG.runSuites(TestNG.java:1133)
	at org.testng.TestNG.run(TestNG.java:1104)
	at org.apache.maven.surefire.testng.TestNGExecutor.run(TestNGExecutor.java:282)
	at org.apache.maven.surefire.testng.TestNGXmlTestSuite.execute(TestNGXmlTestSuite.java:83)
	at org.apache.maven.surefire.testng.TestNGProvider.invoke(TestNGProvider.java:114)
	at org.apache.maven.surefire.booter.ForkedBooter.invokeProviderInSameClassLoader(ForkedBooter.java:286)
	at org.apache.maven.surefire.booter.ForkedBooter.runSuitesInProcess(ForkedBooter.java:240)
	at org.apache.maven.surefire.booter.ForkedBooter.main(ForkedBooter.java:121)
]]>
            </full-stacktrace>
          </exception> <!-- java.lang.RuntimeException -->
          <reporter-output>
          </reporter-output>
        </test-method> <!-- get_user_info -->
      </class> <!-- com.tester.cases.DouyinAweTest -->
      <class name="com.tester.cases.DuTest">
        <test-method signature="call_nums()[pri:0, instance:com.tester.cases.DuTest@25bbf683]" started-at="2020-02-07T13:25:42Z" name="call_nums" finished-at="2020-02-07T13:25:42Z" duration-ms="71" status="PASS">
          <reporter-output>
          </reporter-output>
        </test-method> <!-- call_nums -->
        <test-method signature="ice_shopping()[pri:0, instance:com.tester.cases.DuTest@25bbf683]" started-at="2020-02-07T13:25:42Z" name="ice_shopping" finished-at="2020-02-07T13:25:43Z" duration-ms="554" status="PASS">
          <reporter-output>
          </reporter-output>
        </test-method> <!-- ice_shopping -->
        <test-method signature="ice_shopping_tab()[pri:0, instance:com.tester.cases.DuTest@25bbf683]" started-at="2020-02-07T13:25:43Z" name="ice_shopping_tab" finished-at="2020-02-07T13:25:44Z" duration-ms="938" status="PASS">
          <reporter-output>
          </reporter-output>
        </test-method> <!-- ice_shopping_tab -->
        <test-method signature="item_detail()[pri:0, instance:com.tester.cases.DuTest@25bbf683]" started-at="2020-02-07T13:25:44Z" name="item_detail" finished-at="2020-02-07T13:25:44Z" duration-ms="481" status="PASS">
          <reporter-output>
          </reporter-output>
        </test-method> <!-- item_detail -->
        <test-method signature="sold_list()[pri:0, instance:com.tester.cases.DuTest@25bbf683]" started-at="2020-02-07T13:25:44Z" name="sold_list" finished-at="2020-02-07T13:25:45Z" duration-ms="344" status="PASS">
          <reporter-output>
          </reporter-output>
        </test-method> <!-- sold_list -->
      </class> <!-- com.tester.cases.DuTest -->
      <class name="com.tester.cases.DouyinTest">
        <test-method signature="get_feed()[pri:0, instance:com.tester.cases.DouyinTest@544a2ea6]" started-at="2020-02-07T13:26:43Z" name="get_feed" finished-at="2020-02-07T13:26:52Z" duration-ms="9063" status="PASS">
          <reporter-output>
          </reporter-output>
        </test-method> <!-- get_feed -->
        <test-method signature="get_general_search_ret()[pri:0, instance:com.tester.cases.DouyinTest@544a2ea6]" started-at="2020-02-07T13:26:52Z" name="get_general_search_ret" finished-at="2020-02-07T13:26:55Z" duration-ms="2515" status="PASS">
          <reporter-output>
          </reporter-output>
        </test-method> <!-- get_general_search_ret -->
        <test-method signature="get_hot_category_list()[pri:0, instance:com.tester.cases.DouyinTest@544a2ea6]" started-at="2020-02-07T13:26:55Z" name="get_hot_category_list" finished-at="2020-02-07T13:27:02Z" duration-ms="7171" status="PASS">
          <reporter-output>
          </reporter-output>
        </test-method> <!-- get_hot_category_list -->
        <test-method signature="get_hot_music_list()[pri:0, instance:com.tester.cases.DouyinTest@544a2ea6]" started-at="2020-02-07T13:27:02Z" name="get_hot_music_list" finished-at="2020-02-07T13:27:03Z" duration-ms="1570" status="PASS">
          <reporter-output>
          </reporter-output>
        </test-method> <!-- get_hot_music_list -->
        <test-method signature="get_hot_positive_energy_list()[pri:0, instance:com.tester.cases.DouyinTest@544a2ea6]" started-at="2020-02-07T13:27:03Z" name="get_hot_positive_energy_list" finished-at="2020-02-07T13:27:05Z" duration-ms="1857" status="PASS">
          <reporter-output>
          </reporter-output>
        </test-method> <!-- get_hot_positive_energy_list -->
        <test-method signature="get_hot_search_list()[pri:0, instance:com.tester.cases.DouyinTest@544a2ea6]" started-at="2020-02-07T13:27:05Z" name="get_hot_search_list" finished-at="2020-02-07T13:27:08Z" duration-ms="2384" status="PASS">
          <reporter-output>
          </reporter-output>
        </test-method> <!-- get_hot_search_list -->
        <test-method signature="get_hot_video_list()[pri:0, instance:com.tester.cases.DouyinTest@544a2ea6]" started-at="2020-02-07T13:27:08Z" name="get_hot_video_list" finished-at="2020-02-07T13:27:10Z" duration-ms="2466" status="PASS">
          <reporter-output>
          </reporter-output>
        </test-method> <!-- get_hot_video_list -->
        <test-method signature="get_music_detail()[pri:0, instance:com.tester.cases.DouyinTest@544a2ea6]" started-at="2020-02-07T13:27:10Z" name="get_music_detail" finished-at="2020-02-07T13:27:11Z" duration-ms="1452" status="PASS">
          <reporter-output>
          </reporter-output>
        </test-method> <!-- get_music_detail -->
        <test-method signature="get_music_videos()[pri:0, instance:com.tester.cases.DouyinTest@544a2ea6]" started-at="2020-02-07T13:27:11Z" name="get_music_videos" finished-at="2020-02-07T13:27:13Z" duration-ms="1708" status="PASS">
          <reporter-output>
          </reporter-output>
        </test-method> <!-- get_music_videos -->
        <test-method signature="get_nearby_feed()[pri:0, instance:com.tester.cases.DouyinTest@544a2ea6]" started-at="2020-02-07T13:27:13Z" name="get_nearby_feed" finished-at="2020-02-07T13:27:16Z" duration-ms="2737" status="PASS">
          <reporter-output>
          </reporter-output>
        </test-method> <!-- get_nearby_feed -->
        <test-method signature="get_promotion_list()[pri:0, instance:com.tester.cases.DouyinTest@544a2ea6]" started-at="2020-02-07T13:27:16Z" name="get_promotion_list" finished-at="2020-02-07T13:27:18Z" duration-ms="1657" status="PASS">
          <reporter-output>
          </reporter-output>
        </test-method> <!-- get_promotion_list -->
        <test-method signature="get_share_video_detail()[pri:0, instance:com.tester.cases.DouyinTest@544a2ea6]" started-at="2020-02-07T13:27:18Z" name="get_share_video_detail" finished-at="2020-02-07T13:27:27Z" duration-ms="9366" status="FAIL">
          <exception class="java.lang.RuntimeException">
            <message>
              <![CDATA[{"start_time": 1581053270, "code": -1, "msg": "失败", "end_time": 1581053279}
请求url：http://47.97.206.10/api/douyin/get_share_video_detail?url=http://v.douyin.com/UyrYGY/]]>
            </message>
            <full-stacktrace>
              <![CDATA[java.lang.RuntimeException: {"start_time": 1581053270, "code": -1, "msg": "失败", "end_time": 1581053279}
请求url：http://47.97.206.10/api/douyin/get_share_video_detail?url=http://v.douyin.com/UyrYGY/
	at com.tester.cases.DouyinTest.get_share_video_detail(DouyinTest.java:63)
	at java.base/jdk.internal.reflect.NativeMethodAccessorImpl.invoke0(Native Method)
	at java.base/jdk.internal.reflect.NativeMethodAccessorImpl.invoke(NativeMethodAccessorImpl.java:62)
	at java.base/jdk.internal.reflect.DelegatingMethodAccessorImpl.invoke(DelegatingMethodAccessorImpl.java:43)
	at java.base/java.lang.reflect.Method.invoke(Method.java:567)
	at org.testng.internal.MethodInvocationHelper.invokeMethod(MethodInvocationHelper.java:104)
	at org.testng.internal.Invoker.invokeMethod(Invoker.java:645)
	at org.testng.internal.Invoker.invokeTestMethod(Invoker.java:851)
	at org.testng.internal.Invoker.invokeTestMethods(Invoker.java:1177)
	at org.testng.internal.TestMethodWorker.invokeTestMethods(TestMethodWorker.java:129)
	at org.testng.internal.TestMethodWorker.run(TestMethodWorker.java:112)
	at org.testng.TestRunner.privateRun(TestRunner.java:756)
	at org.testng.TestRunner.run(TestRunner.java:610)
	at org.testng.SuiteRunner.runTest(SuiteRunner.java:387)
	at org.testng.SuiteRunner.runSequentially(SuiteRunner.java:382)
	at org.testng.SuiteRunner.privateRun(SuiteRunner.java:340)
	at org.testng.SuiteRunner.run(SuiteRunner.java:289)
	at org.testng.SuiteRunnerWorker.runSuite(SuiteRunnerWorker.java:52)
	at org.testng.SuiteRunnerWorker.run(SuiteRunnerWorker.java:86)
	at org.testng.TestNG.runSuitesSequentially(TestNG.java:1293)
	at org.testng.TestNG.runSuitesLocally(TestNG.java:1218)
	at org.testng.TestNG.runSuites(TestNG.java:1133)
	at org.testng.TestNG.run(TestNG.java:1104)
	at org.apache.maven.surefire.testng.TestNGExecutor.run(TestNGExecutor.java:282)
	at org.apache.maven.surefire.testng.TestNGXmlTestSuite.execute(TestNGXmlTestSuite.java:83)
	at org.apache.maven.surefire.testng.TestNGProvider.invoke(TestNGProvider.java:114)
	at org.apache.maven.surefire.booter.ForkedBooter.invokeProviderInSameClassLoader(ForkedBooter.java:286)
	at org.apache.maven.surefire.booter.ForkedBooter.runSuitesInProcess(ForkedBooter.java:240)
	at org.apache.maven.surefire.booter.ForkedBooter.main(ForkedBooter.java:121)
]]>
            </full-stacktrace>
          </exception> <!-- java.lang.RuntimeException -->
          <reporter-output>
          </reporter-output>
        </test-method> <!-- get_share_video_detail -->
        <test-method signature="get_user_follower_list()[pri:0, instance:com.tester.cases.DouyinTest@544a2ea6]" started-at="2020-02-07T13:27:27Z" name="get_user_follower_list" finished-at="2020-02-07T13:27:29Z" duration-ms="1877" status="PASS">
          <reporter-output>
          </reporter-output>
        </test-method> <!-- get_user_follower_list -->
        <test-method signature="get_user_following_list()[pri:0, instance:com.tester.cases.DouyinTest@544a2ea6]" started-at="2020-02-07T13:27:29Z" name="get_user_following_list" finished-at="2020-02-07T13:27:31Z" duration-ms="1738" status="PASS">
          <reporter-output>
          </reporter-output>
        </test-method> <!-- get_user_following_list -->
        <test-method signature="get_user_forward_list()[pri:0, instance:com.tester.cases.DouyinTest@544a2ea6]" started-at="2020-02-07T13:27:31Z" name="get_user_forward_list" finished-at="2020-02-07T13:27:41Z" duration-ms="10261" status="FAIL">
          <exception class="java.lang.RuntimeException">
            <message>
              <![CDATA[{"start_time": 1581053283, "code": -1, "msg": "失败", "end_time": 1581053293}
请求url：http://47.97.206.10/api/douyin/get_user_forward_list?user_id=102388086611&max_cursor=0&count=20]]>
            </message>
            <full-stacktrace>
              <![CDATA[java.lang.RuntimeException: {"start_time": 1581053283, "code": -1, "msg": "失败", "end_time": 1581053293}
请求url：http://47.97.206.10/api/douyin/get_user_forward_list?user_id=102388086611&max_cursor=0&count=20
	at com.tester.cases.DouyinTest.get_user_forward_list(DouyinTest.java:183)
	at java.base/jdk.internal.reflect.NativeMethodAccessorImpl.invoke0(Native Method)
	at java.base/jdk.internal.reflect.NativeMethodAccessorImpl.invoke(NativeMethodAccessorImpl.java:62)
	at java.base/jdk.internal.reflect.DelegatingMethodAccessorImpl.invoke(DelegatingMethodAccessorImpl.java:43)
	at java.base/java.lang.reflect.Method.invoke(Method.java:567)
	at org.testng.internal.MethodInvocationHelper.invokeMethod(MethodInvocationHelper.java:104)
	at org.testng.internal.Invoker.invokeMethod(Invoker.java:645)
	at org.testng.internal.Invoker.invokeTestMethod(Invoker.java:851)
	at org.testng.internal.Invoker.invokeTestMethods(Invoker.java:1177)
	at org.testng.internal.TestMethodWorker.invokeTestMethods(TestMethodWorker.java:129)
	at org.testng.internal.TestMethodWorker.run(TestMethodWorker.java:112)
	at org.testng.TestRunner.privateRun(TestRunner.java:756)
	at org.testng.TestRunner.run(TestRunner.java:610)
	at org.testng.SuiteRunner.runTest(SuiteRunner.java:387)
	at org.testng.SuiteRunner.runSequentially(SuiteRunner.java:382)
	at org.testng.SuiteRunner.privateRun(SuiteRunner.java:340)
	at org.testng.SuiteRunner.run(SuiteRunner.java:289)
	at org.testng.SuiteRunnerWorker.runSuite(SuiteRunnerWorker.java:52)
	at org.testng.SuiteRunnerWorker.run(SuiteRunnerWorker.java:86)
	at org.testng.TestNG.runSuitesSequentially(TestNG.java:1293)
	at org.testng.TestNG.runSuitesLocally(TestNG.java:1218)
	at org.testng.TestNG.runSuites(TestNG.java:1133)
	at org.testng.TestNG.run(TestNG.java:1104)
	at org.apache.maven.surefire.testng.TestNGExecutor.run(TestNGExecutor.java:282)
	at org.apache.maven.surefire.testng.TestNGXmlTestSuite.execute(TestNGXmlTestSuite.java:83)
	at org.apache.maven.surefire.testng.TestNGProvider.invoke(TestNGProvider.java:114)
	at org.apache.maven.surefire.booter.ForkedBooter.invokeProviderInSameClassLoader(ForkedBooter.java:286)
	at org.apache.maven.surefire.booter.ForkedBooter.runSuitesInProcess(ForkedBooter.java:240)
	at org.apache.maven.surefire.booter.ForkedBooter.main(ForkedBooter.java:121)
]]>
            </full-stacktrace>
          </exception> <!-- java.lang.RuntimeException -->
          <reporter-output>
          </reporter-output>
        </test-method> <!-- get_user_forward_list -->
        <test-method signature="get_user_info()[pri:0, instance:com.tester.cases.DouyinTest@544a2ea6]" started-at="2020-02-07T13:27:41Z" name="get_user_info" finished-at="2020-02-07T13:27:43Z" duration-ms="2506" status="PASS">
          <reporter-output>
          </reporter-output>
        </test-method> <!-- get_user_info -->
        <test-method signature="get_user_post()[pri:0, instance:com.tester.cases.DouyinTest@544a2ea6]" started-at="2020-02-07T13:27:43Z" name="get_user_post" finished-at="2020-02-07T13:27:45Z" duration-ms="1536" status="PASS">
          <reporter-output>
          </reporter-output>
        </test-method> <!-- get_user_post -->
        <test-method signature="get_user_search()[pri:0, instance:com.tester.cases.DouyinTest@544a2ea6]" started-at="2020-02-07T13:27:45Z" name="get_user_search" finished-at="2020-02-07T13:27:47Z" duration-ms="1792" status="PASS">
          <reporter-output>
          </reporter-output>
        </test-method> <!-- get_user_search -->
        <test-method signature="get_video_comment_list()[pri:0, instance:com.tester.cases.DouyinTest@544a2ea6]" started-at="2020-02-07T13:27:47Z" name="get_video_comment_list" finished-at="2020-02-07T13:27:50Z" duration-ms="3327" status="PASS">
          <reporter-output>
          </reporter-output>
        </test-method> <!-- get_video_comment_list -->
        <test-method signature="get_video_detail()[pri:0, instance:com.tester.cases.DouyinTest@544a2ea6]" started-at="2020-02-07T13:27:50Z" name="get_video_detail" finished-at="2020-02-07T13:27:59Z" duration-ms="8814" status="PASS">
          <reporter-output>
          </reporter-output>
        </test-method> <!-- get_video_detail -->
        <test-method signature="get_video_search()[pri:0, instance:com.tester.cases.DouyinTest@544a2ea6]" started-at="2020-02-07T13:27:59Z" name="get_video_search" finished-at="2020-02-07T13:28:01Z" duration-ms="2469" status="PASS">
          <reporter-output>
          </reporter-output>
        </test-method> <!-- get_video_search -->
        <test-method signature="get_webcast_ranklist()[pri:0, instance:com.tester.cases.DouyinTest@544a2ea6]" started-at="2020-02-07T13:28:01Z" name="get_webcast_ranklist" finished-at="2020-02-07T13:28:02Z" duration-ms="593" status="PASS">
          <reporter-output>
          </reporter-output>
        </test-method> <!-- get_webcast_ranklist -->
        <test-method signature="get_webcast_room_info()[pri:0, instance:com.tester.cases.DouyinTest@544a2ea6]" started-at="2020-02-07T13:28:02Z" name="get_webcast_room_info" finished-at="2020-02-07T13:28:02Z" duration-ms="567" status="PASS">
          <reporter-output>
          </reporter-output>
        </test-method> <!-- get_webcast_room_info -->
        <test-method signature="get_webcast_user_info()[pri:0, instance:com.tester.cases.DouyinTest@544a2ea6]" started-at="2020-02-07T13:28:02Z" name="get_webcast_user_info" finished-at="2020-02-07T13:28:03Z" duration-ms="631" status="PASS">
          <reporter-output>
          </reporter-output>
        </test-method> <!-- get_webcast_user_info -->
      </class> <!-- com.tester.cases.DouyinTest -->
      <class name="com.tester.cases.JingDongTest">
        <test-method signature="crawlCommentsCounts()[pri:0, instance:com.tester.cases.JingDongTest@401e7803]" started-at="2020-02-07T13:34:05Z" name="crawlCommentsCounts" finished-at="2020-02-07T13:34:06Z" duration-ms="476" status="PASS">
          <reporter-output>
          </reporter-output>
        </test-method> <!-- crawlCommentsCounts -->
        <test-method signature="crawlPageByBrandName()[pri:0, instance:com.tester.cases.JingDongTest@401e7803]" started-at="2020-02-07T13:34:06Z" name="crawlPageByBrandName" finished-at="2020-02-07T13:34:06Z" duration-ms="92" status="FAIL">
          <exception class="java.lang.RuntimeException">
            <message>
              <![CDATA[{"start_time": 1581053678, "code": -1, "msg": "失败请求返回了空结果", "end_time": 1581053678}
请求url：http://47.97.206.10/api/jd/crawlPageByBrandName?brandName=三星]]>
            </message>
            <full-stacktrace>
              <![CDATA[java.lang.RuntimeException: {"start_time": 1581053678, "code": -1, "msg": "失败请求返回了空结果", "end_time": 1581053678}
请求url：http://47.97.206.10/api/jd/crawlPageByBrandName?brandName=三星
	at com.tester.cases.JingDongTest.crawlPageByBrandName(JingDongTest.java:63)
	at java.base/jdk.internal.reflect.NativeMethodAccessorImpl.invoke0(Native Method)
	at java.base/jdk.internal.reflect.NativeMethodAccessorImpl.invoke(NativeMethodAccessorImpl.java:62)
	at java.base/jdk.internal.reflect.DelegatingMethodAccessorImpl.invoke(DelegatingMethodAccessorImpl.java:43)
	at java.base/java.lang.reflect.Method.invoke(Method.java:567)
	at org.testng.internal.MethodInvocationHelper.invokeMethod(MethodInvocationHelper.java:104)
	at org.testng.internal.Invoker.invokeMethod(Invoker.java:645)
	at org.testng.internal.Invoker.invokeTestMethod(Invoker.java:851)
	at org.testng.internal.Invoker.invokeTestMethods(Invoker.java:1177)
	at org.testng.internal.TestMethodWorker.invokeTestMethods(TestMethodWorker.java:129)
	at org.testng.internal.TestMethodWorker.run(TestMethodWorker.java:112)
	at org.testng.TestRunner.privateRun(TestRunner.java:756)
	at org.testng.TestRunner.run(TestRunner.java:610)
	at org.testng.SuiteRunner.runTest(SuiteRunner.java:387)
	at org.testng.SuiteRunner.runSequentially(SuiteRunner.java:382)
	at org.testng.SuiteRunner.privateRun(SuiteRunner.java:340)
	at org.testng.SuiteRunner.run(SuiteRunner.java:289)
	at org.testng.SuiteRunnerWorker.runSuite(SuiteRunnerWorker.java:52)
	at org.testng.SuiteRunnerWorker.run(SuiteRunnerWorker.java:86)
	at org.testng.TestNG.runSuitesSequentially(TestNG.java:1293)
	at org.testng.TestNG.runSuitesLocally(TestNG.java:1218)
	at org.testng.TestNG.runSuites(TestNG.java:1133)
	at org.testng.TestNG.run(TestNG.java:1104)
	at org.apache.maven.surefire.testng.TestNGExecutor.run(TestNGExecutor.java:282)
	at org.apache.maven.surefire.testng.TestNGXmlTestSuite.execute(TestNGXmlTestSuite.java:83)
	at org.apache.maven.surefire.testng.TestNGProvider.invoke(TestNGProvider.java:114)
	at org.apache.maven.surefire.booter.ForkedBooter.invokeProviderInSameClassLoader(ForkedBooter.java:286)
	at org.apache.maven.surefire.booter.ForkedBooter.runSuitesInProcess(ForkedBooter.java:240)
	at org.apache.maven.surefire.booter.ForkedBooter.main(ForkedBooter.java:121)
]]>
            </full-stacktrace>
          </exception> <!-- java.lang.RuntimeException -->
          <reporter-output>
          </reporter-output>
        </test-method> <!-- crawlPageByBrandName -->
        <test-method signature="crawlPageShopProducts()[pri:0, instance:com.tester.cases.JingDongTest@401e7803]" started-at="2020-02-07T13:34:06Z" name="crawlPageShopProducts" finished-at="2020-02-07T13:34:06Z" duration-ms="300" status="PASS">
          <reporter-output>
          </reporter-output>
        </test-method> <!-- crawlPageShopProducts -->
        <test-method signature="crawlShopDetails()[pri:0, instance:com.tester.cases.JingDongTest@401e7803]" started-at="2020-02-07T13:34:06Z" name="crawlShopDetails" finished-at="2020-02-07T13:34:06Z" duration-ms="124" status="FAIL">
          <exception class="java.lang.RuntimeException">
            <message>
              <![CDATA[{"start_time": 1581053678, "code": -1, "msg": "失败请求返回了空结果", "end_time": 1581053678}
请求url：http://47.97.206.10/api/jd/crawlShopDetails?shop_list=[1000000925]]]>
            </message>
            <full-stacktrace>
              <![CDATA[java.lang.RuntimeException: {"start_time": 1581053678, "code": -1, "msg": "失败请求返回了空结果", "end_time": 1581053678}
请求url：http://47.97.206.10/api/jd/crawlShopDetails?shop_list=[1000000925]
	at com.tester.cases.JingDongTest.crawlShopDetails(JingDongTest.java:153)
	at java.base/jdk.internal.reflect.NativeMethodAccessorImpl.invoke0(Native Method)
	at java.base/jdk.internal.reflect.NativeMethodAccessorImpl.invoke(NativeMethodAccessorImpl.java:62)
	at java.base/jdk.internal.reflect.DelegatingMethodAccessorImpl.invoke(DelegatingMethodAccessorImpl.java:43)
	at java.base/java.lang.reflect.Method.invoke(Method.java:567)
	at org.testng.internal.MethodInvocationHelper.invokeMethod(MethodInvocationHelper.java:104)
	at org.testng.internal.Invoker.invokeMethod(Invoker.java:645)
	at org.testng.internal.Invoker.invokeTestMethod(Invoker.java:851)
	at org.testng.internal.Invoker.invokeTestMethods(Invoker.java:1177)
	at org.testng.internal.TestMethodWorker.invokeTestMethods(TestMethodWorker.java:129)
	at org.testng.internal.TestMethodWorker.run(TestMethodWorker.java:112)
	at org.testng.TestRunner.privateRun(TestRunner.java:756)
	at org.testng.TestRunner.run(TestRunner.java:610)
	at org.testng.SuiteRunner.runTest(SuiteRunner.java:387)
	at org.testng.SuiteRunner.runSequentially(SuiteRunner.java:382)
	at org.testng.SuiteRunner.privateRun(SuiteRunner.java:340)
	at org.testng.SuiteRunner.run(SuiteRunner.java:289)
	at org.testng.SuiteRunnerWorker.runSuite(SuiteRunnerWorker.java:52)
	at org.testng.SuiteRunnerWorker.run(SuiteRunnerWorker.java:86)
	at org.testng.TestNG.runSuitesSequentially(TestNG.java:1293)
	at org.testng.TestNG.runSuitesLocally(TestNG.java:1218)
	at org.testng.TestNG.runSuites(TestNG.java:1133)
	at org.testng.TestNG.run(TestNG.java:1104)
	at org.apache.maven.surefire.testng.TestNGExecutor.run(TestNGExecutor.java:282)
	at org.apache.maven.surefire.testng.TestNGXmlTestSuite.execute(TestNGXmlTestSuite.java:83)
	at org.apache.maven.surefire.testng.TestNGProvider.invoke(TestNGProvider.java:114)
	at org.apache.maven.surefire.booter.ForkedBooter.invokeProviderInSameClassLoader(ForkedBooter.java:286)
	at org.apache.maven.surefire.booter.ForkedBooter.runSuitesInProcess(ForkedBooter.java:240)
	at org.apache.maven.surefire.booter.ForkedBooter.main(ForkedBooter.java:121)
]]>
            </full-stacktrace>
          </exception> <!-- java.lang.RuntimeException -->
          <reporter-output>
          </reporter-output>
        </test-method> <!-- crawlShopDetails -->
        <test-method signature="crawlShopVenderId()[pri:0, instance:com.tester.cases.JingDongTest@401e7803]" started-at="2020-02-07T13:34:06Z" name="crawlShopVenderId" finished-at="2020-02-07T13:34:06Z" duration-ms="288" status="PASS">
          <reporter-output>
          </reporter-output>
        </test-method> <!-- crawlShopVenderId -->
        <test-method signature="crawlSkuComment()[pri:0, instance:com.tester.cases.JingDongTest@401e7803]" started-at="2020-02-07T13:34:06Z" name="crawlSkuComment" finished-at="2020-02-07T13:34:08Z" duration-ms="1648" status="PASS">
          <reporter-output>
          </reporter-output>
        </test-method> <!-- crawlSkuComment -->
        <test-method signature="crawlSkuCommentAndCount()[pri:0, instance:com.tester.cases.JingDongTest@401e7803]" started-at="2020-02-07T13:34:08Z" name="crawlSkuCommentAndCount" finished-at="2020-02-07T13:34:09Z" duration-ms="378" status="PASS">
          <reporter-output>
          </reporter-output>
        </test-method> <!-- crawlSkuCommentAndCount -->
        <test-method signature="crawlSkuPrices()[pri:0, instance:com.tester.cases.JingDongTest@401e7803]" started-at="2020-02-07T13:34:09Z" name="crawlSkuPrices" finished-at="2020-02-07T13:34:09Z" duration-ms="339" status="PASS">
          <reporter-output>
          </reporter-output>
        </test-method> <!-- crawlSkuPrices -->
      </class> <!-- com.tester.cases.JingDongTest -->
      <class name="com.tester.cases.DouyinShareTest">
        <test-method signature="user_info()[pri:0, instance:com.tester.cases.DouyinShareTest@4524411f]" started-at="2020-02-07T13:34:03Z" name="user_info" finished-at="2020-02-07T13:34:04Z" duration-ms="511" status="PASS">
          <reporter-output>
          </reporter-output>
        </test-method> <!-- user_info -->
        <test-method signature="user_video()[pri:0, instance:com.tester.cases.DouyinShareTest@4524411f]" started-at="2020-02-07T13:34:04Z" name="user_video" finished-at="2020-02-07T13:34:05Z" duration-ms="1468" status="PASS">
          <reporter-output>
          </reporter-output>
        </test-method> <!-- user_video -->
      </class> <!-- com.tester.cases.DouyinShareTest -->
      <class name="com.tester.cases.PddTest">
        <test-method signature="get_cat_id_list()[pri:0, instance:com.tester.cases.PddTest@42607a4f]" started-at="2020-02-07T13:25:41Z" name="get_cat_id_list" finished-at="2020-02-07T13:25:42Z" duration-ms="487" status="PASS">
          <reporter-output>
          </reporter-output>
        </test-method> <!-- get_cat_id_list -->
        <test-method signature="get_pdd_date()[pri:0, instance:com.tester.cases.PddTest@42607a4f]" started-at="2020-02-07T13:25:42Z" name="get_pdd_date" finished-at="2020-02-07T13:25:42Z" duration-ms="643" status="PASS">
          <reporter-output>
          </reporter-output>
        </test-method> <!-- get_pdd_date -->
      </class> <!-- com.tester.cases.PddTest -->
      <class name="com.tester.cases.XHSv2Test">
        <test-method signature="call_nums()[pri:0, instance:com.tester.cases.XHSv2Test@7276c8cd]" started-at="2020-02-07T13:26:06Z" name="call_nums" finished-at="2020-02-07T13:26:06Z" duration-ms="61" status="PASS">
          <reporter-output>
          </reporter-output>
        </test-method> <!-- call_nums -->
        <test-method signature="channel_refresh()[pri:0, instance:com.tester.cases.XHSv2Test@7276c8cd]" started-at="2020-02-07T13:26:06Z" name="channel_refresh" finished-at="2020-02-07T13:26:07Z" duration-ms="337" status="PASS">
          <reporter-output>
          </reporter-output>
        </test-method> <!-- channel_refresh -->
        <test-method signature="home_feed()[pri:0, instance:com.tester.cases.XHSv2Test@7276c8cd]" started-at="2020-02-07T13:26:07Z" name="home_feed" finished-at="2020-02-07T13:26:08Z" duration-ms="1373" status="PASS">
          <reporter-output>
          </reporter-output>
        </test-method> <!-- home_feed -->
        <test-method signature="item_comm()[pri:0, instance:com.tester.cases.XHSv2Test@7276c8cd]" started-at="2020-02-07T13:26:08Z" name="item_comm" finished-at="2020-02-07T13:26:09Z" duration-ms="1345" status="PASS">
          <reporter-output>
          </reporter-output>
        </test-method> <!-- item_comm -->
        <test-method signature="item_info()[pri:0, instance:com.tester.cases.XHSv2Test@7276c8cd]" started-at="2020-02-07T13:26:09Z" name="item_info" finished-at="2020-02-07T13:26:10Z" duration-ms="298" status="PASS">
          <reporter-output>
          </reporter-output>
        </test-method> <!-- item_info -->
        <test-method signature="item_price()[pri:0, instance:com.tester.cases.XHSv2Test@7276c8cd]" started-at="2020-02-07T13:26:10Z" name="item_price" finished-at="2020-02-07T13:26:14Z" duration-ms="4128" status="PASS">
          <reporter-output>
          </reporter-output>
        </test-method> <!-- item_price -->
        <test-method signature="item_search()[pri:0, instance:com.tester.cases.XHSv2Test@7276c8cd]" started-at="2020-02-07T13:26:14Z" name="item_search" finished-at="2020-02-07T13:26:14Z" duration-ms="462" status="PASS">
          <reporter-output>
          </reporter-output>
        </test-method> <!-- item_search -->
        <test-method signature="note_comments()[pri:0, instance:com.tester.cases.XHSv2Test@7276c8cd]" started-at="2020-02-07T13:26:14Z" name="note_comments" finished-at="2020-02-07T13:26:15Z" duration-ms="518" status="FAIL">
          <exception class="java.lang.RuntimeException">
            <message>
              <![CDATA[{"code": -1, "data": null, "msg": "xhs2 参数错误", "start_time": 1581053206, "end_time": 1581053207}
请求url：http://47.97.206.10/api/xhs_v2/note_comments?note_id=5df5d21d000000000100790c&num=10&start=5df738e200000000010091d4]]>
            </message>
            <full-stacktrace>
              <![CDATA[java.lang.RuntimeException: {"code": -1, "data": null, "msg": "xhs2 参数错误", "start_time": 1581053206, "end_time": 1581053207}
请求url：http://47.97.206.10/api/xhs_v2/note_comments?note_id=5df5d21d000000000100790c&num=10&start=5df738e200000000010091d4
	at com.tester.cases.XHSv2Test.note_comments(XHSv2Test.java:183)
	at java.base/jdk.internal.reflect.NativeMethodAccessorImpl.invoke0(Native Method)
	at java.base/jdk.internal.reflect.NativeMethodAccessorImpl.invoke(NativeMethodAccessorImpl.java:62)
	at java.base/jdk.internal.reflect.DelegatingMethodAccessorImpl.invoke(DelegatingMethodAccessorImpl.java:43)
	at java.base/java.lang.reflect.Method.invoke(Method.java:567)
	at org.testng.internal.MethodInvocationHelper.invokeMethod(MethodInvocationHelper.java:104)
	at org.testng.internal.Invoker.invokeMethod(Invoker.java:645)
	at org.testng.internal.Invoker.invokeTestMethod(Invoker.java:851)
	at org.testng.internal.Invoker.invokeTestMethods(Invoker.java:1177)
	at org.testng.internal.TestMethodWorker.invokeTestMethods(TestMethodWorker.java:129)
	at org.testng.internal.TestMethodWorker.run(TestMethodWorker.java:112)
	at org.testng.TestRunner.privateRun(TestRunner.java:756)
	at org.testng.TestRunner.run(TestRunner.java:610)
	at org.testng.SuiteRunner.runTest(SuiteRunner.java:387)
	at org.testng.SuiteRunner.runSequentially(SuiteRunner.java:382)
	at org.testng.SuiteRunner.privateRun(SuiteRunner.java:340)
	at org.testng.SuiteRunner.run(SuiteRunner.java:289)
	at org.testng.SuiteRunnerWorker.runSuite(SuiteRunnerWorker.java:52)
	at org.testng.SuiteRunnerWorker.run(SuiteRunnerWorker.java:86)
	at org.testng.TestNG.runSuitesSequentially(TestNG.java:1293)
	at org.testng.TestNG.runSuitesLocally(TestNG.java:1218)
	at org.testng.TestNG.runSuites(TestNG.java:1133)
	at org.testng.TestNG.run(TestNG.java:1104)
	at org.apache.maven.surefire.testng.TestNGExecutor.run(TestNGExecutor.java:282)
	at org.apache.maven.surefire.testng.TestNGXmlTestSuite.execute(TestNGXmlTestSuite.java:83)
	at org.apache.maven.surefire.testng.TestNGProvider.invoke(TestNGProvider.java:114)
	at org.apache.maven.surefire.booter.ForkedBooter.invokeProviderInSameClassLoader(ForkedBooter.java:286)
	at org.apache.maven.surefire.booter.ForkedBooter.runSuitesInProcess(ForkedBooter.java:240)
	at org.apache.maven.surefire.booter.ForkedBooter.main(ForkedBooter.java:121)
]]>
            </full-stacktrace>
          </exception> <!-- java.lang.RuntimeException -->
          <reporter-output>
          </reporter-output>
        </test-method> <!-- note_comments -->
        <test-method signature="note_detail()[pri:0, instance:com.tester.cases.XHSv2Test@7276c8cd]" started-at="2020-02-07T13:26:15Z" name="note_detail" finished-at="2020-02-07T13:26:31Z" duration-ms="15816" status="PASS">
          <reporter-output>
          </reporter-output>
        </test-method> <!-- note_detail -->
        <test-method signature="note_search()[pri:0, instance:com.tester.cases.XHSv2Test@7276c8cd]" started-at="2020-02-07T13:26:31Z" name="note_search" finished-at="2020-02-07T13:26:32Z" duration-ms="1260" status="PASS">
          <reporter-output>
          </reporter-output>
        </test-method> <!-- note_search -->
        <test-method signature="shop_font()[pri:0, instance:com.tester.cases.XHSv2Test@7276c8cd]" started-at="2020-02-07T13:26:32Z" name="shop_font" finished-at="2020-02-07T13:26:36Z" duration-ms="3885" status="PASS">
          <reporter-output>
          </reporter-output>
        </test-method> <!-- shop_font -->
        <test-method signature="shop_info()[pri:0, instance:com.tester.cases.XHSv2Test@7276c8cd]" started-at="2020-02-07T13:26:36Z" name="shop_info" finished-at="2020-02-07T13:26:36Z" duration-ms="707" status="PASS">
          <reporter-output>
          </reporter-output>
        </test-method> <!-- shop_info -->
        <test-method signature="shop_items()[pri:0, instance:com.tester.cases.XHSv2Test@7276c8cd]" started-at="2020-02-07T13:26:36Z" name="shop_items" finished-at="2020-02-07T13:26:37Z" duration-ms="439" status="PASS">
          <reporter-output>
          </reporter-output>
        </test-method> <!-- shop_items -->
        <test-method signature="topic_notes()[pri:0, instance:com.tester.cases.XHSv2Test@7276c8cd]" started-at="2020-02-07T13:26:37Z" name="topic_notes" finished-at="2020-02-07T13:26:38Z" duration-ms="962" status="PASS">
          <reporter-output>
          </reporter-output>
        </test-method> <!-- topic_notes -->
        <test-method signature="user_fans()[pri:0, instance:com.tester.cases.XHSv2Test@7276c8cd]" started-at="2020-02-07T13:26:38Z" name="user_fans" finished-at="2020-02-07T13:26:39Z" duration-ms="1365" status="PASS">
          <reporter-output>
          </reporter-output>
        </test-method> <!-- user_fans -->
        <test-method signature="user_focus()[pri:0, instance:com.tester.cases.XHSv2Test@7276c8cd]" started-at="2020-02-07T13:26:39Z" name="user_focus" finished-at="2020-02-07T13:26:40Z" duration-ms="946" status="PASS">
          <reporter-output>
          </reporter-output>
        </test-method> <!-- user_focus -->
        <test-method signature="user_info()[pri:0, instance:com.tester.cases.XHSv2Test@7276c8cd]" started-at="2020-02-07T13:26:40Z" name="user_info" finished-at="2020-02-07T13:26:41Z" duration-ms="376" status="PASS">
          <reporter-output>
          </reporter-output>
        </test-method> <!-- user_info -->
        <test-method signature="user_note()[pri:0, instance:com.tester.cases.XHSv2Test@7276c8cd]" started-at="2020-02-07T13:26:41Z" name="user_note" finished-at="2020-02-07T13:26:41Z" duration-ms="470" status="PASS">
          <reporter-output>
          </reporter-output>
        </test-method> <!-- user_note -->
        <test-method signature="user_video()[pri:0, instance:com.tester.cases.XHSv2Test@7276c8cd]" started-at="2020-02-07T13:26:41Z" name="user_video" finished-at="2020-02-07T13:26:42Z" duration-ms="569" status="PASS">
          <reporter-output>
          </reporter-output>
        </test-method> <!-- user_video -->
        <test-method signature="video_detail()[pri:0, instance:com.tester.cases.XHSv2Test@7276c8cd]" started-at="2020-02-07T13:26:42Z" name="video_detail" finished-at="2020-02-07T13:26:43Z" duration-ms="1405" status="PASS">
          <reporter-output>
          </reporter-output>
        </test-method> <!-- video_detail -->
      </class> <!-- com.tester.cases.XHSv2Test -->
      <class name="com.tester.cases.JingDongCPSTest">
        <test-method signature="items()[pri:0, instance:com.tester.cases.JingDongCPSTest@10dba097]" started-at="2020-02-07T13:34:09Z" name="items" finished-at="2020-02-07T13:34:10Z" duration-ms="1071" status="PASS">
          <reporter-output>
          </reporter-output>
        </test-method> <!-- items -->
        <test-method signature="shop_info()[pri:0, instance:com.tester.cases.JingDongCPSTest@10dba097]" started-at="2020-02-07T13:34:10Z" name="shop_info" finished-at="2020-02-07T13:34:11Z" duration-ms="1287" status="FAIL">
          <exception class="java.lang.RuntimeException">
            <message>
              <![CDATA[{"code": -1, "data": null, "msg": "jd_cps: 其他异常错误: Traceback (most recent call last):\n  File \"./utils/deco.py\", line 37, in wrapper\n    return func(*args, **kwargs)\n  File \"./spider/jd_cps/jd_cps_api.py\", line 139, in get_shop_info\n    r = self.request('GET', url, params=params, headers=headers)\n  File \"./spider/jd_cps/jd_cps_api.py\", line 46, in request\n    raise Exception(f'jd_cps请求重试超过最大次数: content:{content}, status_code:{status_code}')\nException: jd_cps请求重试超过最大次数: content:{\"code\":402}, status_code:200\n", "start_time": 1581053682, "end_time": 1581053683}
请求url：http://47.97.206.10/api/jd_cps/shop_info?shop_id=996822]]>
            </message>
            <full-stacktrace>
              <![CDATA[java.lang.RuntimeException: {"code": -1, "data": null, "msg": "jd_cps: 其他异常错误: Traceback (most recent call last):\n  File \"./utils/deco.py\", line 37, in wrapper\n    return func(*args, **kwargs)\n  File \"./spider/jd_cps/jd_cps_api.py\", line 139, in get_shop_info\n    r = self.request('GET', url, params=params, headers=headers)\n  File \"./spider/jd_cps/jd_cps_api.py\", line 46, in request\n    raise Exception(f'jd_cps请求重试超过最大次数: content:{content}, status_code:{status_code}')\nException: jd_cps请求重试超过最大次数: content:{\"code\":402}, status_code:200\n", "start_time": 1581053682, "end_time": 1581053683}
请求url：http://47.97.206.10/api/jd_cps/shop_info?shop_id=996822
	at com.tester.cases.JingDongCPSTest.shop_info(JingDongCPSTest.java:93)
	at java.base/jdk.internal.reflect.NativeMethodAccessorImpl.invoke0(Native Method)
	at java.base/jdk.internal.reflect.NativeMethodAccessorImpl.invoke(NativeMethodAccessorImpl.java:62)
	at java.base/jdk.internal.reflect.DelegatingMethodAccessorImpl.invoke(DelegatingMethodAccessorImpl.java:43)
	at java.base/java.lang.reflect.Method.invoke(Method.java:567)
	at org.testng.internal.MethodInvocationHelper.invokeMethod(MethodInvocationHelper.java:104)
	at org.testng.internal.Invoker.invokeMethod(Invoker.java:645)
	at org.testng.internal.Invoker.invokeTestMethod(Invoker.java:851)
	at org.testng.internal.Invoker.invokeTestMethods(Invoker.java:1177)
	at org.testng.internal.TestMethodWorker.invokeTestMethods(TestMethodWorker.java:129)
	at org.testng.internal.TestMethodWorker.run(TestMethodWorker.java:112)
	at org.testng.TestRunner.privateRun(TestRunner.java:756)
	at org.testng.TestRunner.run(TestRunner.java:610)
	at org.testng.SuiteRunner.runTest(SuiteRunner.java:387)
	at org.testng.SuiteRunner.runSequentially(SuiteRunner.java:382)
	at org.testng.SuiteRunner.privateRun(SuiteRunner.java:340)
	at org.testng.SuiteRunner.run(SuiteRunner.java:289)
	at org.testng.SuiteRunnerWorker.runSuite(SuiteRunnerWorker.java:52)
	at org.testng.SuiteRunnerWorker.run(SuiteRunnerWorker.java:86)
	at org.testng.TestNG.runSuitesSequentially(TestNG.java:1293)
	at org.testng.TestNG.runSuitesLocally(TestNG.java:1218)
	at org.testng.TestNG.runSuites(TestNG.java:1133)
	at org.testng.TestNG.run(TestNG.java:1104)
	at org.apache.maven.surefire.testng.TestNGExecutor.run(TestNGExecutor.java:282)
	at org.apache.maven.surefire.testng.TestNGXmlTestSuite.execute(TestNGXmlTestSuite.java:83)
	at org.apache.maven.surefire.testng.TestNGProvider.invoke(TestNGProvider.java:114)
	at org.apache.maven.surefire.booter.ForkedBooter.invokeProviderInSameClassLoader(ForkedBooter.java:286)
	at org.apache.maven.surefire.booter.ForkedBooter.runSuitesInProcess(ForkedBooter.java:240)
	at org.apache.maven.surefire.booter.ForkedBooter.main(ForkedBooter.java:121)
]]>
            </full-stacktrace>
          </exception> <!-- java.lang.RuntimeException -->
          <reporter-output>
          </reporter-output>
        </test-method> <!-- shop_info -->
        <test-method signature="shop_item()[pri:0, instance:com.tester.cases.JingDongCPSTest@10dba097]" started-at="2020-02-07T13:34:11Z" name="shop_item" finished-at="2020-02-07T13:34:15Z" duration-ms="3419" status="FAIL">
          <exception class="java.lang.RuntimeException">
            <message>
              <![CDATA[{"code": -1, "data": null, "msg": "jd_cps: 其他异常错误: Traceback (most recent call last):\n  File \"./utils/deco.py\", line 37, in wrapper\n    return func(*args, **kwargs)\n  File \"./spider/jd_cps/jd_cps_api.py\", line 154, in get_shop_item\n    r = self.request('GET', url, params=params, headers=headers)\n  File \"./spider/jd_cps/jd_cps_api.py\", line 46, in request\n    raise Exception(f'jd_cps请求重试超过最大次数: content:{content}, status_code:{status_code}')\nUnboundLocalError: local variable 'content' referenced before assignment\n", "start_time": 1581053683, "end_time": 1581053687}
请求url：http://47.97.206.10/api/jd_cps/shop_item?shop_id=996822&page_no=1&page_size=20]]>
            </message>
            <full-stacktrace>
              <![CDATA[java.lang.RuntimeException: {"code": -1, "data": null, "msg": "jd_cps: 其他异常错误: Traceback (most recent call last):\n  File \"./utils/deco.py\", line 37, in wrapper\n    return func(*args, **kwargs)\n  File \"./spider/jd_cps/jd_cps_api.py\", line 154, in get_shop_item\n    r = self.request('GET', url, params=params, headers=headers)\n  File \"./spider/jd_cps/jd_cps_api.py\", line 46, in request\n    raise Exception(f'jd_cps请求重试超过最大次数: content:{content}, status_code:{status_code}')\nUnboundLocalError: local variable 'content' referenced before assignment\n", "start_time": 1581053683, "end_time": 1581053687}
请求url：http://47.97.206.10/api/jd_cps/shop_item?shop_id=996822&page_no=1&page_size=20
	at com.tester.cases.JingDongCPSTest.shop_item(JingDongCPSTest.java:123)
	at java.base/jdk.internal.reflect.NativeMethodAccessorImpl.invoke0(Native Method)
	at java.base/jdk.internal.reflect.NativeMethodAccessorImpl.invoke(NativeMethodAccessorImpl.java:62)
	at java.base/jdk.internal.reflect.DelegatingMethodAccessorImpl.invoke(DelegatingMethodAccessorImpl.java:43)
	at java.base/java.lang.reflect.Method.invoke(Method.java:567)
	at org.testng.internal.MethodInvocationHelper.invokeMethod(MethodInvocationHelper.java:104)
	at org.testng.internal.Invoker.invokeMethod(Invoker.java:645)
	at org.testng.internal.Invoker.invokeTestMethod(Invoker.java:851)
	at org.testng.internal.Invoker.invokeTestMethods(Invoker.java:1177)
	at org.testng.internal.TestMethodWorker.invokeTestMethods(TestMethodWorker.java:129)
	at org.testng.internal.TestMethodWorker.run(TestMethodWorker.java:112)
	at org.testng.TestRunner.privateRun(TestRunner.java:756)
	at org.testng.TestRunner.run(TestRunner.java:610)
	at org.testng.SuiteRunner.runTest(SuiteRunner.java:387)
	at org.testng.SuiteRunner.runSequentially(SuiteRunner.java:382)
	at org.testng.SuiteRunner.privateRun(SuiteRunner.java:340)
	at org.testng.SuiteRunner.run(SuiteRunner.java:289)
	at org.testng.SuiteRunnerWorker.runSuite(SuiteRunnerWorker.java:52)
	at org.testng.SuiteRunnerWorker.run(SuiteRunnerWorker.java:86)
	at org.testng.TestNG.runSuitesSequentially(TestNG.java:1293)
	at org.testng.TestNG.runSuitesLocally(TestNG.java:1218)
	at org.testng.TestNG.runSuites(TestNG.java:1133)
	at org.testng.TestNG.run(TestNG.java:1104)
	at org.apache.maven.surefire.testng.TestNGExecutor.run(TestNGExecutor.java:282)
	at org.apache.maven.surefire.testng.TestNGXmlTestSuite.execute(TestNGXmlTestSuite.java:83)
	at org.apache.maven.surefire.testng.TestNGProvider.invoke(TestNGProvider.java:114)
	at org.apache.maven.surefire.booter.ForkedBooter.invokeProviderInSameClassLoader(ForkedBooter.java:286)
	at org.apache.maven.surefire.booter.ForkedBooter.runSuitesInProcess(ForkedBooter.java:240)
	at org.apache.maven.surefire.booter.ForkedBooter.main(ForkedBooter.java:121)
]]>
            </full-stacktrace>
          </exception> <!-- java.lang.RuntimeException -->
          <reporter-output>
          </reporter-output>
        </test-method> <!-- shop_item -->
        <test-method signature="shops()[pri:0, instance:com.tester.cases.JingDongCPSTest@10dba097]" started-at="2020-02-07T13:34:15Z" name="shops" finished-at="2020-02-07T13:34:17Z" duration-ms="2018" status="FAIL">
          <exception class="java.lang.RuntimeException">
            <message>
              <![CDATA[{"code": -1, "data": null, "msg": "jd_cps: 其他异常错误: Traceback (most recent call last):\n  File \"./utils/deco.py\", line 37, in wrapper\n    return func(*args, **kwargs)\n  File \"./spider/jd_cps/jd_cps_api.py\", line 127, in get_shops\n    r = self.request('POST', url, json=data, headers=headers)\n  File \"./spider/jd_cps/jd_cps_api.py\", line 46, in request\n    raise Exception(f'jd_cps请求重试超过最大次数: content:{content}, status_code:{status_code}')\nException: jd_cps请求重试超过最大次数: content:{\"code\":402}, status_code:200\n", "start_time": 1581053687, "end_time": 1581053689}
请求url：http://47.97.206.10/api/jd_cps/shops?page_no=1&page_size=20]]>
            </message>
            <full-stacktrace>
              <![CDATA[java.lang.RuntimeException: {"code": -1, "data": null, "msg": "jd_cps: 其他异常错误: Traceback (most recent call last):\n  File \"./utils/deco.py\", line 37, in wrapper\n    return func(*args, **kwargs)\n  File \"./spider/jd_cps/jd_cps_api.py\", line 127, in get_shops\n    r = self.request('POST', url, json=data, headers=headers)\n  File \"./spider/jd_cps/jd_cps_api.py\", line 46, in request\n    raise Exception(f'jd_cps请求重试超过最大次数: content:{content}, status_code:{status_code}')\nException: jd_cps请求重试超过最大次数: content:{\"code\":402}, status_code:200\n", "start_time": 1581053687, "end_time": 1581053689}
请求url：http://47.97.206.10/api/jd_cps/shops?page_no=1&page_size=20
	at com.tester.cases.JingDongCPSTest.shops(JingDongCPSTest.java:63)
	at java.base/jdk.internal.reflect.NativeMethodAccessorImpl.invoke0(Native Method)
	at java.base/jdk.internal.reflect.NativeMethodAccessorImpl.invoke(NativeMethodAccessorImpl.java:62)
	at java.base/jdk.internal.reflect.DelegatingMethodAccessorImpl.invoke(DelegatingMethodAccessorImpl.java:43)
	at java.base/java.lang.reflect.Method.invoke(Method.java:567)
	at org.testng.internal.MethodInvocationHelper.invokeMethod(MethodInvocationHelper.java:104)
	at org.testng.internal.Invoker.invokeMethod(Invoker.java:645)
	at org.testng.internal.Invoker.invokeTestMethod(Invoker.java:851)
	at org.testng.internal.Invoker.invokeTestMethods(Invoker.java:1177)
	at org.testng.internal.TestMethodWorker.invokeTestMethods(TestMethodWorker.java:129)
	at org.testng.internal.TestMethodWorker.run(TestMethodWorker.java:112)
	at org.testng.TestRunner.privateRun(TestRunner.java:756)
	at org.testng.TestRunner.run(TestRunner.java:610)
	at org.testng.SuiteRunner.runTest(SuiteRunner.java:387)
	at org.testng.SuiteRunner.runSequentially(SuiteRunner.java:382)
	at org.testng.SuiteRunner.privateRun(SuiteRunner.java:340)
	at org.testng.SuiteRunner.run(SuiteRunner.java:289)
	at org.testng.SuiteRunnerWorker.runSuite(SuiteRunnerWorker.java:52)
	at org.testng.SuiteRunnerWorker.run(SuiteRunnerWorker.java:86)
	at org.testng.TestNG.runSuitesSequentially(TestNG.java:1293)
	at org.testng.TestNG.runSuitesLocally(TestNG.java:1218)
	at org.testng.TestNG.runSuites(TestNG.java:1133)
	at org.testng.TestNG.run(TestNG.java:1104)
	at org.apache.maven.surefire.testng.TestNGExecutor.run(TestNGExecutor.java:282)
	at org.apache.maven.surefire.testng.TestNGXmlTestSuite.execute(TestNGXmlTestSuite.java:83)
	at org.apache.maven.surefire.testng.TestNGProvider.invoke(TestNGProvider.java:114)
	at org.apache.maven.surefire.booter.ForkedBooter.invokeProviderInSameClassLoader(ForkedBooter.java:286)
	at org.apache.maven.surefire.booter.ForkedBooter.runSuitesInProcess(ForkedBooter.java:240)
	at org.apache.maven.surefire.booter.ForkedBooter.main(ForkedBooter.java:121)
]]>
            </full-stacktrace>
          </exception> <!-- java.lang.RuntimeException -->
          <reporter-output>
          </reporter-output>
        </test-method> <!-- shops -->
      </class> <!-- com.tester.cases.JingDongCPSTest -->
      <class name="com.tester.cases.XHSv1Test">
        <test-method signature="home_feed()[pri:0, instance:com.tester.cases.XHSv1Test@6ec8211c]" started-at="2020-02-07T13:25:45Z" name="home_feed" finished-at="2020-02-07T13:26:00Z" duration-ms="15818" status="PASS">
          <reporter-output>
          </reporter-output>
        </test-method> <!-- home_feed -->
        <test-method signature="note_comments()[pri:0, instance:com.tester.cases.XHSv1Test@6ec8211c]" started-at="2020-02-07T13:26:00Z" name="note_comments" finished-at="2020-02-07T13:26:01Z" duration-ms="526" status="PASS">
          <reporter-output>
          </reporter-output>
        </test-method> <!-- note_comments -->
        <test-method signature="note_detail()[pri:0, instance:com.tester.cases.XHSv1Test@6ec8211c]" started-at="2020-02-07T13:26:01Z" name="note_detail" finished-at="2020-02-07T13:26:02Z" duration-ms="724" status="PASS">
          <reporter-output>
          </reporter-output>
        </test-method> <!-- note_detail -->
        <test-method signature="user_fans()[pri:0, instance:com.tester.cases.XHSv1Test@6ec8211c]" started-at="2020-02-07T13:26:02Z" name="user_fans" finished-at="2020-02-07T13:26:03Z" duration-ms="1531" status="PASS">
          <reporter-output>
          </reporter-output>
        </test-method> <!-- user_fans -->
        <test-method signature="user_focus()[pri:0, instance:com.tester.cases.XHSv1Test@6ec8211c]" started-at="2020-02-07T13:26:03Z" name="user_focus" finished-at="2020-02-07T13:26:04Z" duration-ms="508" status="PASS">
          <reporter-output>
          </reporter-output>
        </test-method> <!-- user_focus -->
        <test-method signature="user_info()[pri:0, instance:com.tester.cases.XHSv1Test@6ec8211c]" started-at="2020-02-07T13:26:04Z" name="user_info" finished-at="2020-02-07T13:26:04Z" duration-ms="488" status="PASS">
          <reporter-output>
          </reporter-output>
        </test-method> <!-- user_info -->
        <test-method signature="user_note()[pri:0, instance:com.tester.cases.XHSv1Test@6ec8211c]" started-at="2020-02-07T13:26:04Z" name="user_note" finished-at="2020-02-07T13:26:05Z" duration-ms="307" status="FAIL">
          <exception class="java.lang.RuntimeException">
            <message>
              <![CDATA[{"code": -1, "data": null, "msg": "xhs1 参数错误", "start_time": 1581053196, "end_time": 1581053197}
请求url：http://47.97.206.10/api/xhs_v1/user_note?user_id=5a73c5fa4eacab4c4ccc9778&page=1&page_size=10]]>
            </message>
            <full-stacktrace>
              <![CDATA[java.lang.RuntimeException: {"code": -1, "data": null, "msg": "xhs1 参数错误", "start_time": 1581053196, "end_time": 1581053197}
请求url：http://47.97.206.10/api/xhs_v1/user_note?user_id=5a73c5fa4eacab4c4ccc9778&page=1&page_size=10
	at com.tester.cases.XHSv1Test.user_note(XHSv1Test.java:93)
	at java.base/jdk.internal.reflect.NativeMethodAccessorImpl.invoke0(Native Method)
	at java.base/jdk.internal.reflect.NativeMethodAccessorImpl.invoke(NativeMethodAccessorImpl.java:62)
	at java.base/jdk.internal.reflect.DelegatingMethodAccessorImpl.invoke(DelegatingMethodAccessorImpl.java:43)
	at java.base/java.lang.reflect.Method.invoke(Method.java:567)
	at org.testng.internal.MethodInvocationHelper.invokeMethod(MethodInvocationHelper.java:104)
	at org.testng.internal.Invoker.invokeMethod(Invoker.java:645)
	at org.testng.internal.Invoker.invokeTestMethod(Invoker.java:851)
	at org.testng.internal.Invoker.invokeTestMethods(Invoker.java:1177)
	at org.testng.internal.TestMethodWorker.invokeTestMethods(TestMethodWorker.java:129)
	at org.testng.internal.TestMethodWorker.run(TestMethodWorker.java:112)
	at org.testng.TestRunner.privateRun(TestRunner.java:756)
	at org.testng.TestRunner.run(TestRunner.java:610)
	at org.testng.SuiteRunner.runTest(SuiteRunner.java:387)
	at org.testng.SuiteRunner.runSequentially(SuiteRunner.java:382)
	at org.testng.SuiteRunner.privateRun(SuiteRunner.java:340)
	at org.testng.SuiteRunner.run(SuiteRunner.java:289)
	at org.testng.SuiteRunnerWorker.runSuite(SuiteRunnerWorker.java:52)
	at org.testng.SuiteRunnerWorker.run(SuiteRunnerWorker.java:86)
	at org.testng.TestNG.runSuitesSequentially(TestNG.java:1293)
	at org.testng.TestNG.runSuitesLocally(TestNG.java:1218)
	at org.testng.TestNG.runSuites(TestNG.java:1133)
	at org.testng.TestNG.run(TestNG.java:1104)
	at org.apache.maven.surefire.testng.TestNGExecutor.run(TestNGExecutor.java:282)
	at org.apache.maven.surefire.testng.TestNGXmlTestSuite.execute(TestNGXmlTestSuite.java:83)
	at org.apache.maven.surefire.testng.TestNGProvider.invoke(TestNGProvider.java:114)
	at org.apache.maven.surefire.booter.ForkedBooter.invokeProviderInSameClassLoader(ForkedBooter.java:286)
	at org.apache.maven.surefire.booter.ForkedBooter.runSuitesInProcess(ForkedBooter.java:240)
	at org.apache.maven.surefire.booter.ForkedBooter.main(ForkedBooter.java:121)
]]>
            </full-stacktrace>
          </exception> <!-- java.lang.RuntimeException -->
          <reporter-output>
          </reporter-output>
        </test-method> <!-- user_note -->
        <test-method signature="user_video()[pri:0, instance:com.tester.cases.XHSv1Test@6ec8211c]" started-at="2020-02-07T13:26:05Z" name="user_video" finished-at="2020-02-07T13:26:05Z" duration-ms="790" status="PASS">
          <reporter-output>
          </reporter-output>
        </test-method> <!-- user_video -->
        <test-method signature="video_detail()[pri:0, instance:com.tester.cases.XHSv1Test@6ec8211c]" started-at="2020-02-07T13:26:05Z" name="video_detail" finished-at="2020-02-07T13:26:06Z" duration-ms="869" status="PASS">
          <reporter-output>
          </reporter-output>
        </test-method> <!-- video_detail -->
      </class> <!-- com.tester.cases.XHSv1Test -->
    </test> <!-- Test -->
  </suite> <!-- Suite -->
</testng-results>
