<?xml version="1.0" encoding="UTF-8"?>
<!-- Generated by org.testng.reporters.JUnitReportReporter -->
<testsuite ignored="0" hostname="yaokaideMacBook-Pro.local" failures="0" tests="8" name="com.tester.cases.JingDongTest" time="3.645" errors="2" timestamp="07 Feb 2020 05:35:51 GMT" skipped="0">
  <testcase classname="com.tester.cases.JingDongTest" name="crawlCommentsCounts" time="0.476"/>
  <testcase classname="com.tester.cases.JingDongTest" name="crawlPageByBrandName" time="0.092">
    <error message="{&quot;start_time&quot;: 1581053678, &quot;code&quot;: -1, &quot;msg&quot;: &quot;失败请求返回了空结果&quot;, &quot;end_time&quot;: 1581053678}
请求url：http://47.97.206.10/api/jd/crawlPageByBrandName?brandName=三星" type="java.lang.RuntimeException">
      <![CDATA[java.lang.RuntimeException: {"start_time": 1581053678, "code": -1, "msg": "失败请求返回了空结果", "end_time": 1581053678}
请求url：http://47.97.206.10/api/jd/crawlPageByBrandName?brandName=三星
	at com.tester.cases.JingDongTest.crawlPageByBrandName(JingDongTest.java:63)
	at java.base/jdk.internal.reflect.NativeMethodAccessorImpl.invoke0(Native Method)
	at java.base/jdk.internal.reflect.NativeMethodAccessorImpl.invoke(NativeMethodAccessorImpl.java:62)
	at java.base/jdk.internal.reflect.DelegatingMethodAccessorImpl.invoke(DelegatingMethodAccessorImpl.java:43)
	at java.base/java.lang.reflect.Method.invoke(Method.java:567)
	at org.testng.internal.MethodInvocationHelper.invokeMethod(MethodInvocationHelper.java:104)
	at org.testng.internal.Invoker.invokeMethod(Invoker.java:645)
	at org.testng.internal.Invoker.invokeTestMethod(Invoker.java:851)
	at org.testng.internal.Invoker.invokeTestMethods(Invoker.java:1177)
	at org.testng.internal.TestMethodWorker.invokeTestMethods(TestMethodWorker.java:129)
	at org.testng.internal.TestMethodWorker.run(TestMethodWorker.java:112)
	at org.testng.TestRunner.privateRun(TestRunner.java:756)
	at org.testng.TestRunner.run(TestRunner.java:610)
	at org.testng.SuiteRunner.runTest(SuiteRunner.java:387)
	at org.testng.SuiteRunner.runSequentially(SuiteRunner.java:382)
	at org.testng.SuiteRunner.privateRun(SuiteRunner.java:340)
	at org.testng.SuiteRunner.run(SuiteRunner.java:289)
	at org.testng.SuiteRunnerWorker.runSuite(SuiteRunnerWorker.java:52)
	at org.testng.SuiteRunnerWorker.run(SuiteRunnerWorker.java:86)
	at org.testng.TestNG.runSuitesSequentially(TestNG.java:1293)
	at org.testng.TestNG.runSuitesLocally(TestNG.java:1218)
	at org.testng.TestNG.runSuites(TestNG.java:1133)
	at org.testng.TestNG.run(TestNG.java:1104)
	at org.apache.maven.surefire.testng.TestNGExecutor.run(TestNGExecutor.java:282)
	at org.apache.maven.surefire.testng.TestNGXmlTestSuite.execute(TestNGXmlTestSuite.java:83)
	at org.apache.maven.surefire.testng.TestNGProvider.invoke(TestNGProvider.java:114)
	at org.apache.maven.surefire.booter.ForkedBooter.invokeProviderInSameClassLoader(ForkedBooter.java:286)
	at org.apache.maven.surefire.booter.ForkedBooter.runSuitesInProcess(ForkedBooter.java:240)
	at org.apache.maven.surefire.booter.ForkedBooter.main(ForkedBooter.java:121)
]]>
    </error>
  </testcase> <!-- crawlPageByBrandName -->
  <testcase classname="com.tester.cases.JingDongTest" name="crawlShopDetails" time="0.124">
    <error message="{&quot;start_time&quot;: 1581053678, &quot;code&quot;: -1, &quot;msg&quot;: &quot;失败请求返回了空结果&quot;, &quot;end_time&quot;: 1581053678}
请求url：http://47.97.206.10/api/jd/crawlShopDetails?shop_list=[1000000925]" type="java.lang.RuntimeException">
      <![CDATA[java.lang.RuntimeException: {"start_time": 1581053678, "code": -1, "msg": "失败请求返回了空结果", "end_time": 1581053678}
请求url：http://47.97.206.10/api/jd/crawlShopDetails?shop_list=[1000000925]
	at com.tester.cases.JingDongTest.crawlShopDetails(JingDongTest.java:153)
	at java.base/jdk.internal.reflect.NativeMethodAccessorImpl.invoke0(Native Method)
	at java.base/jdk.internal.reflect.NativeMethodAccessorImpl.invoke(NativeMethodAccessorImpl.java:62)
	at java.base/jdk.internal.reflect.DelegatingMethodAccessorImpl.invoke(DelegatingMethodAccessorImpl.java:43)
	at java.base/java.lang.reflect.Method.invoke(Method.java:567)
	at org.testng.internal.MethodInvocationHelper.invokeMethod(MethodInvocationHelper.java:104)
	at org.testng.internal.Invoker.invokeMethod(Invoker.java:645)
	at org.testng.internal.Invoker.invokeTestMethod(Invoker.java:851)
	at org.testng.internal.Invoker.invokeTestMethods(Invoker.java:1177)
	at org.testng.internal.TestMethodWorker.invokeTestMethods(TestMethodWorker.java:129)
	at org.testng.internal.TestMethodWorker.run(TestMethodWorker.java:112)
	at org.testng.TestRunner.privateRun(TestRunner.java:756)
	at org.testng.TestRunner.run(TestRunner.java:610)
	at org.testng.SuiteRunner.runTest(SuiteRunner.java:387)
	at org.testng.SuiteRunner.runSequentially(SuiteRunner.java:382)
	at org.testng.SuiteRunner.privateRun(SuiteRunner.java:340)
	at org.testng.SuiteRunner.run(SuiteRunner.java:289)
	at org.testng.SuiteRunnerWorker.runSuite(SuiteRunnerWorker.java:52)
	at org.testng.SuiteRunnerWorker.run(SuiteRunnerWorker.java:86)
	at org.testng.TestNG.runSuitesSequentially(TestNG.java:1293)
	at org.testng.TestNG.runSuitesLocally(TestNG.java:1218)
	at org.testng.TestNG.runSuites(TestNG.java:1133)
	at org.testng.TestNG.run(TestNG.java:1104)
	at org.apache.maven.surefire.testng.TestNGExecutor.run(TestNGExecutor.java:282)
	at org.apache.maven.surefire.testng.TestNGXmlTestSuite.execute(TestNGXmlTestSuite.java:83)
	at org.apache.maven.surefire.testng.TestNGProvider.invoke(TestNGProvider.java:114)
	at org.apache.maven.surefire.booter.ForkedBooter.invokeProviderInSameClassLoader(ForkedBooter.java:286)
	at org.apache.maven.surefire.booter.ForkedBooter.runSuitesInProcess(ForkedBooter.java:240)
	at org.apache.maven.surefire.booter.ForkedBooter.main(ForkedBooter.java:121)
]]>
    </error>
  </testcase> <!-- crawlShopDetails -->
  <testcase classname="com.tester.cases.JingDongTest" name="crawlShopVenderId" time="0.288"/>
  <testcase classname="com.tester.cases.JingDongTest" name="crawlSkuCommentAndCount" time="0.378"/>
  <testcase classname="com.tester.cases.JingDongTest" name="crawlSkuPrices" time="0.339"/>
  <testcase classname="com.tester.cases.JingDongTest" name="crawlSkuComment" time="1.648"/>
  <testcase classname="com.tester.cases.JingDongTest" name="crawlPageShopProducts" time="0.300"/>
</testsuite> <!-- com.tester.cases.JingDongTest -->
