<?xml version="1.0" encoding="UTF-8"?>
<!-- Generated by org.testng.reporters.JUnitReportReporter -->
<testsuite ignored="0" hostname="yaokaideMacBook-Pro.local" failures="0" tests="20" name="com.tester.cases.XHSv2Test" time="36.722" errors="1" timestamp="07 Feb 2020 05:35:52 GMT" skipped="0">
  <testcase classname="com.tester.cases.XHSv2Test" name="shop_items" time="0.439"/>
  <testcase classname="com.tester.cases.XHSv2Test" name="call_nums" time="0.061"/>
  <testcase classname="com.tester.cases.XHSv2Test" name="note_comments" time="0.518">
    <error message="{&quot;code&quot;: -1, &quot;data&quot;: null, &quot;msg&quot;: &quot;xhs2 参数错误&quot;, &quot;start_time&quot;: 1581053206, &quot;end_time&quot;: 1581053207}
请求url：http://47.97.206.10/api/xhs_v2/note_comments?note_id=5df5d21d000000000100790c&amp;num=10&amp;start=5df738e200000000010091d4" type="java.lang.RuntimeException">
      <![CDATA[java.lang.RuntimeException: {"code": -1, "data": null, "msg": "xhs2 参数错误", "start_time": 1581053206, "end_time": 1581053207}
请求url：http://47.97.206.10/api/xhs_v2/note_comments?note_id=5df5d21d000000000100790c&num=10&start=5df738e200000000010091d4
	at com.tester.cases.XHSv2Test.note_comments(XHSv2Test.java:183)
	at java.base/jdk.internal.reflect.NativeMethodAccessorImpl.invoke0(Native Method)
	at java.base/jdk.internal.reflect.NativeMethodAccessorImpl.invoke(NativeMethodAccessorImpl.java:62)
	at java.base/jdk.internal.reflect.DelegatingMethodAccessorImpl.invoke(DelegatingMethodAccessorImpl.java:43)
	at java.base/java.lang.reflect.Method.invoke(Method.java:567)
	at org.testng.internal.MethodInvocationHelper.invokeMethod(MethodInvocationHelper.java:104)
	at org.testng.internal.Invoker.invokeMethod(Invoker.java:645)
	at org.testng.internal.Invoker.invokeTestMethod(Invoker.java:851)
	at org.testng.internal.Invoker.invokeTestMethods(Invoker.java:1177)
	at org.testng.internal.TestMethodWorker.invokeTestMethods(TestMethodWorker.java:129)
	at org.testng.internal.TestMethodWorker.run(TestMethodWorker.java:112)
	at org.testng.TestRunner.privateRun(TestRunner.java:756)
	at org.testng.TestRunner.run(TestRunner.java:610)
	at org.testng.SuiteRunner.runTest(SuiteRunner.java:387)
	at org.testng.SuiteRunner.runSequentially(SuiteRunner.java:382)
	at org.testng.SuiteRunner.privateRun(SuiteRunner.java:340)
	at org.testng.SuiteRunner.run(SuiteRunner.java:289)
	at org.testng.SuiteRunnerWorker.runSuite(SuiteRunnerWorker.java:52)
	at org.testng.SuiteRunnerWorker.run(SuiteRunnerWorker.java:86)
	at org.testng.TestNG.runSuitesSequentially(TestNG.java:1293)
	at org.testng.TestNG.runSuitesLocally(TestNG.java:1218)
	at org.testng.TestNG.runSuites(TestNG.java:1133)
	at org.testng.TestNG.run(TestNG.java:1104)
	at org.apache.maven.surefire.testng.TestNGExecutor.run(TestNGExecutor.java:282)
	at org.apache.maven.surefire.testng.TestNGXmlTestSuite.execute(TestNGXmlTestSuite.java:83)
	at org.apache.maven.surefire.testng.TestNGProvider.invoke(TestNGProvider.java:114)
	at org.apache.maven.surefire.booter.ForkedBooter.invokeProviderInSameClassLoader(ForkedBooter.java:286)
	at org.apache.maven.surefire.booter.ForkedBooter.runSuitesInProcess(ForkedBooter.java:240)
	at org.apache.maven.surefire.booter.ForkedBooter.main(ForkedBooter.java:121)
]]>
    </error>
  </testcase> <!-- note_comments -->
  <testcase classname="com.tester.cases.XHSv2Test" name="topic_notes" time="0.962"/>
  <testcase classname="com.tester.cases.XHSv2Test" name="item_comm" time="1.345"/>
  <testcase classname="com.tester.cases.XHSv2Test" name="video_detail" time="1.405"/>
  <testcase classname="com.tester.cases.XHSv2Test" name="item_info" time="0.298"/>
  <testcase classname="com.tester.cases.XHSv2Test" name="user_fans" time="1.365"/>
  <testcase classname="com.tester.cases.XHSv2Test" name="note_search" time="1.260"/>
  <testcase classname="com.tester.cases.XHSv2Test" name="user_video" time="0.569"/>
  <testcase classname="com.tester.cases.XHSv2Test" name="item_search" time="0.462"/>
  <testcase classname="com.tester.cases.XHSv2Test" name="user_note" time="0.470"/>
  <testcase classname="com.tester.cases.XHSv2Test" name="home_feed" time="1.373"/>
  <testcase classname="com.tester.cases.XHSv2Test" name="item_price" time="4.128"/>
  <testcase classname="com.tester.cases.XHSv2Test" name="user_info" time="0.376"/>
  <testcase classname="com.tester.cases.XHSv2Test" name="note_detail" time="15.816"/>
  <testcase classname="com.tester.cases.XHSv2Test" name="channel_refresh" time="0.337"/>
  <testcase classname="com.tester.cases.XHSv2Test" name="shop_info" time="0.707"/>
  <testcase classname="com.tester.cases.XHSv2Test" name="shop_font" time="3.885"/>
  <testcase classname="com.tester.cases.XHSv2Test" name="user_focus" time="0.946"/>
</testsuite> <!-- com.tester.cases.XHSv2Test -->
