<?xml version="1.0" encoding="UTF-8"?>
<!-- Generated by org.testng.reporters.JUnitReportReporter -->
<testsuite ignored="0" hostname="yaokaideMacBook-Pro.local" failures="0" tests="24" name="com.tester.cases.DouyinTest" time="80.057" errors="2" timestamp="07 Feb 2020 05:35:52 GMT" skipped="0">
  <testcase classname="com.tester.cases.DouyinTest" name="get_video_comment_list" time="3.327"/>
  <testcase classname="com.tester.cases.DouyinTest" name="get_video_search" time="2.469"/>
  <testcase classname="com.tester.cases.DouyinTest" name="get_hot_video_list" time="2.466"/>
  <testcase classname="com.tester.cases.DouyinTest" name="get_share_video_detail" time="9.366">
    <error message="{&quot;start_time&quot;: 1581053270, &quot;code&quot;: -1, &quot;msg&quot;: &quot;失败&quot;, &quot;end_time&quot;: 1581053279}
请求url：http://47.97.206.10/api/douyin/get_share_video_detail?url=http://v.douyin.com/UyrYGY/" type="java.lang.RuntimeException">
      <![CDATA[java.lang.RuntimeException: {"start_time": 1581053270, "code": -1, "msg": "失败", "end_time": 1581053279}
请求url：http://47.97.206.10/api/douyin/get_share_video_detail?url=http://v.douyin.com/UyrYGY/
	at com.tester.cases.DouyinTest.get_share_video_detail(DouyinTest.java:63)
	at java.base/jdk.internal.reflect.NativeMethodAccessorImpl.invoke0(Native Method)
	at java.base/jdk.internal.reflect.NativeMethodAccessorImpl.invoke(NativeMethodAccessorImpl.java:62)
	at java.base/jdk.internal.reflect.DelegatingMethodAccessorImpl.invoke(DelegatingMethodAccessorImpl.java:43)
	at java.base/java.lang.reflect.Method.invoke(Method.java:567)
	at org.testng.internal.MethodInvocationHelper.invokeMethod(MethodInvocationHelper.java:104)
	at org.testng.internal.Invoker.invokeMethod(Invoker.java:645)
	at org.testng.internal.Invoker.invokeTestMethod(Invoker.java:851)
	at org.testng.internal.Invoker.invokeTestMethods(Invoker.java:1177)
	at org.testng.internal.TestMethodWorker.invokeTestMethods(TestMethodWorker.java:129)
	at org.testng.internal.TestMethodWorker.run(TestMethodWorker.java:112)
	at org.testng.TestRunner.privateRun(TestRunner.java:756)
	at org.testng.TestRunner.run(TestRunner.java:610)
	at org.testng.SuiteRunner.runTest(SuiteRunner.java:387)
	at org.testng.SuiteRunner.runSequentially(SuiteRunner.java:382)
	at org.testng.SuiteRunner.privateRun(SuiteRunner.java:340)
	at org.testng.SuiteRunner.run(SuiteRunner.java:289)
	at org.testng.SuiteRunnerWorker.runSuite(SuiteRunnerWorker.java:52)
	at org.testng.SuiteRunnerWorker.run(SuiteRunnerWorker.java:86)
	at org.testng.TestNG.runSuitesSequentially(TestNG.java:1293)
	at org.testng.TestNG.runSuitesLocally(TestNG.java:1218)
	at org.testng.TestNG.runSuites(TestNG.java:1133)
	at org.testng.TestNG.run(TestNG.java:1104)
	at org.apache.maven.surefire.testng.TestNGExecutor.run(TestNGExecutor.java:282)
	at org.apache.maven.surefire.testng.TestNGXmlTestSuite.execute(TestNGXmlTestSuite.java:83)
	at org.apache.maven.surefire.testng.TestNGProvider.invoke(TestNGProvider.java:114)
	at org.apache.maven.surefire.booter.ForkedBooter.invokeProviderInSameClassLoader(ForkedBooter.java:286)
	at org.apache.maven.surefire.booter.ForkedBooter.runSuitesInProcess(ForkedBooter.java:240)
	at org.apache.maven.surefire.booter.ForkedBooter.main(ForkedBooter.java:121)
]]>
    </error>
  </testcase> <!-- get_share_video_detail -->
  <testcase classname="com.tester.cases.DouyinTest" name="get_feed" time="9.063"/>
  <testcase classname="com.tester.cases.DouyinTest" name="get_general_search_ret" time="2.515"/>
  <testcase classname="com.tester.cases.DouyinTest" name="get_video_detail" time="8.814"/>
  <testcase classname="com.tester.cases.DouyinTest" name="get_user_info" time="2.506"/>
  <testcase classname="com.tester.cases.DouyinTest" name="get_user_search" time="1.792"/>
  <testcase classname="com.tester.cases.DouyinTest" name="get_webcast_room_info" time="0.567"/>
  <testcase classname="com.tester.cases.DouyinTest" name="get_hot_category_list" time="7.171"/>
  <testcase classname="com.tester.cases.DouyinTest" name="get_music_videos" time="1.708"/>
  <testcase classname="com.tester.cases.DouyinTest" name="get_webcast_ranklist" time="0.593"/>
  <testcase classname="com.tester.cases.DouyinTest" name="get_music_detail" time="1.452"/>
  <testcase classname="com.tester.cases.DouyinTest" name="get_user_following_list" time="1.738"/>
  <testcase classname="com.tester.cases.DouyinTest" name="get_webcast_user_info" time="0.631"/>
  <testcase classname="com.tester.cases.DouyinTest" name="get_user_post" time="1.536"/>
  <testcase classname="com.tester.cases.DouyinTest" name="get_user_follower_list" time="1.877"/>
  <testcase classname="com.tester.cases.DouyinTest" name="get_hot_positive_energy_list" time="1.857"/>
  <testcase classname="com.tester.cases.DouyinTest" name="get_promotion_list" time="1.657"/>
  <testcase classname="com.tester.cases.DouyinTest" name="get_hot_search_list" time="2.384"/>
  <testcase classname="com.tester.cases.DouyinTest" name="get_nearby_feed" time="2.737"/>
  <testcase classname="com.tester.cases.DouyinTest" name="get_user_forward_list" time="10.261">
    <error message="{&quot;start_time&quot;: 1581053283, &quot;code&quot;: -1, &quot;msg&quot;: &quot;失败&quot;, &quot;end_time&quot;: 1581053293}
请求url：http://47.97.206.10/api/douyin/get_user_forward_list?user_id=102388086611&amp;max_cursor=0&amp;count=20" type="java.lang.RuntimeException">
      <![CDATA[java.lang.RuntimeException: {"start_time": 1581053283, "code": -1, "msg": "失败", "end_time": 1581053293}
请求url：http://47.97.206.10/api/douyin/get_user_forward_list?user_id=102388086611&max_cursor=0&count=20
	at com.tester.cases.DouyinTest.get_user_forward_list(DouyinTest.java:183)
	at java.base/jdk.internal.reflect.NativeMethodAccessorImpl.invoke0(Native Method)
	at java.base/jdk.internal.reflect.NativeMethodAccessorImpl.invoke(NativeMethodAccessorImpl.java:62)
	at java.base/jdk.internal.reflect.DelegatingMethodAccessorImpl.invoke(DelegatingMethodAccessorImpl.java:43)
	at java.base/java.lang.reflect.Method.invoke(Method.java:567)
	at org.testng.internal.MethodInvocationHelper.invokeMethod(MethodInvocationHelper.java:104)
	at org.testng.internal.Invoker.invokeMethod(Invoker.java:645)
	at org.testng.internal.Invoker.invokeTestMethod(Invoker.java:851)
	at org.testng.internal.Invoker.invokeTestMethods(Invoker.java:1177)
	at org.testng.internal.TestMethodWorker.invokeTestMethods(TestMethodWorker.java:129)
	at org.testng.internal.TestMethodWorker.run(TestMethodWorker.java:112)
	at org.testng.TestRunner.privateRun(TestRunner.java:756)
	at org.testng.TestRunner.run(TestRunner.java:610)
	at org.testng.SuiteRunner.runTest(SuiteRunner.java:387)
	at org.testng.SuiteRunner.runSequentially(SuiteRunner.java:382)
	at org.testng.SuiteRunner.privateRun(SuiteRunner.java:340)
	at org.testng.SuiteRunner.run(SuiteRunner.java:289)
	at org.testng.SuiteRunnerWorker.runSuite(SuiteRunnerWorker.java:52)
	at org.testng.SuiteRunnerWorker.run(SuiteRunnerWorker.java:86)
	at org.testng.TestNG.runSuitesSequentially(TestNG.java:1293)
	at org.testng.TestNG.runSuitesLocally(TestNG.java:1218)
	at org.testng.TestNG.runSuites(TestNG.java:1133)
	at org.testng.TestNG.run(TestNG.java:1104)
	at org.apache.maven.surefire.testng.TestNGExecutor.run(TestNGExecutor.java:282)
	at org.apache.maven.surefire.testng.TestNGXmlTestSuite.execute(TestNGXmlTestSuite.java:83)
	at org.apache.maven.surefire.testng.TestNGProvider.invoke(TestNGProvider.java:114)
	at org.apache.maven.surefire.booter.ForkedBooter.invokeProviderInSameClassLoader(ForkedBooter.java:286)
	at org.apache.maven.surefire.booter.ForkedBooter.runSuitesInProcess(ForkedBooter.java:240)
	at org.apache.maven.surefire.booter.ForkedBooter.main(ForkedBooter.java:121)
]]>
    </error>
  </testcase> <!-- get_user_forward_list -->
  <testcase classname="com.tester.cases.DouyinTest" name="get_hot_music_list" time="1.570"/>
</testsuite> <!-- com.tester.cases.DouyinTest -->
