<?xml version="1.0" encoding="UTF-8"?>
<!-- Generated by org.testng.reporters.JUnitReportReporter -->
<testsuite ignored="0" hostname="yaokaideMacBook-Pro.local" failures="0" tests="24" name="com.tester.cases.DouyinLiteTest" time="266.470" errors="3" timestamp="07 Feb 2020 05:35:51 GMT" skipped="0">
  <testcase classname="com.tester.cases.DouyinLiteTest" name="get_user_forward_list" time="2.665"/>
  <testcase classname="com.tester.cases.DouyinLiteTest" name="get_share_video_detail" time="2.082"/>
  <testcase classname="com.tester.cases.DouyinLiteTest" name="get_video_detail" time="100.071">
    <error message="syntax error, pos 1, json : &lt;!DOCTYPE html&gt;
&lt;html&gt;
&lt;head&gt;
&lt;title&gt;Error&lt;/title&gt;
&lt;style&gt;
    body {
        width: 35em;
        margin: 0 auto;
        font-family: Tahoma, Verdana, Arial, sans-serif;
    }
&lt;/style&gt;
&lt;/head&gt;
&lt;body&gt;
&lt;h1&gt;An error occurred.&lt;/h1&gt;
&lt;p&gt;Sorry, the page you are looking for is currently unavailable.&lt;br/&gt;
Please try again later.&lt;/p&gt;
&lt;p&gt;If you are the system administrator of this resource then you should check
the &lt;a href=&quot;http://nginx.org/r/error_log&quot;&gt;error log&lt;/a&gt; for details.&lt;/p&gt;
&lt;p&gt;&lt;em&gt;Faithfully yours, nginx.&lt;/em&gt;&lt;/p&gt;
&lt;/body&gt;
&lt;/html&gt;
" type="com.alibaba.fastjson.JSONException">
      <![CDATA[com.alibaba.fastjson.JSONException: syntax error, pos 1, json : <!DOCTYPE html>
<html>
<head>
<title>Error</title>
<style>
    body {
        width: 35em;
        margin: 0 auto;
        font-family: Tahoma, Verdana, Arial, sans-serif;
    }
</style>
</head>
<body>
<h1>An error occurred.</h1>
<p>Sorry, the page you are looking for is currently unavailable.<br/>
Please try again later.</p>
<p>If you are the system administrator of this resource then you should check
the <a href="http://nginx.org/r/error_log">error log</a> for details.</p>
<p><em>Faithfully yours, nginx.</em></p>
</body>
</html>

	at com.alibaba.fastjson.parser.DefaultJSONParser.parse(DefaultJSONParser.java:1436)
	at com.alibaba.fastjson.parser.DefaultJSONParser.parse(DefaultJSONParser.java:1322)
	at com.alibaba.fastjson.JSON.parse(JSON.java:152)
	at com.alibaba.fastjson.JSON.parse(JSON.java:162)
	at com.alibaba.fastjson.JSON.parse(JSON.java:131)
	at com.alibaba.fastjson.JSON.parseObject(JSON.java:223)
	at com.tester.cases.DouyinLiteTest.get_video_detail(DouyinLiteTest.java:536)
	at java.base/jdk.internal.reflect.NativeMethodAccessorImpl.invoke0(Native Method)
	at java.base/jdk.internal.reflect.NativeMethodAccessorImpl.invoke(NativeMethodAccessorImpl.java:62)
	at java.base/jdk.internal.reflect.DelegatingMethodAccessorImpl.invoke(DelegatingMethodAccessorImpl.java:43)
	at java.base/java.lang.reflect.Method.invoke(Method.java:567)
	at org.testng.internal.MethodInvocationHelper.invokeMethod(MethodInvocationHelper.java:104)
	at org.testng.internal.Invoker.invokeMethod(Invoker.java:645)
	at org.testng.internal.Invoker.invokeTestMethod(Invoker.java:851)
	at org.testng.internal.Invoker.invokeTestMethods(Invoker.java:1177)
	at org.testng.internal.TestMethodWorker.invokeTestMethods(TestMethodWorker.java:129)
	at org.testng.internal.TestMethodWorker.run(TestMethodWorker.java:112)
	at org.testng.TestRunner.privateRun(TestRunner.java:756)
	at org.testng.TestRunner.run(TestRunner.java:610)
	at org.testng.SuiteRunner.runTest(SuiteRunner.java:387)
	at org.testng.SuiteRunner.runSequentially(SuiteRunner.java:382)
	at org.testng.SuiteRunner.privateRun(SuiteRunner.java:340)
	at org.testng.SuiteRunner.run(SuiteRunner.java:289)
	at org.testng.SuiteRunnerWorker.runSuite(SuiteRunnerWorker.java:52)
	at org.testng.SuiteRunnerWorker.run(SuiteRunnerWorker.java:86)
	at org.testng.TestNG.runSuitesSequentially(TestNG.java:1293)
	at org.testng.TestNG.runSuitesLocally(TestNG.java:1218)
	at org.testng.TestNG.runSuites(TestNG.java:1133)
	at org.testng.TestNG.run(TestNG.java:1104)
	at org.apache.maven.surefire.testng.TestNGExecutor.run(TestNGExecutor.java:282)
	at org.apache.maven.surefire.testng.TestNGXmlTestSuite.execute(TestNGXmlTestSuite.java:83)
	at org.apache.maven.surefire.testng.TestNGProvider.invoke(TestNGProvider.java:114)
	at org.apache.maven.surefire.booter.ForkedBooter.invokeProviderInSameClassLoader(ForkedBooter.java:286)
	at org.apache.maven.surefire.booter.ForkedBooter.runSuitesInProcess(ForkedBooter.java:240)
	at org.apache.maven.surefire.booter.ForkedBooter.main(ForkedBooter.java:121)
]]>
    </error>
  </testcase> <!-- get_video_detail -->
  <testcase classname="com.tester.cases.DouyinLiteTest" name="get_user_search" time="4.532"/>
  <testcase classname="com.tester.cases.DouyinLiteTest" name="get_user_following_list" time="1.890"/>
  <testcase classname="com.tester.cases.DouyinLiteTest" name="get_feed" time="2.937"/>
  <testcase classname="com.tester.cases.DouyinLiteTest" name="get_hot_music_list" time="3.924"/>
  <testcase classname="com.tester.cases.DouyinLiteTest" name="get_user_post" time="5.284"/>
  <testcase classname="com.tester.cases.DouyinLiteTest" name="get_hot_search_list" time="2.179"/>
  <testcase classname="com.tester.cases.DouyinLiteTest" name="get_webcast_ranklist" time="0.651"/>
  <testcase classname="com.tester.cases.DouyinLiteTest" name="get_webcast_room_info" time="0.443">
    <error message="{&quot;start_time&quot;: 1581053580, &quot;code&quot;: -1, &quot;msg&quot;: &quot;失败&quot;, &quot;end_time&quot;: 1581053581}
请求url：http://47.97.206.10/api/douyin_lite/get_webcast_room_info?room_id=6731613896211188484" type="java.lang.RuntimeException">
      <![CDATA[java.lang.RuntimeException: {"start_time": 1581053580, "code": -1, "msg": "失败", "end_time": 1581053581}
请求url：http://47.97.206.10/api/douyin_lite/get_webcast_room_info?room_id=6731613896211188484
	at com.tester.cases.DouyinLiteTest.get_webcast_room_info(DouyinLiteTest.java:665)
	at java.base/jdk.internal.reflect.NativeMethodAccessorImpl.invoke0(Native Method)
	at java.base/jdk.internal.reflect.NativeMethodAccessorImpl.invoke(NativeMethodAccessorImpl.java:62)
	at java.base/jdk.internal.reflect.DelegatingMethodAccessorImpl.invoke(DelegatingMethodAccessorImpl.java:43)
	at java.base/java.lang.reflect.Method.invoke(Method.java:567)
	at org.testng.internal.MethodInvocationHelper.invokeMethod(MethodInvocationHelper.java:104)
	at org.testng.internal.Invoker.invokeMethod(Invoker.java:645)
	at org.testng.internal.Invoker.invokeTestMethod(Invoker.java:851)
	at org.testng.internal.Invoker.invokeTestMethods(Invoker.java:1177)
	at org.testng.internal.TestMethodWorker.invokeTestMethods(TestMethodWorker.java:129)
	at org.testng.internal.TestMethodWorker.run(TestMethodWorker.java:112)
	at org.testng.TestRunner.privateRun(TestRunner.java:756)
	at org.testng.TestRunner.run(TestRunner.java:610)
	at org.testng.SuiteRunner.runTest(SuiteRunner.java:387)
	at org.testng.SuiteRunner.runSequentially(SuiteRunner.java:382)
	at org.testng.SuiteRunner.privateRun(SuiteRunner.java:340)
	at org.testng.SuiteRunner.run(SuiteRunner.java:289)
	at org.testng.SuiteRunnerWorker.runSuite(SuiteRunnerWorker.java:52)
	at org.testng.SuiteRunnerWorker.run(SuiteRunnerWorker.java:86)
	at org.testng.TestNG.runSuitesSequentially(TestNG.java:1293)
	at org.testng.TestNG.runSuitesLocally(TestNG.java:1218)
	at org.testng.TestNG.runSuites(TestNG.java:1133)
	at org.testng.TestNG.run(TestNG.java:1104)
	at org.apache.maven.surefire.testng.TestNGExecutor.run(TestNGExecutor.java:282)
	at org.apache.maven.surefire.testng.TestNGXmlTestSuite.execute(TestNGXmlTestSuite.java:83)
	at org.apache.maven.surefire.testng.TestNGProvider.invoke(TestNGProvider.java:114)
	at org.apache.maven.surefire.booter.ForkedBooter.invokeProviderInSameClassLoader(ForkedBooter.java:286)
	at org.apache.maven.surefire.booter.ForkedBooter.runSuitesInProcess(ForkedBooter.java:240)
	at org.apache.maven.surefire.booter.ForkedBooter.main(ForkedBooter.java:121)
]]>
    </error>
  </testcase> <!-- get_webcast_room_info -->
  <testcase classname="com.tester.cases.DouyinLiteTest" name="get_hot_category_list" time="7.909"/>
  <testcase classname="com.tester.cases.DouyinLiteTest" name="get_hot_positive_energy_list" time="1.795"/>
  <testcase classname="com.tester.cases.DouyinLiteTest" name="get_promotion_list" time="2.743"/>
  <testcase classname="com.tester.cases.DouyinLiteTest" name="get_video_comment_list" time="2.854"/>
  <testcase classname="com.tester.cases.DouyinLiteTest" name="get_user_follower_list" time="1.727"/>
  <testcase classname="com.tester.cases.DouyinLiteTest" name="get_video_search" time="2.318"/>
  <testcase classname="com.tester.cases.DouyinLiteTest" name="get_hot_video_list" time="6.062"/>
  <testcase classname="com.tester.cases.DouyinLiteTest" name="get_webcast_user_info" time="0.888"/>
  <testcase classname="com.tester.cases.DouyinLiteTest" name="get_user_info" time="100.080">
    <error message="syntax error, pos 1, json : &lt;!DOCTYPE html&gt;
&lt;html&gt;
&lt;head&gt;
&lt;title&gt;Error&lt;/title&gt;
&lt;style&gt;
    body {
        width: 35em;
        margin: 0 auto;
        font-family: Tahoma, Verdana, Arial, sans-serif;
    }
&lt;/style&gt;
&lt;/head&gt;
&lt;body&gt;
&lt;h1&gt;An error occurred.&lt;/h1&gt;
&lt;p&gt;Sorry, the page you are looking for is currently unavailable.&lt;br/&gt;
Please try again later.&lt;/p&gt;
&lt;p&gt;If you are the system administrator of this resource then you should check
the &lt;a href=&quot;http://nginx.org/r/error_log&quot;&gt;error log&lt;/a&gt; for details.&lt;/p&gt;
&lt;p&gt;&lt;em&gt;Faithfully yours, nginx.&lt;/em&gt;&lt;/p&gt;
&lt;/body&gt;
&lt;/html&gt;
" type="com.alibaba.fastjson.JSONException">
      <![CDATA[com.alibaba.fastjson.JSONException: syntax error, pos 1, json : <!DOCTYPE html>
<html>
<head>
<title>Error</title>
<style>
    body {
        width: 35em;
        margin: 0 auto;
        font-family: Tahoma, Verdana, Arial, sans-serif;
    }
</style>
</head>
<body>
<h1>An error occurred.</h1>
<p>Sorry, the page you are looking for is currently unavailable.<br/>
Please try again later.</p>
<p>If you are the system administrator of this resource then you should check
the <a href="http://nginx.org/r/error_log">error log</a> for details.</p>
<p><em>Faithfully yours, nginx.</em></p>
</body>
</html>

	at com.alibaba.fastjson.parser.DefaultJSONParser.parse(DefaultJSONParser.java:1436)
	at com.alibaba.fastjson.parser.DefaultJSONParser.parse(DefaultJSONParser.java:1322)
	at com.alibaba.fastjson.JSON.parse(JSON.java:152)
	at com.alibaba.fastjson.JSON.parse(JSON.java:162)
	at com.alibaba.fastjson.JSON.parse(JSON.java:131)
	at com.alibaba.fastjson.JSON.parseObject(JSON.java:223)
	at com.tester.cases.DouyinLiteTest.get_user_info(DouyinLiteTest.java:115)
	at java.base/jdk.internal.reflect.NativeMethodAccessorImpl.invoke0(Native Method)
	at java.base/jdk.internal.reflect.NativeMethodAccessorImpl.invoke(NativeMethodAccessorImpl.java:62)
	at java.base/jdk.internal.reflect.DelegatingMethodAccessorImpl.invoke(DelegatingMethodAccessorImpl.java:43)
	at java.base/java.lang.reflect.Method.invoke(Method.java:567)
	at org.testng.internal.MethodInvocationHelper.invokeMethod(MethodInvocationHelper.java:104)
	at org.testng.internal.Invoker.invokeMethod(Invoker.java:645)
	at org.testng.internal.Invoker.invokeTestMethod(Invoker.java:851)
	at org.testng.internal.Invoker.invokeTestMethods(Invoker.java:1177)
	at org.testng.internal.TestMethodWorker.invokeTestMethods(TestMethodWorker.java:129)
	at org.testng.internal.TestMethodWorker.run(TestMethodWorker.java:112)
	at org.testng.TestRunner.privateRun(TestRunner.java:756)
	at org.testng.TestRunner.run(TestRunner.java:610)
	at org.testng.SuiteRunner.runTest(SuiteRunner.java:387)
	at org.testng.SuiteRunner.runSequentially(SuiteRunner.java:382)
	at org.testng.SuiteRunner.privateRun(SuiteRunner.java:340)
	at org.testng.SuiteRunner.run(SuiteRunner.java:289)
	at org.testng.SuiteRunnerWorker.runSuite(SuiteRunnerWorker.java:52)
	at org.testng.SuiteRunnerWorker.run(SuiteRunnerWorker.java:86)
	at org.testng.TestNG.runSuitesSequentially(TestNG.java:1293)
	at org.testng.TestNG.runSuitesLocally(TestNG.java:1218)
	at org.testng.TestNG.runSuites(TestNG.java:1133)
	at org.testng.TestNG.run(TestNG.java:1104)
	at org.apache.maven.surefire.testng.TestNGExecutor.run(TestNGExecutor.java:282)
	at org.apache.maven.surefire.testng.TestNGXmlTestSuite.execute(TestNGXmlTestSuite.java:83)
	at org.apache.maven.surefire.testng.TestNGProvider.invoke(TestNGProvider.java:114)
	at org.apache.maven.surefire.booter.ForkedBooter.invokeProviderInSameClassLoader(ForkedBooter.java:286)
	at org.apache.maven.surefire.booter.ForkedBooter.runSuitesInProcess(ForkedBooter.java:240)
	at org.apache.maven.surefire.booter.ForkedBooter.main(ForkedBooter.java:121)
]]>
    </error>
  </testcase> <!-- get_user_info -->
  <testcase classname="com.tester.cases.DouyinLiteTest" name="get_general_search_ret" time="5.969"/>
  <testcase classname="com.tester.cases.DouyinLiteTest" name="get_nearby_feed" time="2.665"/>
  <testcase classname="com.tester.cases.DouyinLiteTest" name="get_music_detail" time="2.603"/>
  <testcase classname="com.tester.cases.DouyinLiteTest" name="get_music_videos" time="2.199"/>
</testsuite> <!-- com.tester.cases.DouyinLiteTest -->
